<?xml version="1.0" encoding="UTF-8"?>
<robot generator="Robot 3.2.2 (Python 3.9.1 on win32)" generated="20210327 10:43:34.910" rpa="false">
<suite id="s1" name="Bill Cycle" source="C:\Users\shajuam\Music\Test_Cases\Bill_Cycle.robot">
<kw name="Login To Bill Cycle Website" library="Bill_Cycle_Resource" type="setup">
<kw name="Login To website" library="Common_Resource">
<kw name="Open Browser" library="Selenium2Library">
<doc>Opens a new browser instance to the optional ``url``.</doc>
<arguments>
<arg>${URL}</arg>
<arg>${browser}</arg>
</arguments>
<msg timestamp="20210327 10:43:36.189" level="INFO">Opening browser 'gc' to base url 'https://eur03.safelinks.protection.outlook.com/?url=http%3A%2F%2Fdcbs.cluster1.devtestlab2.tecnotree.com%2Fngb-ui%2F&amp;data=04%7C01%7CAmal.Shaju%40tecnotree.com%7C16d57dacc5dc497e7db408d8c7482859%7C176a79e7ee0947d9b51fcadf37972564%7C0%7C0%7C637478460463072885%7CUnknown%7CTWFpbGZsb3d8eyJWIjoiMC4wLjAwMDAiLCJQIjoiV2luMzIiLCJBTiI6Ik1haWwiLCJXVCI6Mn0%3D%7C1000&amp;sdata=bxudawN6VRWjT4w%2F%2F9Obp%2FL67Ceorn6X6iDPfsdVApo%3D&amp;reserved=0'.</msg>
<status status="PASS" starttime="20210327 10:43:36.189" endtime="20210327 10:43:44.696"></status>
</kw>
<kw name="Set Selenium Implicit Wait" library="Selenium2Library">
<doc>Sets the implicit wait value used by Selenium.</doc>
<arguments>
<arg>10s</arg>
</arguments>
<status status="PASS" starttime="20210327 10:43:44.696" endtime="20210327 10:43:44.698"></status>
</kw>
<kw name="Maximize Browser Window" library="Selenium2Library">
<doc>Maximizes current browser window.</doc>
<status status="PASS" starttime="20210327 10:43:44.698" endtime="20210327 10:43:44.837"></status>
</kw>
<kw name="Input Text" library="Selenium2Library">
<doc>Types the given ``text`` into the text field identified by ``locator``.</doc>
<arguments>
<arg>${XPATH_TO_USERNAME_TEXTBOX}</arg>
<arg>${USER_ID}</arg>
</arguments>
<msg timestamp="20210327 10:43:44.837" level="INFO">Typing text 'collections' into text field 'username'.</msg>
<status status="PASS" starttime="20210327 10:43:44.837" endtime="20210327 10:43:46.909"></status>
</kw>
<kw name="Input Text" library="Selenium2Library">
<doc>Types the given ``text`` into the text field identified by ``locator``.</doc>
<arguments>
<arg>${XPATH_TO_PASSWORD_TEXTBOX}</arg>
<arg>${PASSWORD}</arg>
</arguments>
<msg timestamp="20210327 10:43:46.911" level="INFO">Typing text 'Tecnotree@123' into text field 'password'.</msg>
<status status="PASS" starttime="20210327 10:43:46.910" endtime="20210327 10:43:47.005"></status>
</kw>
<kw name="Click Element" library="Selenium2Library">
<doc>Click the element identified by ``locator``.</doc>
<arguments>
<arg>${LOGIN_SUBMIT BUTTON}</arg>
</arguments>
<msg timestamp="20210327 10:43:47.005" level="INFO">Clicking element '//input[@class="btn btn-primary"]'.</msg>
<status status="PASS" starttime="20210327 10:43:47.005" endtime="20210327 10:43:51.707"></status>
</kw>
<status status="PASS" starttime="20210327 10:43:36.189" endtime="20210327 10:43:51.707"></status>
</kw>
<kw name="Initialize Random Variables for Bill Cycle" library="Bill_Cycle_Resource">
<kw name="Generate Random String" library="String">
<doc>Generates a string with a desired ``length`` from the given ``chars``.</doc>
<arguments>
<arg>15</arg>
</arguments>
<assign>
<var>${RANDOM_CYCLE_NAME}</var>
</assign>
<msg timestamp="20210327 10:43:51.708" level="INFO">${RANDOM_CYCLE_NAME} = qUjLhAq4oD2udkx</msg>
<status status="PASS" starttime="20210327 10:43:51.707" endtime="20210327 10:43:51.708"></status>
</kw>
<kw name="Set Global Variable" library="BuiltIn">
<doc>Makes a variable available globally in all tests and suites.</doc>
<arguments>
<arg>${RANDOM_CYCLE_NAME}</arg>
</arguments>
<msg timestamp="20210327 10:43:51.708" level="INFO">${RANDOM_CYCLE_NAME} = qUjLhAq4oD2udkx</msg>
<status status="PASS" starttime="20210327 10:43:51.708" endtime="20210327 10:43:51.708"></status>
</kw>
<kw name="Generate Random String" library="String">
<doc>Generates a string with a desired ``length`` from the given ``chars``.</doc>
<arguments>
<arg>15</arg>
</arguments>
<assign>
<var>${RANDOM_EDIT_NAME}</var>
</assign>
<msg timestamp="20210327 10:43:51.708" level="INFO">${RANDOM_EDIT_NAME} = TVQGa9i8uAUQ00S</msg>
<status status="PASS" starttime="20210327 10:43:51.708" endtime="20210327 10:43:51.708"></status>
</kw>
<kw name="Set Global Variable" library="BuiltIn">
<doc>Makes a variable available globally in all tests and suites.</doc>
<arguments>
<arg>${RANDOM_EDIT_NAME}</arg>
</arguments>
<msg timestamp="20210327 10:43:51.709" level="INFO">${RANDOM_EDIT_NAME} = TVQGa9i8uAUQ00S</msg>
<status status="PASS" starttime="20210327 10:43:51.708" endtime="20210327 10:43:51.709"></status>
</kw>
<status status="PASS" starttime="20210327 10:43:51.707" endtime="20210327 10:43:51.709"></status>
</kw>
<status status="PASS" starttime="20210327 10:43:36.188" endtime="20210327 10:43:51.709"></status>
</kw>
<test id="s1-t1" name="Bill_Cycle_Test">
<kw name="New Bill Generation">
<arguments>
<arg>${RANDOM_CYCLE_NAME}</arg>
<arg>biMonthly</arg>
<arg>5</arg>
<arg>6</arg>
<arg>Personal</arg>
<arg>${RANDOM_EDIT_NAME}</arg>
<arg>Personal</arg>
<arg>Pass</arg>
<arg>Pass</arg>
</arguments>
<kw name="New bill cycle" library="Bill_Cycle_Resource">
<kw name="Bill_Cycle_Setup" library="Bill_Cycle_Resource">
<kw name="Setup" library="Common_Resource">
<kw name="Reload Page" library="Selenium2Library">
<doc>Simulates user reloading page.</doc>
<status status="PASS" starttime="20210327 10:43:51.714" endtime="20210327 10:43:52.114"></status>
</kw>
<kw name="Set Selenium Implicit Wait" library="Selenium2Library">
<doc>Sets the implicit wait value used by Selenium.</doc>
<arguments>
<arg>10s</arg>
</arguments>
<status status="PASS" starttime="20210327 10:43:52.114" endtime="20210327 10:43:52.116"></status>
</kw>
<kw name="Click Element" library="Selenium2Library">
<doc>Click the element identified by ``locator``.</doc>
<arguments>
<arg>${CONFIGURATION}</arg>
</arguments>
<msg timestamp="20210327 10:43:52.117" level="INFO">Clicking element '//a[@class="ng-scope"]'.</msg>
<status status="PASS" starttime="20210327 10:43:52.117" endtime="20210327 10:43:53.423"></status>
</kw>
<status status="PASS" starttime="20210327 10:43:51.713" endtime="20210327 10:43:53.423"></status>
</kw>
<kw name="Click Element" library="Selenium2Library">
<doc>Click the element identified by ``locator``.</doc>
<arguments>
<arg>${BILLING_CYCLE}</arg>
</arguments>
<msg timestamp="20210327 10:43:53.424" level="INFO">Clicking element '//a[@translate="Billing Cycles"]'.</msg>
<status status="PASS" starttime="20210327 10:43:53.424" endtime="20210327 10:43:54.927"></status>
</kw>
<status status="PASS" starttime="20210327 10:43:51.712" endtime="20210327 10:43:54.927"></status>
</kw>
<kw name="Click Element" library="Selenium2Library">
<doc>Click the element identified by ``locator``.</doc>
<arguments>
<arg>${NEW_BILL_CYCLE}</arg>
</arguments>
<msg timestamp="20210327 10:43:54.928" level="INFO">Clicking element '//button[@class="btn btn-primary btn-xs"]'.</msg>
<status status="PASS" starttime="20210327 10:43:54.928" endtime="20210327 10:43:55.060"></status>
</kw>
<status status="PASS" starttime="20210327 10:43:51.711" endtime="20210327 10:43:55.060"></status>
</kw>
<kw name="Initialize Random Variables for Bill Cycle" library="Bill_Cycle_Resource">
<kw name="Generate Random String" library="String">
<doc>Generates a string with a desired ``length`` from the given ``chars``.</doc>
<arguments>
<arg>15</arg>
</arguments>
<assign>
<var>${RANDOM_CYCLE_NAME}</var>
</assign>
<msg timestamp="20210327 10:43:55.061" level="INFO">${RANDOM_CYCLE_NAME} = d4EfbGhoP2QNyTe</msg>
<status status="PASS" starttime="20210327 10:43:55.061" endtime="20210327 10:43:55.061"></status>
</kw>
<kw name="Set Global Variable" library="BuiltIn">
<doc>Makes a variable available globally in all tests and suites.</doc>
<arguments>
<arg>${RANDOM_CYCLE_NAME}</arg>
</arguments>
<msg timestamp="20210327 10:43:55.062" level="INFO">${RANDOM_CYCLE_NAME} = d4EfbGhoP2QNyTe</msg>
<status status="PASS" starttime="20210327 10:43:55.062" endtime="20210327 10:43:55.063"></status>
</kw>
<kw name="Generate Random String" library="String">
<doc>Generates a string with a desired ``length`` from the given ``chars``.</doc>
<arguments>
<arg>15</arg>
</arguments>
<assign>
<var>${RANDOM_EDIT_NAME}</var>
</assign>
<msg timestamp="20210327 10:43:55.064" level="INFO">${RANDOM_EDIT_NAME} = y1gDokcEJGvQKbV</msg>
<status status="PASS" starttime="20210327 10:43:55.063" endtime="20210327 10:43:55.064"></status>
</kw>
<kw name="Set Global Variable" library="BuiltIn">
<doc>Makes a variable available globally in all tests and suites.</doc>
<arguments>
<arg>${RANDOM_EDIT_NAME}</arg>
</arguments>
<msg timestamp="20210327 10:43:55.065" level="INFO">${RANDOM_EDIT_NAME} = y1gDokcEJGvQKbV</msg>
<status status="PASS" starttime="20210327 10:43:55.064" endtime="20210327 10:43:55.065"></status>
</kw>
<status status="PASS" starttime="20210327 10:43:55.060" endtime="20210327 10:43:55.066"></status>
</kw>
<kw name="Give input to new bill cycle" library="Bill_Cycle_Resource">
<arguments>
<arg>${CYCLE_NAME}</arg>
<arg>${PERIODICITY}</arg>
<arg>${START_DATE}</arg>
<arg>${START_MONTH}</arg>
<arg>${CUSTOMER_TYPE}</arg>
</arguments>
<kw name="Input Text" library="Selenium2Library">
<doc>Types the given ``text`` into the text field identified by ``locator``.</doc>
<arguments>
<arg>${XPATH_TO_CYCLE_NAME_TEXTBOX}</arg>
<arg>${CYCLE_NAME}</arg>
</arguments>
<msg timestamp="20210327 10:43:55.067" level="INFO">Typing text 'qUjLhAq4oD2udkx' into text field '//input[@name="configname"]'.</msg>
<status status="PASS" starttime="20210327 10:43:55.067" endtime="20210327 10:43:55.869"></status>
</kw>
<kw name="Select From List By Label" library="Selenium2Library">
<doc>Selects options from selection list ``locator`` by ``labels``.</doc>
<arguments>
<arg>${XPATH_TO_PERIODICITY_TEXTBOX}</arg>
<arg>${PERIODICITY}</arg>
</arguments>
<msg timestamp="20210327 10:43:55.871" level="INFO">Selecting options from selection list '//select[@ng-change='resetbimonthly()']' by label biMonthly.</msg>
<status status="PASS" starttime="20210327 10:43:55.869" endtime="20210327 10:43:56.068"></status>
</kw>
<kw name="Select From List By Label" library="Selenium2Library">
<doc>Selects options from selection list ``locator`` by ``labels``.</doc>
<arguments>
<arg>${XPATH_TO_START_DATE_TEXTBOX}</arg>
<arg>${START_DATE}</arg>
</arguments>
<msg timestamp="20210327 10:43:56.070" level="INFO">Selecting options from selection list '//select[@name='starts']' by label 5.</msg>
<status status="PASS" starttime="20210327 10:43:56.069" endtime="20210327 10:43:56.226"></status>
</kw>
<kw name="Select From List By Label" library="Selenium2Library">
<doc>Selects options from selection list ``locator`` by ``labels``.</doc>
<arguments>
<arg>${XPATH_TO_START_MONTH_TEXTBOX}</arg>
<arg>${START_MONTH}</arg>
</arguments>
<msg timestamp="20210327 10:43:56.226" level="INFO">Selecting options from selection list '//select[@name='startsFrom']' by label 6.</msg>
<status status="PASS" starttime="20210327 10:43:56.226" endtime="20210327 10:43:56.359"></status>
</kw>
<kw name="Select From List By Label" library="Selenium2Library">
<doc>Selects options from selection list ``locator`` by ``labels``.</doc>
<arguments>
<arg>${XPATH_TO_CUSTOMER_TYPE_TEXTBOX}</arg>
<arg>${CUSTOMER_TYPE}</arg>
</arguments>
<msg timestamp="20210327 10:43:56.360" level="INFO">Selecting options from selection list '//select[@name='customerType']' by label Personal.</msg>
<status status="PASS" starttime="20210327 10:43:56.359" endtime="20210327 10:43:56.493"></status>
</kw>
<kw name="Click Element" library="Selenium2Library">
<doc>Click the element identified by ``locator``.</doc>
<arguments>
<arg>${SAVE}</arg>
</arguments>
<msg timestamp="20210327 10:43:56.494" level="INFO">Clicking element '//*[text()='Save']'.</msg>
<status status="PASS" starttime="20210327 10:43:56.493" endtime="20210327 10:43:56.551"></status>
</kw>
<status status="PASS" starttime="20210327 10:43:55.066" endtime="20210327 10:43:56.551"></status>
</kw>
<kw name="Wait Until Page Contains" library="Selenium2Library">
<doc>Waits until ``text`` appears on the current page.</doc>
<arguments>
<arg>${${EXPECTED_TEXT_TO_VERIFY_NEW_BILL}}</arg>
</arguments>
<status status="PASS" starttime="20210327 10:43:56.551" endtime="20210327 10:43:56.842"></status>
</kw>
<kw name="Run Keyword If" library="BuiltIn">
<doc>Runs the given keyword with the given arguments, if ``condition`` is true.</doc>
<arguments>
<arg>'${EXPECTED_TEXT_TO_VERIFY_NEW_BILL}'=='Pass'</arg>
<arg>Edit Verify &amp;Audit</arg>
<arg>${CYCLE_NAME}</arg>
<arg>${PERIODICITY}</arg>
<arg>${START_DATE}</arg>
<arg>${CUSTOMER_TYPE}</arg>
<arg>${NEW_CYCLE_NAME}</arg>
<arg>${NEW_CUSTOMER_TYPE}</arg>
<arg>${EXPECTED_TEXT_TO_VERIFY}</arg>
</arguments>
<kw name="Edit Verify &amp;Audit" library="Bill_Cycle_Resource">
<arguments>
<arg>${CYCLE_NAME}</arg>
<arg>${PERIODICITY}</arg>
<arg>${START_DATE}</arg>
<arg>${CUSTOMER_TYPE}</arg>
<arg>${NEW_CYCLE_NAME}</arg>
<arg>${NEW_CUSTOMER_TYPE}</arg>
<arg>${EXPECTED_TEXT_TO_VERIFY}</arg>
</arguments>
<kw name="Verification" library="Bill_Cycle_Resource">
<arguments>
<arg>${CYCLE_NAME}</arg>
<arg>${PERIODICITY}</arg>
<arg>${START_DATE}</arg>
<arg>${CUSTOMER_TYPE}</arg>
</arguments>
<kw name="Bill_Cycle_Setup" library="Bill_Cycle_Resource">
<kw name="Setup" library="Common_Resource">
<kw name="Reload Page" library="Selenium2Library">
<doc>Simulates user reloading page.</doc>
<status status="PASS" starttime="20210327 10:43:56.848" endtime="20210327 10:43:56.864"></status>
</kw>
<kw name="Set Selenium Implicit Wait" library="Selenium2Library">
<doc>Sets the implicit wait value used by Selenium.</doc>
<arguments>
<arg>10s</arg>
</arguments>
<status status="PASS" starttime="20210327 10:43:56.866" endtime="20210327 10:43:56.868"></status>
</kw>
<kw name="Click Element" library="Selenium2Library">
<doc>Click the element identified by ``locator``.</doc>
<arguments>
<arg>${CONFIGURATION}</arg>
</arguments>
<msg timestamp="20210327 10:43:56.869" level="INFO">Clicking element '//a[@class="ng-scope"]'.</msg>
<status status="PASS" starttime="20210327 10:43:56.868" endtime="20210327 10:43:58.029"></status>
</kw>
<status status="PASS" starttime="20210327 10:43:56.847" endtime="20210327 10:43:58.029"></status>
</kw>
<kw name="Click Element" library="Selenium2Library">
<doc>Click the element identified by ``locator``.</doc>
<arguments>
<arg>${BILLING_CYCLE}</arg>
</arguments>
<msg timestamp="20210327 10:43:58.029" level="INFO">Clicking element '//a[@translate="Billing Cycles"]'.</msg>
<status status="PASS" starttime="20210327 10:43:58.029" endtime="20210327 10:43:58.898"></status>
</kw>
<status status="PASS" starttime="20210327 10:43:56.847" endtime="20210327 10:43:58.899"></status>
</kw>
<kw name="Wait Until Page Contains" library="Selenium2Library">
<doc>Waits until ``text`` appears on the current page.</doc>
<arguments>
<arg>${CYCLE_NAME}</arg>
</arguments>
<status status="PASS" starttime="20210327 10:43:58.899" endtime="20210327 10:43:58.924"></status>
</kw>
<kw name="Element Should Contain" library="Selenium2Library">
<doc>Verifies that element ``locator`` contains text ``expected``.</doc>
<arguments>
<arg>${XPATH_TO_VERIFY_PERIODICITY}</arg>
<arg>${PERIODICITY}</arg>
</arguments>
<msg timestamp="20210327 10:43:58.966" level="INFO">Element '//td[@data-mobile-label="Periodicity"][1]' contains text 'biMonthly'.</msg>
<status status="PASS" starttime="20210327 10:43:58.924" endtime="20210327 10:43:58.967"></status>
</kw>
<kw name="Element Should Contain" library="Selenium2Library">
<doc>Verifies that element ``locator`` contains text ``expected``.</doc>
<arguments>
<arg>${XPATH_TO_VERIFY_START_DATE}</arg>
<arg>${START_DATE}</arg>
</arguments>
<msg timestamp="20210327 10:43:59.015" level="INFO">Element '//td[@data-mobile-label="StartsDay"][1]' contains text '5'.</msg>
<status status="PASS" starttime="20210327 10:43:58.967" endtime="20210327 10:43:59.015"></status>
</kw>
<kw name="Element Should Contain" library="Selenium2Library">
<doc>Verifies that element ``locator`` contains text ``expected``.</doc>
<arguments>
<arg>${XPATH_TO_VERIFY_CUSTOMER_TYPE}</arg>
<arg>${CUSTOMER_TYPE}</arg>
</arguments>
<msg timestamp="20210327 10:43:59.067" level="INFO">Element '//td[@data-mobile-label="Customer Type"][1]' contains text 'Personal'.</msg>
<status status="PASS" starttime="20210327 10:43:59.016" endtime="20210327 10:43:59.068"></status>
</kw>
<status status="PASS" starttime="20210327 10:43:56.845" endtime="20210327 10:43:59.069"></status>
</kw>
<kw name="Auditing the new bill" library="Bill_Cycle_Resource">
<arguments>
<arg>${CYCLE_NAME}</arg>
<arg>${CUSTOMER_TYPE}</arg>
</arguments>
<kw name="Audit click" library="Bill_Cycle_Resource">
<kw name="Bill_Cycle_Setup" library="Bill_Cycle_Resource">
<kw name="Setup" library="Common_Resource">
<kw name="Reload Page" library="Selenium2Library">
<doc>Simulates user reloading page.</doc>
<status status="PASS" starttime="20210327 10:43:59.074" endtime="20210327 10:43:59.083"></status>
</kw>
<kw name="Set Selenium Implicit Wait" library="Selenium2Library">
<doc>Sets the implicit wait value used by Selenium.</doc>
<arguments>
<arg>10s</arg>
</arguments>
<status status="PASS" starttime="20210327 10:43:59.083" endtime="20210327 10:43:59.086"></status>
</kw>
<kw name="Click Element" library="Selenium2Library">
<doc>Click the element identified by ``locator``.</doc>
<arguments>
<arg>${CONFIGURATION}</arg>
</arguments>
<msg timestamp="20210327 10:43:59.088" level="INFO">Clicking element '//a[@class="ng-scope"]'.</msg>
<status status="PASS" starttime="20210327 10:43:59.088" endtime="20210327 10:44:00.721"></status>
</kw>
<status status="PASS" starttime="20210327 10:43:59.074" endtime="20210327 10:44:00.721"></status>
</kw>
<kw name="Click Element" library="Selenium2Library">
<doc>Click the element identified by ``locator``.</doc>
<arguments>
<arg>${BILLING_CYCLE}</arg>
</arguments>
<msg timestamp="20210327 10:44:00.722" level="INFO">Clicking element '//a[@translate="Billing Cycles"]'.</msg>
<status status="PASS" starttime="20210327 10:44:00.721" endtime="20210327 10:44:01.692"></status>
</kw>
<status status="PASS" starttime="20210327 10:43:59.072" endtime="20210327 10:44:01.692"></status>
</kw>
<kw name="Click Element" library="Selenium2Library">
<doc>Click the element identified by ``locator``.</doc>
<arguments>
<arg>${XPATH_TO_AUDIT_BUTTON}</arg>
</arguments>
<msg timestamp="20210327 10:44:01.692" level="INFO">Clicking element '//a[@ng-click="showAuditLog(item); $event.stopPropagation()"][1]'.</msg>
<status status="PASS" starttime="20210327 10:44:01.692" endtime="20210327 10:44:01.779"></status>
</kw>
<kw name="Set Selenium Implicit Wait" library="Selenium2Library">
<doc>Sets the implicit wait value used by Selenium.</doc>
<arguments>
<arg>10s</arg>
</arguments>
<status status="PASS" starttime="20210327 10:44:01.779" endtime="20210327 10:44:01.780"></status>
</kw>
<kw name="Click Element" library="Selenium2Library">
<doc>Click the element identified by ``locator``.</doc>
<arguments>
<arg>${XPATH_TO_DROPDOWN_BUTTON}</arg>
</arguments>
<msg timestamp="20210327 10:44:01.781" level="INFO">Clicking element '//*[text()='DCBS'][1]'.</msg>
<status status="PASS" starttime="20210327 10:44:01.780" endtime="20210327 10:44:02.192"></status>
</kw>
<kw name="Set Selenium Implicit Wait" library="Selenium2Library">
<doc>Sets the implicit wait value used by Selenium.</doc>
<arguments>
<arg>10s</arg>
</arguments>
<status status="PASS" starttime="20210327 10:44:02.192" endtime="20210327 10:44:02.195"></status>
</kw>
<status status="PASS" starttime="20210327 10:43:59.071" endtime="20210327 10:44:02.196"></status>
</kw>
<kw name="Wait Until Page Contains" library="Selenium2Library">
<doc>Waits until ``text`` appears on the current page.</doc>
<arguments>
<arg>${CYCLE_NAME}</arg>
</arguments>
<status status="PASS" starttime="20210327 10:44:02.196" endtime="20210327 10:44:02.208"></status>
</kw>
<kw name="Wait Until Page Contains" library="Selenium2Library">
<doc>Waits until ``text`` appears on the current page.</doc>
<arguments>
<arg>${CUSTOMER_TYPE}</arg>
</arguments>
<status status="PASS" starttime="20210327 10:44:02.208" endtime="20210327 10:44:02.221"></status>
</kw>
<status status="PASS" starttime="20210327 10:43:59.069" endtime="20210327 10:44:02.222"></status>
</kw>
<kw name="Editing section" library="Bill_Cycle_Resource">
<arguments>
<arg>${NEW_CYCLE_NAME}</arg>
<arg>${NEW_CUSTOMER_TYPE}</arg>
<arg>${EXPECTED_TEXT_TO_VERIFY}</arg>
</arguments>
<kw name="Edit bill cycle" library="Bill_Cycle_Resource">
<kw name="Bill_Cycle_Setup" library="Bill_Cycle_Resource">
<kw name="Setup" library="Common_Resource">
<kw name="Reload Page" library="Selenium2Library">
<doc>Simulates user reloading page.</doc>
<status status="PASS" starttime="20210327 10:44:02.224" endtime="20210327 10:44:02.681"></status>
</kw>
<kw name="Set Selenium Implicit Wait" library="Selenium2Library">
<doc>Sets the implicit wait value used by Selenium.</doc>
<arguments>
<arg>10s</arg>
</arguments>
<status status="PASS" starttime="20210327 10:44:02.682" endtime="20210327 10:44:02.684"></status>
</kw>
<kw name="Click Element" library="Selenium2Library">
<doc>Click the element identified by ``locator``.</doc>
<arguments>
<arg>${CONFIGURATION}</arg>
</arguments>
<msg timestamp="20210327 10:44:02.685" level="INFO">Clicking element '//a[@class="ng-scope"]'.</msg>
<status status="PASS" starttime="20210327 10:44:02.684" endtime="20210327 10:44:03.489"></status>
</kw>
<status status="PASS" starttime="20210327 10:44:02.223" endtime="20210327 10:44:03.489"></status>
</kw>
<kw name="Click Element" library="Selenium2Library">
<doc>Click the element identified by ``locator``.</doc>
<arguments>
<arg>${BILLING_CYCLE}</arg>
</arguments>
<msg timestamp="20210327 10:44:03.490" level="INFO">Clicking element '//a[@translate="Billing Cycles"]'.</msg>
<status status="PASS" starttime="20210327 10:44:03.489" endtime="20210327 10:44:04.271"></status>
</kw>
<status status="PASS" starttime="20210327 10:44:02.223" endtime="20210327 10:44:04.271"></status>
</kw>
<kw name="Click Element" library="Selenium2Library">
<doc>Click the element identified by ``locator``.</doc>
<arguments>
<arg>${EDIT_BUTTON}</arg>
</arguments>
<msg timestamp="20210327 10:44:04.272" level="INFO">Clicking element '//a[@is-allowed="ngb.fe.billingConfigurations.billCycle.edit"]'.</msg>
<status status="PASS" starttime="20210327 10:44:04.271" endtime="20210327 10:44:04.455"></status>
</kw>
<status status="PASS" starttime="20210327 10:44:02.222" endtime="20210327 10:44:04.455"></status>
</kw>
<kw name="Input Text" library="Selenium2Library">
<doc>Types the given ``text`` into the text field identified by ``locator``.</doc>
<arguments>
<arg>${XPATH_TO_CYCLE_NAME_TEXTBOX}</arg>
<arg>${NEW_CYCLE_NAME}</arg>
</arguments>
<msg timestamp="20210327 10:44:04.456" level="INFO">Typing text 'TVQGa9i8uAUQ00S' into text field '//input[@name="configname"]'.</msg>
<status status="PASS" starttime="20210327 10:44:04.455" endtime="20210327 10:44:04.970"></status>
</kw>
<kw name="Select From List By Label" library="Selenium2Library">
<doc>Selects options from selection list ``locator`` by ``labels``.</doc>
<arguments>
<arg>${XPATH_TO_CUSTOMER_TYPE_TEXTBOX}</arg>
<arg>${NEW_CUSTOMER_TYPE}</arg>
</arguments>
<msg timestamp="20210327 10:44:04.971" level="INFO">Selecting options from selection list '//select[@name='customerType']' by label Personal.</msg>
<status status="PASS" starttime="20210327 10:44:04.970" endtime="20210327 10:44:05.019"></status>
</kw>
<kw name="Click Element" library="Selenium2Library">
<doc>Click the element identified by ``locator``.</doc>
<arguments>
<arg>${SAVE}</arg>
</arguments>
<msg timestamp="20210327 10:44:05.019" level="INFO">Clicking element '//*[text()='Save']'.</msg>
<status status="PASS" starttime="20210327 10:44:05.019" endtime="20210327 10:44:05.069"></status>
</kw>
<kw name="Wait Until Page Contains" library="Selenium2Library">
<doc>Waits until ``text`` appears on the current page.</doc>
<arguments>
<arg>${${EXPECTED_TEXT_TO_VERIFY}}</arg>
</arguments>
<status status="PASS" starttime="20210327 10:44:05.069" endtime="20210327 10:44:05.394"></status>
</kw>
<kw name="Reload Page" library="Selenium2Library">
<doc>Simulates user reloading page.</doc>
<status status="PASS" starttime="20210327 10:44:05.395" endtime="20210327 10:44:05.896"></status>
</kw>
<status status="PASS" starttime="20210327 10:44:02.222" endtime="20210327 10:44:05.896"></status>
</kw>
<kw name="Run Keyword If" library="BuiltIn">
<doc>Runs the given keyword with the given arguments, if ``condition`` is true.</doc>
<arguments>
<arg>'${EXPECTED_TEXT_TO_VERIFY}'=='Pass'</arg>
<arg>Edit Verification and Audit verifiction</arg>
<arg>${NEW_CYCLE_NAME}</arg>
<arg>${NEW_CUSTOMER_TYPE}</arg>
<arg>${CYCLE_NAME}</arg>
<arg>${CUSTOMER_TYPE}</arg>
</arguments>
<kw name="Edit Verification and Audit verifiction" library="Bill_Cycle_Resource">
<arguments>
<arg>${NEW_CYCLE_NAME}</arg>
<arg>${NEW_CUSTOMER_TYPE}</arg>
<arg>${CYCLE_NAME}</arg>
<arg>${CUSTOMER_TYPE}</arg>
</arguments>
<kw name="Edit verification" library="Bill_Cycle_Resource">
<arguments>
<arg>${NEW_CYCLE_NAME}</arg>
<arg>${NEW_CUSTOMER_TYPE}</arg>
</arguments>
<kw name="Bill_Cycle_Setup" library="Bill_Cycle_Resource">
<kw name="Setup" library="Common_Resource">
<kw name="Reload Page" library="Selenium2Library">
<doc>Simulates user reloading page.</doc>
<status status="PASS" starttime="20210327 10:44:05.899" endtime="20210327 10:44:06.425"></status>
</kw>
<kw name="Set Selenium Implicit Wait" library="Selenium2Library">
<doc>Sets the implicit wait value used by Selenium.</doc>
<arguments>
<arg>10s</arg>
</arguments>
<status status="PASS" starttime="20210327 10:44:06.425" endtime="20210327 10:44:06.428"></status>
</kw>
<kw name="Click Element" library="Selenium2Library">
<doc>Click the element identified by ``locator``.</doc>
<arguments>
<arg>${CONFIGURATION}</arg>
</arguments>
<msg timestamp="20210327 10:44:06.428" level="INFO">Clicking element '//a[@class="ng-scope"]'.</msg>
<status status="PASS" starttime="20210327 10:44:06.428" endtime="20210327 10:44:07.269"></status>
</kw>
<status status="PASS" starttime="20210327 10:44:05.899" endtime="20210327 10:44:07.269"></status>
</kw>
<kw name="Click Element" library="Selenium2Library">
<doc>Click the element identified by ``locator``.</doc>
<arguments>
<arg>${BILLING_CYCLE}</arg>
</arguments>
<msg timestamp="20210327 10:44:07.270" level="INFO">Clicking element '//a[@translate="Billing Cycles"]'.</msg>
<status status="PASS" starttime="20210327 10:44:07.269" endtime="20210327 10:44:08.239"></status>
</kw>
<status status="PASS" starttime="20210327 10:44:05.898" endtime="20210327 10:44:08.239"></status>
</kw>
<kw name="Element Should Contain" library="Selenium2Library">
<doc>Verifies that element ``locator`` contains text ``expected``.</doc>
<arguments>
<arg>${XPATH_TO_VERIFY_NAME}</arg>
<arg>${NEW_CYCLE_NAME}</arg>
</arguments>
<msg timestamp="20210327 10:44:08.266" level="INFO">Element '//td[@data-role="name"]' contains text 'TVQGa9i8uAUQ00S'.</msg>
<status status="PASS" starttime="20210327 10:44:08.239" endtime="20210327 10:44:08.266"></status>
</kw>
<kw name="Element Should Contain" library="Selenium2Library">
<doc>Verifies that element ``locator`` contains text ``expected``.</doc>
<arguments>
<arg>${XPATH_TO_VERIFY_CUSTOMER_TYPE}</arg>
<arg>${NEW_CUSTOMER_TYPE}</arg>
</arguments>
<msg timestamp="20210327 10:44:08.289" level="INFO">Element '//td[@data-mobile-label="Customer Type"][1]' contains text 'Personal'.</msg>
<status status="PASS" starttime="20210327 10:44:08.266" endtime="20210327 10:44:08.289"></status>
</kw>
<status status="PASS" starttime="20210327 10:44:05.898" endtime="20210327 10:44:08.289"></status>
</kw>
<kw name="Audit check of edited bill" library="Bill_Cycle_Resource">
<arguments>
<arg>${NEW_CYCLE_NAME}</arg>
<arg>${NEW_CUSTOMER_TYPE}</arg>
<arg>${CYCLE_NAME}</arg>
<arg>${CUSTOMER_TYPE}</arg>
</arguments>
<kw name="Audit click" library="Bill_Cycle_Resource">
<kw name="Bill_Cycle_Setup" library="Bill_Cycle_Resource">
<kw name="Setup" library="Common_Resource">
<kw name="Reload Page" library="Selenium2Library">
<doc>Simulates user reloading page.</doc>
<status status="PASS" starttime="20210327 10:44:08.293" endtime="20210327 10:44:08.297"></status>
</kw>
<kw name="Set Selenium Implicit Wait" library="Selenium2Library">
<doc>Sets the implicit wait value used by Selenium.</doc>
<arguments>
<arg>10s</arg>
</arguments>
<status status="PASS" starttime="20210327 10:44:08.297" endtime="20210327 10:44:08.299"></status>
</kw>
<kw name="Click Element" library="Selenium2Library">
<doc>Click the element identified by ``locator``.</doc>
<arguments>
<arg>${CONFIGURATION}</arg>
</arguments>
<msg timestamp="20210327 10:44:08.299" level="INFO">Clicking element '//a[@class="ng-scope"]'.</msg>
<status status="PASS" starttime="20210327 10:44:08.299" endtime="20210327 10:44:09.785"></status>
</kw>
<status status="PASS" starttime="20210327 10:44:08.292" endtime="20210327 10:44:09.785"></status>
</kw>
<kw name="Click Element" library="Selenium2Library">
<doc>Click the element identified by ``locator``.</doc>
<arguments>
<arg>${BILLING_CYCLE}</arg>
</arguments>
<msg timestamp="20210327 10:44:09.785" level="INFO">Clicking element '//a[@translate="Billing Cycles"]'.</msg>
<status status="PASS" starttime="20210327 10:44:09.785" endtime="20210327 10:44:10.379"></status>
</kw>
<status status="PASS" starttime="20210327 10:44:08.292" endtime="20210327 10:44:10.379"></status>
</kw>
<kw name="Click Element" library="Selenium2Library">
<doc>Click the element identified by ``locator``.</doc>
<arguments>
<arg>${XPATH_TO_AUDIT_BUTTON}</arg>
</arguments>
<msg timestamp="20210327 10:44:10.379" level="INFO">Clicking element '//a[@ng-click="showAuditLog(item); $event.stopPropagation()"][1]'.</msg>
<status status="PASS" starttime="20210327 10:44:10.379" endtime="20210327 10:44:10.432"></status>
</kw>
<kw name="Set Selenium Implicit Wait" library="Selenium2Library">
<doc>Sets the implicit wait value used by Selenium.</doc>
<arguments>
<arg>10s</arg>
</arguments>
<status status="PASS" starttime="20210327 10:44:10.433" endtime="20210327 10:44:10.434"></status>
</kw>
<kw name="Click Element" library="Selenium2Library">
<doc>Click the element identified by ``locator``.</doc>
<arguments>
<arg>${XPATH_TO_DROPDOWN_BUTTON}</arg>
</arguments>
<msg timestamp="20210327 10:44:10.434" level="INFO">Clicking element '//*[text()='DCBS'][1]'.</msg>
<status status="PASS" starttime="20210327 10:44:10.434" endtime="20210327 10:44:10.819"></status>
</kw>
<kw name="Set Selenium Implicit Wait" library="Selenium2Library">
<doc>Sets the implicit wait value used by Selenium.</doc>
<arguments>
<arg>10s</arg>
</arguments>
<status status="PASS" starttime="20210327 10:44:10.819" endtime="20210327 10:44:10.822"></status>
</kw>
<status status="PASS" starttime="20210327 10:44:08.291" endtime="20210327 10:44:10.822"></status>
</kw>
<kw name="Wait Until Page Contains" library="Selenium2Library">
<doc>Waits until ``text`` appears on the current page.</doc>
<arguments>
<arg>${NEW_CYCLE_NAME}</arg>
</arguments>
<status status="PASS" starttime="20210327 10:44:10.822" endtime="20210327 10:44:10.836"></status>
</kw>
<kw name="Wait Until Page Contains" library="Selenium2Library">
<doc>Waits until ``text`` appears on the current page.</doc>
<arguments>
<arg>${NEW_CUSTOMER_TYPE}</arg>
</arguments>
<status status="PASS" starttime="20210327 10:44:10.836" endtime="20210327 10:44:10.852"></status>
</kw>
<kw name="Wait Until Page Contains" library="Selenium2Library">
<doc>Waits until ``text`` appears on the current page.</doc>
<arguments>
<arg>${CYCLE_NAME}</arg>
</arguments>
<status status="PASS" starttime="20210327 10:44:10.852" endtime="20210327 10:44:10.868"></status>
</kw>
<kw name="Wait Until Page Contains" library="Selenium2Library">
<doc>Waits until ``text`` appears on the current page.</doc>
<arguments>
<arg>${CUSTOMER_TYPE}</arg>
</arguments>
<status status="PASS" starttime="20210327 10:44:10.868" endtime="20210327 10:44:10.883"></status>
</kw>
<status status="PASS" starttime="20210327 10:44:08.289" endtime="20210327 10:44:10.883"></status>
</kw>
<status status="PASS" starttime="20210327 10:44:05.897" endtime="20210327 10:44:10.883"></status>
</kw>
<status status="PASS" starttime="20210327 10:44:05.896" endtime="20210327 10:44:10.883"></status>
</kw>
<status status="PASS" starttime="20210327 10:43:56.844" endtime="20210327 10:44:10.883"></status>
</kw>
<status status="PASS" starttime="20210327 10:43:56.843" endtime="20210327 10:44:10.883"></status>
</kw>
<status status="PASS" starttime="20210327 10:43:51.710" endtime="20210327 10:44:10.883"></status>
</kw>
<status status="PASS" starttime="20210327 10:43:51.709" endtime="20210327 10:44:10.884" critical="yes"></status>
</test>
<test id="s1-t2" name="Bill_Cycle_Test">
<kw name="New Bill Generation">
<arguments>
<arg>test</arg>
<arg>Monthly</arg>
<arg>2</arg>
<arg>3</arg>
<arg>Personal</arg>
<arg>Pass</arg>
<arg>Fail</arg>
</arguments>
<kw name="New bill cycle" library="Bill_Cycle_Resource">
<kw name="Bill_Cycle_Setup" library="Bill_Cycle_Resource">
<kw name="Setup" library="Common_Resource">
<kw name="Reload Page" library="Selenium2Library">
<doc>Simulates user reloading page.</doc>
<status status="PASS" starttime="20210327 10:44:10.889" endtime="20210327 10:44:11.310"></status>
</kw>
<kw name="Set Selenium Implicit Wait" library="Selenium2Library">
<doc>Sets the implicit wait value used by Selenium.</doc>
<arguments>
<arg>10s</arg>
</arguments>
<status status="PASS" starttime="20210327 10:44:11.310" endtime="20210327 10:44:11.313"></status>
</kw>
<kw name="Click Element" library="Selenium2Library">
<doc>Click the element identified by ``locator``.</doc>
<arguments>
<arg>${CONFIGURATION}</arg>
</arguments>
<msg timestamp="20210327 10:44:11.314" level="INFO">Clicking element '//a[@class="ng-scope"]'.</msg>
<status status="PASS" starttime="20210327 10:44:11.313" endtime="20210327 10:44:12.112"></status>
</kw>
<status status="PASS" starttime="20210327 10:44:10.889" endtime="20210327 10:44:12.112"></status>
</kw>
<kw name="Click Element" library="Selenium2Library">
<doc>Click the element identified by ``locator``.</doc>
<arguments>
<arg>${BILLING_CYCLE}</arg>
</arguments>
<msg timestamp="20210327 10:44:12.112" level="INFO">Clicking element '//a[@translate="Billing Cycles"]'.</msg>
<status status="PASS" starttime="20210327 10:44:12.112" endtime="20210327 10:44:12.955"></status>
</kw>
<status status="PASS" starttime="20210327 10:44:10.889" endtime="20210327 10:44:12.955"></status>
</kw>
<kw name="Click Element" library="Selenium2Library">
<doc>Click the element identified by ``locator``.</doc>
<arguments>
<arg>${NEW_BILL_CYCLE}</arg>
</arguments>
<msg timestamp="20210327 10:44:12.956" level="INFO">Clicking element '//button[@class="btn btn-primary btn-xs"]'.</msg>
<status status="PASS" starttime="20210327 10:44:12.955" endtime="20210327 10:44:13.042"></status>
</kw>
<status status="PASS" starttime="20210327 10:44:10.888" endtime="20210327 10:44:13.043"></status>
</kw>
<kw name="Initialize Random Variables for Bill Cycle" library="Bill_Cycle_Resource">
<kw name="Generate Random String" library="String">
<doc>Generates a string with a desired ``length`` from the given ``chars``.</doc>
<arguments>
<arg>15</arg>
</arguments>
<assign>
<var>${RANDOM_CYCLE_NAME}</var>
</assign>
<msg timestamp="20210327 10:44:13.044" level="INFO">${RANDOM_CYCLE_NAME} = X2tjFt84Dd7186e</msg>
<status status="PASS" starttime="20210327 10:44:13.043" endtime="20210327 10:44:13.044"></status>
</kw>
<kw name="Set Global Variable" library="BuiltIn">
<doc>Makes a variable available globally in all tests and suites.</doc>
<arguments>
<arg>${RANDOM_CYCLE_NAME}</arg>
</arguments>
<msg timestamp="20210327 10:44:13.044" level="INFO">${RANDOM_CYCLE_NAME} = X2tjFt84Dd7186e</msg>
<status status="PASS" starttime="20210327 10:44:13.044" endtime="20210327 10:44:13.044"></status>
</kw>
<kw name="Generate Random String" library="String">
<doc>Generates a string with a desired ``length`` from the given ``chars``.</doc>
<arguments>
<arg>15</arg>
</arguments>
<assign>
<var>${RANDOM_EDIT_NAME}</var>
</assign>
<msg timestamp="20210327 10:44:13.045" level="INFO">${RANDOM_EDIT_NAME} = nQRx3aUekdfJadi</msg>
<status status="PASS" starttime="20210327 10:44:13.045" endtime="20210327 10:44:13.045"></status>
</kw>
<kw name="Set Global Variable" library="BuiltIn">
<doc>Makes a variable available globally in all tests and suites.</doc>
<arguments>
<arg>${RANDOM_EDIT_NAME}</arg>
</arguments>
<msg timestamp="20210327 10:44:13.046" level="INFO">${RANDOM_EDIT_NAME} = nQRx3aUekdfJadi</msg>
<status status="PASS" starttime="20210327 10:44:13.045" endtime="20210327 10:44:13.046"></status>
</kw>
<status status="PASS" starttime="20210327 10:44:13.043" endtime="20210327 10:44:13.046"></status>
</kw>
<kw name="Give input to new bill cycle" library="Bill_Cycle_Resource">
<arguments>
<arg>${CYCLE_NAME}</arg>
<arg>${PERIODICITY}</arg>
<arg>${START_DATE}</arg>
<arg>${START_MONTH}</arg>
<arg>${CUSTOMER_TYPE}</arg>
</arguments>
<kw name="Input Text" library="Selenium2Library">
<doc>Types the given ``text`` into the text field identified by ``locator``.</doc>
<arguments>
<arg>${XPATH_TO_CYCLE_NAME_TEXTBOX}</arg>
<arg>${CYCLE_NAME}</arg>
</arguments>
<msg timestamp="20210327 10:44:13.048" level="INFO">Typing text 'test' into text field '//input[@name="configname"]'.</msg>
<status status="PASS" starttime="20210327 10:44:13.047" endtime="20210327 10:44:13.189"></status>
</kw>
<kw name="Select From List By Label" library="Selenium2Library">
<doc>Selects options from selection list ``locator`` by ``labels``.</doc>
<arguments>
<arg>${XPATH_TO_PERIODICITY_TEXTBOX}</arg>
<arg>${PERIODICITY}</arg>
</arguments>
<msg timestamp="20210327 10:44:13.189" level="INFO">Selecting options from selection list '//select[@ng-change='resetbimonthly()']' by label Monthly.</msg>
<status status="PASS" starttime="20210327 10:44:13.189" endtime="20210327 10:44:13.251"></status>
</kw>
<kw name="Select From List By Label" library="Selenium2Library">
<doc>Selects options from selection list ``locator`` by ``labels``.</doc>
<arguments>
<arg>${XPATH_TO_START_DATE_TEXTBOX}</arg>
<arg>${START_DATE}</arg>
</arguments>
<msg timestamp="20210327 10:44:13.253" level="INFO">Selecting options from selection list '//select[@name='starts']' by label 2.</msg>
<status status="PASS" starttime="20210327 10:44:13.253" endtime="20210327 10:44:13.462"></status>
</kw>
<kw name="Select From List By Label" library="Selenium2Library">
<doc>Selects options from selection list ``locator`` by ``labels``.</doc>
<arguments>
<arg>${XPATH_TO_START_MONTH_TEXTBOX}</arg>
<arg>${START_MONTH}</arg>
</arguments>
<msg timestamp="20210327 10:44:13.464" level="INFO">Selecting options from selection list '//select[@name='startsFrom']' by label 3.</msg>
<status status="PASS" starttime="20210327 10:44:13.463" endtime="20210327 10:44:13.614"></status>
</kw>
<kw name="Select From List By Label" library="Selenium2Library">
<doc>Selects options from selection list ``locator`` by ``labels``.</doc>
<arguments>
<arg>${XPATH_TO_CUSTOMER_TYPE_TEXTBOX}</arg>
<arg>${CUSTOMER_TYPE}</arg>
</arguments>
<msg timestamp="20210327 10:44:13.615" level="INFO">Selecting options from selection list '//select[@name='customerType']' by label Personal.</msg>
<status status="PASS" starttime="20210327 10:44:13.615" endtime="20210327 10:44:13.717"></status>
</kw>
<kw name="Click Element" library="Selenium2Library">
<doc>Click the element identified by ``locator``.</doc>
<arguments>
<arg>${SAVE}</arg>
</arguments>
<msg timestamp="20210327 10:44:13.717" level="INFO">Clicking element '//*[text()='Save']'.</msg>
<status status="PASS" starttime="20210327 10:44:13.717" endtime="20210327 10:44:13.796"></status>
</kw>
<status status="PASS" starttime="20210327 10:44:13.047" endtime="20210327 10:44:13.797"></status>
</kw>
<kw name="Wait Until Page Contains" library="Selenium2Library">
<doc>Waits until ``text`` appears on the current page.</doc>
<arguments>
<arg>${${EXPECTED_TEXT_TO_VERIFY_NEW_BILL}}</arg>
</arguments>
<status status="PASS" starttime="20210327 10:44:13.797" endtime="20210327 10:44:14.077"></status>
</kw>
<kw name="Run Keyword If" library="BuiltIn">
<doc>Runs the given keyword with the given arguments, if ``condition`` is true.</doc>
<arguments>
<arg>'${EXPECTED_TEXT_TO_VERIFY_NEW_BILL}'=='Pass'</arg>
<arg>Edit Verify &amp;Audit</arg>
<arg>${CYCLE_NAME}</arg>
<arg>${PERIODICITY}</arg>
<arg>${START_DATE}</arg>
<arg>${CUSTOMER_TYPE}</arg>
<arg>${NEW_CYCLE_NAME}</arg>
<arg>${NEW_CUSTOMER_TYPE}</arg>
<arg>${EXPECTED_TEXT_TO_VERIFY}</arg>
</arguments>
<status status="PASS" starttime="20210327 10:44:14.077" endtime="20210327 10:44:14.078"></status>
</kw>
<status status="PASS" starttime="20210327 10:44:10.887" endtime="20210327 10:44:14.078"></status>
</kw>
<status status="PASS" starttime="20210327 10:44:10.886" endtime="20210327 10:44:14.078" critical="yes"></status>
</test>
<test id="s1-t3" name="Bill_Cycle_Test">
<kw name="New Bill Generation">
<arguments>
<arg>${RANDOM_CYCLE_NAME}</arg>
<arg>biMonthly</arg>
<arg>5</arg>
<arg>6</arg>
<arg>Personal</arg>
<arg>test</arg>
<arg>Personal</arg>
<arg>Fail</arg>
<arg>Pass</arg>
</arguments>
<kw name="New bill cycle" library="Bill_Cycle_Resource">
<kw name="Bill_Cycle_Setup" library="Bill_Cycle_Resource">
<kw name="Setup" library="Common_Resource">
<kw name="Reload Page" library="Selenium2Library">
<doc>Simulates user reloading page.</doc>
<status status="PASS" starttime="20210327 10:44:14.084" endtime="20210327 10:44:14.437"></status>
</kw>
<kw name="Set Selenium Implicit Wait" library="Selenium2Library">
<doc>Sets the implicit wait value used by Selenium.</doc>
<arguments>
<arg>10s</arg>
</arguments>
<status status="PASS" starttime="20210327 10:44:14.437" endtime="20210327 10:44:14.439"></status>
</kw>
<kw name="Click Element" library="Selenium2Library">
<doc>Click the element identified by ``locator``.</doc>
<arguments>
<arg>${CONFIGURATION}</arg>
</arguments>
<msg timestamp="20210327 10:44:14.440" level="INFO">Clicking element '//a[@class="ng-scope"]'.</msg>
<status status="PASS" starttime="20210327 10:44:14.440" endtime="20210327 10:44:15.384"></status>
</kw>
<status status="PASS" starttime="20210327 10:44:14.084" endtime="20210327 10:44:15.384"></status>
</kw>
<kw name="Click Element" library="Selenium2Library">
<doc>Click the element identified by ``locator``.</doc>
<arguments>
<arg>${BILLING_CYCLE}</arg>
</arguments>
<msg timestamp="20210327 10:44:15.386" level="INFO">Clicking element '//a[@translate="Billing Cycles"]'.</msg>
<status status="PASS" starttime="20210327 10:44:15.385" endtime="20210327 10:44:16.272"></status>
</kw>
<status status="PASS" starttime="20210327 10:44:14.083" endtime="20210327 10:44:16.272"></status>
</kw>
<kw name="Click Element" library="Selenium2Library">
<doc>Click the element identified by ``locator``.</doc>
<arguments>
<arg>${NEW_BILL_CYCLE}</arg>
</arguments>
<msg timestamp="20210327 10:44:16.272" level="INFO">Clicking element '//button[@class="btn btn-primary btn-xs"]'.</msg>
<status status="PASS" starttime="20210327 10:44:16.272" endtime="20210327 10:44:16.357"></status>
</kw>
<status status="PASS" starttime="20210327 10:44:14.083" endtime="20210327 10:44:16.357"></status>
</kw>
<kw name="Initialize Random Variables for Bill Cycle" library="Bill_Cycle_Resource">
<kw name="Generate Random String" library="String">
<doc>Generates a string with a desired ``length`` from the given ``chars``.</doc>
<arguments>
<arg>15</arg>
</arguments>
<assign>
<var>${RANDOM_CYCLE_NAME}</var>
</assign>
<msg timestamp="20210327 10:44:16.358" level="INFO">${RANDOM_CYCLE_NAME} = h1Rx0IIy2FvCIHv</msg>
<status status="PASS" starttime="20210327 10:44:16.358" endtime="20210327 10:44:16.358"></status>
</kw>
<kw name="Set Global Variable" library="BuiltIn">
<doc>Makes a variable available globally in all tests and suites.</doc>
<arguments>
<arg>${RANDOM_CYCLE_NAME}</arg>
</arguments>
<msg timestamp="20210327 10:44:16.359" level="INFO">${RANDOM_CYCLE_NAME} = h1Rx0IIy2FvCIHv</msg>
<status status="PASS" starttime="20210327 10:44:16.358" endtime="20210327 10:44:16.359"></status>
</kw>
<kw name="Generate Random String" library="String">
<doc>Generates a string with a desired ``length`` from the given ``chars``.</doc>
<arguments>
<arg>15</arg>
</arguments>
<assign>
<var>${RANDOM_EDIT_NAME}</var>
</assign>
<msg timestamp="20210327 10:44:16.359" level="INFO">${RANDOM_EDIT_NAME} = l7uGXvHZbdp1Huo</msg>
<status status="PASS" starttime="20210327 10:44:16.359" endtime="20210327 10:44:16.359"></status>
</kw>
<kw name="Set Global Variable" library="BuiltIn">
<doc>Makes a variable available globally in all tests and suites.</doc>
<arguments>
<arg>${RANDOM_EDIT_NAME}</arg>
</arguments>
<msg timestamp="20210327 10:44:16.360" level="INFO">${RANDOM_EDIT_NAME} = l7uGXvHZbdp1Huo</msg>
<status status="PASS" starttime="20210327 10:44:16.359" endtime="20210327 10:44:16.360"></status>
</kw>
<status status="PASS" starttime="20210327 10:44:16.357" endtime="20210327 10:44:16.361"></status>
</kw>
<kw name="Give input to new bill cycle" library="Bill_Cycle_Resource">
<arguments>
<arg>${CYCLE_NAME}</arg>
<arg>${PERIODICITY}</arg>
<arg>${START_DATE}</arg>
<arg>${START_MONTH}</arg>
<arg>${CUSTOMER_TYPE}</arg>
</arguments>
<kw name="Input Text" library="Selenium2Library">
<doc>Types the given ``text`` into the text field identified by ``locator``.</doc>
<arguments>
<arg>${XPATH_TO_CYCLE_NAME_TEXTBOX}</arg>
<arg>${CYCLE_NAME}</arg>
</arguments>
<msg timestamp="20210327 10:44:16.361" level="INFO">Typing text 'X2tjFt84Dd7186e' into text field '//input[@name="configname"]'.</msg>
<status status="PASS" starttime="20210327 10:44:16.361" endtime="20210327 10:44:16.547"></status>
</kw>
<kw name="Select From List By Label" library="Selenium2Library">
<doc>Selects options from selection list ``locator`` by ``labels``.</doc>
<arguments>
<arg>${XPATH_TO_PERIODICITY_TEXTBOX}</arg>
<arg>${PERIODICITY}</arg>
</arguments>
<msg timestamp="20210327 10:44:16.548" level="INFO">Selecting options from selection list '//select[@ng-change='resetbimonthly()']' by label biMonthly.</msg>
<status status="PASS" starttime="20210327 10:44:16.547" endtime="20210327 10:44:16.727"></status>
</kw>
<kw name="Select From List By Label" library="Selenium2Library">
<doc>Selects options from selection list ``locator`` by ``labels``.</doc>
<arguments>
<arg>${XPATH_TO_START_DATE_TEXTBOX}</arg>
<arg>${START_DATE}</arg>
</arguments>
<msg timestamp="20210327 10:44:16.729" level="INFO">Selecting options from selection list '//select[@name='starts']' by label 5.</msg>
<status status="PASS" starttime="20210327 10:44:16.728" endtime="20210327 10:44:16.893"></status>
</kw>
<kw name="Select From List By Label" library="Selenium2Library">
<doc>Selects options from selection list ``locator`` by ``labels``.</doc>
<arguments>
<arg>${XPATH_TO_START_MONTH_TEXTBOX}</arg>
<arg>${START_MONTH}</arg>
</arguments>
<msg timestamp="20210327 10:44:16.894" level="INFO">Selecting options from selection list '//select[@name='startsFrom']' by label 6.</msg>
<status status="PASS" starttime="20210327 10:44:16.894" endtime="20210327 10:44:17.019"></status>
</kw>
<kw name="Select From List By Label" library="Selenium2Library">
<doc>Selects options from selection list ``locator`` by ``labels``.</doc>
<arguments>
<arg>${XPATH_TO_CUSTOMER_TYPE_TEXTBOX}</arg>
<arg>${CUSTOMER_TYPE}</arg>
</arguments>
<msg timestamp="20210327 10:44:17.019" level="INFO">Selecting options from selection list '//select[@name='customerType']' by label Personal.</msg>
<status status="PASS" starttime="20210327 10:44:17.019" endtime="20210327 10:44:17.142"></status>
</kw>
<kw name="Click Element" library="Selenium2Library">
<doc>Click the element identified by ``locator``.</doc>
<arguments>
<arg>${SAVE}</arg>
</arguments>
<msg timestamp="20210327 10:44:17.143" level="INFO">Clicking element '//*[text()='Save']'.</msg>
<status status="PASS" starttime="20210327 10:44:17.142" endtime="20210327 10:44:17.201"></status>
</kw>
<status status="PASS" starttime="20210327 10:44:16.361" endtime="20210327 10:44:17.201"></status>
</kw>
<kw name="Wait Until Page Contains" library="Selenium2Library">
<doc>Waits until ``text`` appears on the current page.</doc>
<arguments>
<arg>${${EXPECTED_TEXT_TO_VERIFY_NEW_BILL}}</arg>
</arguments>
<status status="PASS" starttime="20210327 10:44:17.201" endtime="20210327 10:44:17.448"></status>
</kw>
<kw name="Run Keyword If" library="BuiltIn">
<doc>Runs the given keyword with the given arguments, if ``condition`` is true.</doc>
<arguments>
<arg>'${EXPECTED_TEXT_TO_VERIFY_NEW_BILL}'=='Pass'</arg>
<arg>Edit Verify &amp;Audit</arg>
<arg>${CYCLE_NAME}</arg>
<arg>${PERIODICITY}</arg>
<arg>${START_DATE}</arg>
<arg>${CUSTOMER_TYPE}</arg>
<arg>${NEW_CYCLE_NAME}</arg>
<arg>${NEW_CUSTOMER_TYPE}</arg>
<arg>${EXPECTED_TEXT_TO_VERIFY}</arg>
</arguments>
<kw name="Edit Verify &amp;Audit" library="Bill_Cycle_Resource">
<arguments>
<arg>${CYCLE_NAME}</arg>
<arg>${PERIODICITY}</arg>
<arg>${START_DATE}</arg>
<arg>${CUSTOMER_TYPE}</arg>
<arg>${NEW_CYCLE_NAME}</arg>
<arg>${NEW_CUSTOMER_TYPE}</arg>
<arg>${EXPECTED_TEXT_TO_VERIFY}</arg>
</arguments>
<kw name="Verification" library="Bill_Cycle_Resource">
<arguments>
<arg>${CYCLE_NAME}</arg>
<arg>${PERIODICITY}</arg>
<arg>${START_DATE}</arg>
<arg>${CUSTOMER_TYPE}</arg>
</arguments>
<kw name="Bill_Cycle_Setup" library="Bill_Cycle_Resource">
<kw name="Setup" library="Common_Resource">
<kw name="Reload Page" library="Selenium2Library">
<doc>Simulates user reloading page.</doc>
<status status="PASS" starttime="20210327 10:44:17.459" endtime="20210327 10:44:17.478"></status>
</kw>
<kw name="Set Selenium Implicit Wait" library="Selenium2Library">
<doc>Sets the implicit wait value used by Selenium.</doc>
<arguments>
<arg>10s</arg>
</arguments>
<status status="PASS" starttime="20210327 10:44:17.479" endtime="20210327 10:44:17.485"></status>
</kw>
<kw name="Click Element" library="Selenium2Library">
<doc>Click the element identified by ``locator``.</doc>
<arguments>
<arg>${CONFIGURATION}</arg>
</arguments>
<msg timestamp="20210327 10:44:17.488" level="INFO">Clicking element '//a[@class="ng-scope"]'.</msg>
<status status="PASS" starttime="20210327 10:44:17.486" endtime="20210327 10:44:18.751"></status>
</kw>
<status status="PASS" starttime="20210327 10:44:17.458" endtime="20210327 10:44:18.751"></status>
</kw>
<kw name="Click Element" library="Selenium2Library">
<doc>Click the element identified by ``locator``.</doc>
<arguments>
<arg>${BILLING_CYCLE}</arg>
</arguments>
<msg timestamp="20210327 10:44:18.752" level="INFO">Clicking element '//a[@translate="Billing Cycles"]'.</msg>
<status status="PASS" starttime="20210327 10:44:18.752" endtime="20210327 10:44:19.407"></status>
</kw>
<status status="PASS" starttime="20210327 10:44:17.456" endtime="20210327 10:44:19.407"></status>
</kw>
<kw name="Wait Until Page Contains" library="Selenium2Library">
<doc>Waits until ``text`` appears on the current page.</doc>
<arguments>
<arg>${CYCLE_NAME}</arg>
</arguments>
<status status="PASS" starttime="20210327 10:44:19.408" endtime="20210327 10:44:19.432"></status>
</kw>
<kw name="Element Should Contain" library="Selenium2Library">
<doc>Verifies that element ``locator`` contains text ``expected``.</doc>
<arguments>
<arg>${XPATH_TO_VERIFY_PERIODICITY}</arg>
<arg>${PERIODICITY}</arg>
</arguments>
<msg timestamp="20210327 10:44:19.472" level="INFO">Element '//td[@data-mobile-label="Periodicity"][1]' contains text 'biMonthly'.</msg>
<status status="PASS" starttime="20210327 10:44:19.433" endtime="20210327 10:44:19.473"></status>
</kw>
<kw name="Element Should Contain" library="Selenium2Library">
<doc>Verifies that element ``locator`` contains text ``expected``.</doc>
<arguments>
<arg>${XPATH_TO_VERIFY_START_DATE}</arg>
<arg>${START_DATE}</arg>
</arguments>
<msg timestamp="20210327 10:44:19.525" level="INFO">Element '//td[@data-mobile-label="StartsDay"][1]' contains text '5'.</msg>
<status status="PASS" starttime="20210327 10:44:19.473" endtime="20210327 10:44:19.526"></status>
</kw>
<kw name="Element Should Contain" library="Selenium2Library">
<doc>Verifies that element ``locator`` contains text ``expected``.</doc>
<arguments>
<arg>${XPATH_TO_VERIFY_CUSTOMER_TYPE}</arg>
<arg>${CUSTOMER_TYPE}</arg>
</arguments>
<msg timestamp="20210327 10:44:19.569" level="INFO">Element '//td[@data-mobile-label="Customer Type"][1]' contains text 'Personal'.</msg>
<status status="PASS" starttime="20210327 10:44:19.526" endtime="20210327 10:44:19.569"></status>
</kw>
<status status="PASS" starttime="20210327 10:44:17.454" endtime="20210327 10:44:19.570"></status>
</kw>
<kw name="Auditing the new bill" library="Bill_Cycle_Resource">
<arguments>
<arg>${CYCLE_NAME}</arg>
<arg>${CUSTOMER_TYPE}</arg>
</arguments>
<kw name="Audit click" library="Bill_Cycle_Resource">
<kw name="Bill_Cycle_Setup" library="Bill_Cycle_Resource">
<kw name="Setup" library="Common_Resource">
<kw name="Reload Page" library="Selenium2Library">
<doc>Simulates user reloading page.</doc>
<status status="PASS" starttime="20210327 10:44:19.574" endtime="20210327 10:44:19.584"></status>
</kw>
<kw name="Set Selenium Implicit Wait" library="Selenium2Library">
<doc>Sets the implicit wait value used by Selenium.</doc>
<arguments>
<arg>10s</arg>
</arguments>
<status status="PASS" starttime="20210327 10:44:19.585" endtime="20210327 10:44:19.588"></status>
</kw>
<kw name="Click Element" library="Selenium2Library">
<doc>Click the element identified by ``locator``.</doc>
<arguments>
<arg>${CONFIGURATION}</arg>
</arguments>
<msg timestamp="20210327 10:44:19.589" level="INFO">Clicking element '//a[@class="ng-scope"]'.</msg>
<status status="PASS" starttime="20210327 10:44:19.588" endtime="20210327 10:44:20.812"></status>
</kw>
<status status="PASS" starttime="20210327 10:44:19.573" endtime="20210327 10:44:20.812"></status>
</kw>
<kw name="Click Element" library="Selenium2Library">
<doc>Click the element identified by ``locator``.</doc>
<arguments>
<arg>${BILLING_CYCLE}</arg>
</arguments>
<msg timestamp="20210327 10:44:20.813" level="INFO">Clicking element '//a[@translate="Billing Cycles"]'.</msg>
<status status="PASS" starttime="20210327 10:44:20.813" endtime="20210327 10:44:21.571"></status>
</kw>
<status status="PASS" starttime="20210327 10:44:19.572" endtime="20210327 10:44:21.571"></status>
</kw>
<kw name="Click Element" library="Selenium2Library">
<doc>Click the element identified by ``locator``.</doc>
<arguments>
<arg>${XPATH_TO_AUDIT_BUTTON}</arg>
</arguments>
<msg timestamp="20210327 10:44:21.572" level="INFO">Clicking element '//a[@ng-click="showAuditLog(item); $event.stopPropagation()"][1]'.</msg>
<status status="PASS" starttime="20210327 10:44:21.572" endtime="20210327 10:44:21.652"></status>
</kw>
<kw name="Set Selenium Implicit Wait" library="Selenium2Library">
<doc>Sets the implicit wait value used by Selenium.</doc>
<arguments>
<arg>10s</arg>
</arguments>
<status status="PASS" starttime="20210327 10:44:21.652" endtime="20210327 10:44:21.654"></status>
</kw>
<kw name="Click Element" library="Selenium2Library">
<doc>Click the element identified by ``locator``.</doc>
<arguments>
<arg>${XPATH_TO_DROPDOWN_BUTTON}</arg>
</arguments>
<msg timestamp="20210327 10:44:21.654" level="INFO">Clicking element '//*[text()='DCBS'][1]'.</msg>
<status status="PASS" starttime="20210327 10:44:21.654" endtime="20210327 10:44:22.161"></status>
</kw>
<kw name="Set Selenium Implicit Wait" library="Selenium2Library">
<doc>Sets the implicit wait value used by Selenium.</doc>
<arguments>
<arg>10s</arg>
</arguments>
<status status="PASS" starttime="20210327 10:44:22.161" endtime="20210327 10:44:22.163"></status>
</kw>
<status status="PASS" starttime="20210327 10:44:19.572" endtime="20210327 10:44:22.164"></status>
</kw>
<kw name="Wait Until Page Contains" library="Selenium2Library">
<doc>Waits until ``text`` appears on the current page.</doc>
<arguments>
<arg>${CYCLE_NAME}</arg>
</arguments>
<status status="PASS" starttime="20210327 10:44:22.164" endtime="20210327 10:44:22.179"></status>
</kw>
<kw name="Wait Until Page Contains" library="Selenium2Library">
<doc>Waits until ``text`` appears on the current page.</doc>
<arguments>
<arg>${CUSTOMER_TYPE}</arg>
</arguments>
<status status="PASS" starttime="20210327 10:44:22.179" endtime="20210327 10:44:22.198"></status>
</kw>
<status status="PASS" starttime="20210327 10:44:19.570" endtime="20210327 10:44:22.199"></status>
</kw>
<kw name="Editing section" library="Bill_Cycle_Resource">
<arguments>
<arg>${NEW_CYCLE_NAME}</arg>
<arg>${NEW_CUSTOMER_TYPE}</arg>
<arg>${EXPECTED_TEXT_TO_VERIFY}</arg>
</arguments>
<kw name="Edit bill cycle" library="Bill_Cycle_Resource">
<kw name="Bill_Cycle_Setup" library="Bill_Cycle_Resource">
<kw name="Setup" library="Common_Resource">
<kw name="Reload Page" library="Selenium2Library">
<doc>Simulates user reloading page.</doc>
<status status="PASS" starttime="20210327 10:44:22.201" endtime="20210327 10:44:22.213"></status>
</kw>
<kw name="Set Selenium Implicit Wait" library="Selenium2Library">
<doc>Sets the implicit wait value used by Selenium.</doc>
<arguments>
<arg>10s</arg>
</arguments>
<status status="PASS" starttime="20210327 10:44:22.214" endtime="20210327 10:44:22.217"></status>
</kw>
<kw name="Click Element" library="Selenium2Library">
<doc>Click the element identified by ``locator``.</doc>
<arguments>
<arg>${CONFIGURATION}</arg>
</arguments>
<msg timestamp="20210327 10:44:22.217" level="INFO">Clicking element '//a[@class="ng-scope"]'.</msg>
<status status="PASS" starttime="20210327 10:44:22.217" endtime="20210327 10:44:23.846"></status>
</kw>
<status status="PASS" starttime="20210327 10:44:22.200" endtime="20210327 10:44:23.847"></status>
</kw>
<kw name="Click Element" library="Selenium2Library">
<doc>Click the element identified by ``locator``.</doc>
<arguments>
<arg>${BILLING_CYCLE}</arg>
</arguments>
<msg timestamp="20210327 10:44:23.847" level="INFO">Clicking element '//a[@translate="Billing Cycles"]'.</msg>
<status status="PASS" starttime="20210327 10:44:23.847" endtime="20210327 10:44:24.588"></status>
</kw>
<status status="PASS" starttime="20210327 10:44:22.200" endtime="20210327 10:44:24.588"></status>
</kw>
<kw name="Click Element" library="Selenium2Library">
<doc>Click the element identified by ``locator``.</doc>
<arguments>
<arg>${EDIT_BUTTON}</arg>
</arguments>
<msg timestamp="20210327 10:44:24.589" level="INFO">Clicking element '//a[@is-allowed="ngb.fe.billingConfigurations.billCycle.edit"]'.</msg>
<status status="PASS" starttime="20210327 10:44:24.589" endtime="20210327 10:44:24.666"></status>
</kw>
<status status="PASS" starttime="20210327 10:44:22.200" endtime="20210327 10:44:24.666"></status>
</kw>
<kw name="Input Text" library="Selenium2Library">
<doc>Types the given ``text`` into the text field identified by ``locator``.</doc>
<arguments>
<arg>${XPATH_TO_CYCLE_NAME_TEXTBOX}</arg>
<arg>${NEW_CYCLE_NAME}</arg>
</arguments>
<msg timestamp="20210327 10:44:24.667" level="INFO">Typing text 'test' into text field '//input[@name="configname"]'.</msg>
<status status="PASS" starttime="20210327 10:44:24.666" endtime="20210327 10:44:24.866"></status>
</kw>
<kw name="Select From List By Label" library="Selenium2Library">
<doc>Selects options from selection list ``locator`` by ``labels``.</doc>
<arguments>
<arg>${XPATH_TO_CUSTOMER_TYPE_TEXTBOX}</arg>
<arg>${NEW_CUSTOMER_TYPE}</arg>
</arguments>
<msg timestamp="20210327 10:44:24.868" level="INFO">Selecting options from selection list '//select[@name='customerType']' by label Personal.</msg>
<status status="PASS" starttime="20210327 10:44:24.866" endtime="20210327 10:44:24.941"></status>
</kw>
<kw name="Click Element" library="Selenium2Library">
<doc>Click the element identified by ``locator``.</doc>
<arguments>
<arg>${SAVE}</arg>
</arguments>
<msg timestamp="20210327 10:44:24.942" level="INFO">Clicking element '//*[text()='Save']'.</msg>
<status status="PASS" starttime="20210327 10:44:24.942" endtime="20210327 10:44:24.999"></status>
</kw>
<kw name="Wait Until Page Contains" library="Selenium2Library">
<doc>Waits until ``text`` appears on the current page.</doc>
<arguments>
<arg>${${EXPECTED_TEXT_TO_VERIFY}}</arg>
</arguments>
<status status="PASS" starttime="20210327 10:44:24.999" endtime="20210327 10:44:25.233"></status>
</kw>
<kw name="Reload Page" library="Selenium2Library">
<doc>Simulates user reloading page.</doc>
<status status="PASS" starttime="20210327 10:44:25.233" endtime="20210327 10:44:25.719"></status>
</kw>
<status status="PASS" starttime="20210327 10:44:22.199" endtime="20210327 10:44:25.720"></status>
</kw>
<kw name="Run Keyword If" library="BuiltIn">
<doc>Runs the given keyword with the given arguments, if ``condition`` is true.</doc>
<arguments>
<arg>'${EXPECTED_TEXT_TO_VERIFY}'=='Pass'</arg>
<arg>Edit Verification and Audit verifiction</arg>
<arg>${NEW_CYCLE_NAME}</arg>
<arg>${NEW_CUSTOMER_TYPE}</arg>
<arg>${CYCLE_NAME}</arg>
<arg>${CUSTOMER_TYPE}</arg>
</arguments>
<status status="PASS" starttime="20210327 10:44:25.720" endtime="20210327 10:44:25.721"></status>
</kw>
<status status="PASS" starttime="20210327 10:44:17.450" endtime="20210327 10:44:25.721"></status>
</kw>
<status status="PASS" starttime="20210327 10:44:17.449" endtime="20210327 10:44:25.721"></status>
</kw>
<status status="PASS" starttime="20210327 10:44:14.082" endtime="20210327 10:44:25.722"></status>
</kw>
<status status="PASS" starttime="20210327 10:44:14.081" endtime="20210327 10:44:25.723" critical="yes"></status>
</test>
<kw name="Close Browsers" library="Common_Resource" type="teardown">
<kw name="Close All Browsers" library="Selenium2Library">
<doc>Closes all open browsers and resets the browser cache.</doc>
<status status="PASS" starttime="20210327 10:44:25.727" endtime="20210327 10:44:28.006"></status>
</kw>
<status status="PASS" starttime="20210327 10:44:25.726" endtime="20210327 10:44:28.007"></status>
</kw>
<status status="PASS" starttime="20210327 10:43:34.912" endtime="20210327 10:44:28.007"></status>
</suite>
<statistics>
<total>
<stat pass="3" fail="0">Critical Tests</stat>
<stat pass="3" fail="0">All Tests</stat>
</total>
<tag>
</tag>
<suite>
<stat pass="3" fail="0" id="s1" name="Bill Cycle">Bill Cycle</stat>
</suite>
</statistics>
<errors>
<msg timestamp="20210327 10:44:10.885" level="WARN">Multiple test cases with name 'Bill_Cycle_Test' executed in test suite 'Bill Cycle'.</msg>
<msg timestamp="20210327 10:44:14.080" level="WARN">Multiple test cases with name 'Bill_Cycle_Test' executed in test suite 'Bill Cycle'.</msg>
</errors>
</robot>
