<?xml version="1.0" encoding="UTF-8"?>
<robot generator="Robot 3.2.2 (Python 3.9.1 on win32)" generated="20210326 11:42:24.540" rpa="false">
<suite id="s1" name="Runner" source="C:\Users\shajuam\Music\.idea\Runner.robot">
<kw name="Login To website" library="Resource" type="setup">
<kw name="Open Browser" library="Selenium2Library">
<doc>Opens a new browser instance to the optional ``url``.</doc>
<arguments>
<arg>${URL}</arg>
<arg>${browser}</arg>
</arguments>
<msg timestamp="20210326 11:42:25.353" level="INFO">Opening browser 'gc' to base url 'https://eur03.safelinks.protection.outlook.com/?url=http%3A%2F%2Fdcbs.cluster1.devtestlab2.tecnotree.com%2Fngb-ui%2F&amp;data=04%7C01%7CAmal.Shaju%40tecnotree.com%7C16d57dacc5dc497e7db408d8c7482859%7C176a79e7ee0947d9b51fcadf37972564%7C0%7C0%7C637478460463072885%7CUnknown%7CTWFpbGZsb3d8eyJWIjoiMC4wLjAwMDAiLCJQIjoiV2luMzIiLCJBTiI6Ik1haWwiLCJXVCI6Mn0%3D%7C1000&amp;sdata=bxudawN6VRWjT4w%2F%2F9Obp%2FL67Ceorn6X6iDPfsdVApo%3D&amp;reserved=0'.</msg>
<status status="PASS" starttime="20210326 11:42:25.353" endtime="20210326 11:42:34.401"></status>
</kw>
<kw name="Set Selenium Implicit Wait" library="Selenium2Library">
<doc>Sets the implicit wait value used by Selenium.</doc>
<arguments>
<arg>10s</arg>
</arguments>
<status status="PASS" starttime="20210326 11:42:34.401" endtime="20210326 11:42:34.403"></status>
</kw>
<kw name="Maximize Browser Window" library="Selenium2Library">
<doc>Maximizes current browser window.</doc>
<status status="PASS" starttime="20210326 11:42:34.403" endtime="20210326 11:42:34.516"></status>
</kw>
<kw name="Input Text" library="Selenium2Library">
<doc>Types the given ``text`` into the text field identified by ``locator``.</doc>
<arguments>
<arg>${XPATH_TO_USERNAME_TEXTBOX}</arg>
<arg>${USER_ID}</arg>
</arguments>
<msg timestamp="20210326 11:42:34.518" level="INFO">Typing text 'collections' into text field 'username'.</msg>
<status status="PASS" starttime="20210326 11:42:34.516" endtime="20210326 11:42:36.499"></status>
</kw>
<kw name="Input Text" library="Selenium2Library">
<doc>Types the given ``text`` into the text field identified by ``locator``.</doc>
<arguments>
<arg>${XPATH_TO_PASSWORD_TEXTBOX}</arg>
<arg>${PASSWORD}</arg>
</arguments>
<msg timestamp="20210326 11:42:36.500" level="INFO">Typing text 'Tecnotree@123' into text field 'password'.</msg>
<status status="PASS" starttime="20210326 11:42:36.499" endtime="20210326 11:42:36.576"></status>
</kw>
<kw name="Click Element" library="Selenium2Library">
<doc>Click the element identified by ``locator``.</doc>
<arguments>
<arg>${LOGIN_SUBMIT BUTTON}</arg>
</arguments>
<msg timestamp="20210326 11:42:36.576" level="INFO">Clicking element '//input[@class="btn btn-primary"]'.</msg>
<status status="PASS" starttime="20210326 11:42:36.576" endtime="20210326 11:42:37.978"></status>
</kw>
<kw name="Initialize Random Variables" library="Resource">
<kw name="Generate Random String" library="String">
<doc>Generates a string with a desired ``length`` from the given ``chars``.</doc>
<arguments>
<arg>15</arg>
</arguments>
<assign>
<var>${RANDOM_CYCLE_NAME}</var>
</assign>
<msg timestamp="20210326 11:42:37.979" level="INFO">${RANDOM_CYCLE_NAME} = IdBdCjWl74uNghT</msg>
<status status="PASS" starttime="20210326 11:42:37.979" endtime="20210326 11:42:37.979"></status>
</kw>
<kw name="Set Global Variable" library="BuiltIn">
<doc>Makes a variable available globally in all tests and suites.</doc>
<arguments>
<arg>${RANDOM_CYCLE_NAME}</arg>
</arguments>
<msg timestamp="20210326 11:42:37.980" level="INFO">${RANDOM_CYCLE_NAME} = IdBdCjWl74uNghT</msg>
<status status="PASS" starttime="20210326 11:42:37.980" endtime="20210326 11:42:37.980"></status>
</kw>
<kw name="Generate Random String" library="String">
<doc>Generates a string with a desired ``length`` from the given ``chars``.</doc>
<arguments>
<arg>15</arg>
</arguments>
<assign>
<var>${RANDOM_EDIT_NAME}</var>
</assign>
<msg timestamp="20210326 11:42:37.980" level="INFO">${RANDOM_EDIT_NAME} = v6vVjuqEuKd3AZn</msg>
<status status="PASS" starttime="20210326 11:42:37.980" endtime="20210326 11:42:37.980"></status>
</kw>
<kw name="Set Global Variable" library="BuiltIn">
<doc>Makes a variable available globally in all tests and suites.</doc>
<arguments>
<arg>${RANDOM_EDIT_NAME}</arg>
</arguments>
<msg timestamp="20210326 11:42:37.981" level="INFO">${RANDOM_EDIT_NAME} = v6vVjuqEuKd3AZn</msg>
<status status="PASS" starttime="20210326 11:42:37.981" endtime="20210326 11:42:37.981"></status>
</kw>
<status status="PASS" starttime="20210326 11:42:37.979" endtime="20210326 11:42:37.981"></status>
</kw>
<status status="PASS" starttime="20210326 11:42:25.353" endtime="20210326 11:42:37.981"></status>
</kw>
<test id="s1-t1" name="first test">
<kw name="New Bill Generation">
<arguments>
<arg>${RANDOM_CYCLE_NAME}</arg>
<arg>biMonthly</arg>
<arg>3</arg>
<arg>5</arg>
<arg>Personal</arg>
<arg>${RANDOM_EDIT_NAME}</arg>
<arg>Personal</arg>
<arg>Pass</arg>
<arg>Pass</arg>
</arguments>
<kw name="New bill cycle" library="Resource">
<kw name="Setup" library="Resource">
<kw name="Reload Page" library="Selenium2Library">
<doc>Simulates user reloading page.</doc>
<status status="PASS" starttime="20210326 11:42:37.982" endtime="20210326 11:42:38.278"></status>
</kw>
<kw name="Set Selenium Implicit Wait" library="Selenium2Library">
<doc>Sets the implicit wait value used by Selenium.</doc>
<arguments>
<arg>10s</arg>
</arguments>
<status status="PASS" starttime="20210326 11:42:38.279" endtime="20210326 11:42:38.279"></status>
</kw>
<kw name="Click Element" library="Selenium2Library">
<doc>Click the element identified by ``locator``.</doc>
<arguments>
<arg>${CONFIGURATION}</arg>
</arguments>
<msg timestamp="20210326 11:42:38.279" level="INFO">Clicking element '//a[@class="ng-scope"]'.</msg>
<status status="PASS" starttime="20210326 11:42:38.279" endtime="20210326 11:42:39.383"></status>
</kw>
<kw name="Click Element" library="Selenium2Library">
<doc>Click the element identified by ``locator``.</doc>
<arguments>
<arg>${BILLING_CYCLE}</arg>
</arguments>
<msg timestamp="20210326 11:42:39.384" level="INFO">Clicking element '//a[@translate="Billing Cycles"]'.</msg>
<status status="PASS" starttime="20210326 11:42:39.384" endtime="20210326 11:42:40.628"></status>
</kw>
<status status="PASS" starttime="20210326 11:42:37.982" endtime="20210326 11:42:40.628"></status>
</kw>
<kw name="Click Element" library="Selenium2Library">
<doc>Click the element identified by ``locator``.</doc>
<arguments>
<arg>${NEW_BILL_CYCLE}</arg>
</arguments>
<msg timestamp="20210326 11:42:40.628" level="INFO">Clicking element '//button[@class="btn btn-primary btn-xs"]'.</msg>
<status status="PASS" starttime="20210326 11:42:40.628" endtime="20210326 11:42:40.672"></status>
</kw>
<status status="PASS" starttime="20210326 11:42:37.982" endtime="20210326 11:42:40.672"></status>
</kw>
<kw name="Initialize Random Variables" library="Resource">
<kw name="Generate Random String" library="String">
<doc>Generates a string with a desired ``length`` from the given ``chars``.</doc>
<arguments>
<arg>15</arg>
</arguments>
<assign>
<var>${RANDOM_CYCLE_NAME}</var>
</assign>
<msg timestamp="20210326 11:42:40.673" level="INFO">${RANDOM_CYCLE_NAME} = 1vgi1HzXHaLOYN4</msg>
<status status="PASS" starttime="20210326 11:42:40.673" endtime="20210326 11:42:40.673"></status>
</kw>
<kw name="Set Global Variable" library="BuiltIn">
<doc>Makes a variable available globally in all tests and suites.</doc>
<arguments>
<arg>${RANDOM_CYCLE_NAME}</arg>
</arguments>
<msg timestamp="20210326 11:42:40.674" level="INFO">${RANDOM_CYCLE_NAME} = 1vgi1HzXHaLOYN4</msg>
<status status="PASS" starttime="20210326 11:42:40.673" endtime="20210326 11:42:40.674"></status>
</kw>
<kw name="Generate Random String" library="String">
<doc>Generates a string with a desired ``length`` from the given ``chars``.</doc>
<arguments>
<arg>15</arg>
</arguments>
<assign>
<var>${RANDOM_EDIT_NAME}</var>
</assign>
<msg timestamp="20210326 11:42:40.674" level="INFO">${RANDOM_EDIT_NAME} = NBktRiTrQerHYvY</msg>
<status status="PASS" starttime="20210326 11:42:40.674" endtime="20210326 11:42:40.674"></status>
</kw>
<kw name="Set Global Variable" library="BuiltIn">
<doc>Makes a variable available globally in all tests and suites.</doc>
<arguments>
<arg>${RANDOM_EDIT_NAME}</arg>
</arguments>
<msg timestamp="20210326 11:42:40.674" level="INFO">${RANDOM_EDIT_NAME} = NBktRiTrQerHYvY</msg>
<status status="PASS" starttime="20210326 11:42:40.674" endtime="20210326 11:42:40.675"></status>
</kw>
<status status="PASS" starttime="20210326 11:42:40.672" endtime="20210326 11:42:40.675"></status>
</kw>
<kw name="Give input to new bill cycle" library="Resource">
<arguments>
<arg>${CYCLE_NAME}</arg>
<arg>${PERIODICITY}</arg>
<arg>${START_DATE}</arg>
<arg>${START_MONTH}</arg>
<arg>${CUSTOMER_TYPE}</arg>
</arguments>
<kw name="Input Text" library="Selenium2Library">
<doc>Types the given ``text`` into the text field identified by ``locator``.</doc>
<arguments>
<arg>${XPATH_TO_CYCLE_NAME_TEXTBOX}</arg>
<arg>${CYCLE_NAME}</arg>
</arguments>
<msg timestamp="20210326 11:42:40.675" level="INFO">Typing text 'IdBdCjWl74uNghT' into text field '//input[@name="configname"]'.</msg>
<status status="PASS" starttime="20210326 11:42:40.675" endtime="20210326 11:42:41.231"></status>
</kw>
<kw name="Select From List By Label" library="Selenium2Library">
<doc>Selects options from selection list ``locator`` by ``labels``.</doc>
<arguments>
<arg>${XPATH_TO_PERIODICITY_TEXTBOX}</arg>
<arg>${PERIODICITY}</arg>
</arguments>
<msg timestamp="20210326 11:42:41.232" level="INFO">Selecting options from selection list '//select[@ng-change='resetbimonthly()']' by label biMonthly.</msg>
<status status="PASS" starttime="20210326 11:42:41.231" endtime="20210326 11:42:41.308"></status>
</kw>
<kw name="Select From List By Label" library="Selenium2Library">
<doc>Selects options from selection list ``locator`` by ``labels``.</doc>
<arguments>
<arg>${XPATH_TO_START_DATE_TEXTBOX}</arg>
<arg>${START_DATE}</arg>
</arguments>
<msg timestamp="20210326 11:42:41.309" level="INFO">Selecting options from selection list '//select[@name='starts']' by label 3.</msg>
<status status="PASS" starttime="20210326 11:42:41.309" endtime="20210326 11:42:41.382"></status>
</kw>
<kw name="Select From List By Label" library="Selenium2Library">
<doc>Selects options from selection list ``locator`` by ``labels``.</doc>
<arguments>
<arg>${XPATH_TO_START_MONTH_TEXTBOX}</arg>
<arg>${START_MONTH}</arg>
</arguments>
<msg timestamp="20210326 11:42:41.383" level="INFO">Selecting options from selection list '//select[@name='startsFrom']' by label 5.</msg>
<status status="PASS" starttime="20210326 11:42:41.382" endtime="20210326 11:42:41.453"></status>
</kw>
<kw name="Select From List By Label" library="Selenium2Library">
<doc>Selects options from selection list ``locator`` by ``labels``.</doc>
<arguments>
<arg>${XPATH_TO_CUSTOMER_TYPE_TEXTBOX}</arg>
<arg>${CUSTOMER_TYPE}</arg>
</arguments>
<msg timestamp="20210326 11:42:41.454" level="INFO">Selecting options from selection list '//select[@name='customerType']' by label Personal.</msg>
<status status="PASS" starttime="20210326 11:42:41.453" endtime="20210326 11:42:41.525"></status>
</kw>
<kw name="Click Element" library="Selenium2Library">
<doc>Click the element identified by ``locator``.</doc>
<arguments>
<arg>${SAVE}</arg>
</arguments>
<msg timestamp="20210326 11:42:41.525" level="INFO">Clicking element '//*[text()='Save']'.</msg>
<status status="PASS" starttime="20210326 11:42:41.525" endtime="20210326 11:42:41.570"></status>
</kw>
<status status="PASS" starttime="20210326 11:42:40.675" endtime="20210326 11:42:41.570"></status>
</kw>
<kw name="Wait Until Page Contains" library="Selenium2Library">
<doc>Waits until ``text`` appears on the current page.</doc>
<arguments>
<arg>${${EXPECTED_TEXT_TO_VERIFY_NEW_BILL}}</arg>
</arguments>
<status status="PASS" starttime="20210326 11:42:41.570" endtime="20210326 11:42:41.846"></status>
</kw>
<kw name="Run Keyword If" library="BuiltIn">
<doc>Runs the given keyword with the given arguments, if ``condition`` is true.</doc>
<arguments>
<arg>'${EXPECTED_TEXT_TO_VERIFY_NEW_BILL}'=='Pass'</arg>
<arg>Verify,Audit and Edit the newly genrated bill</arg>
<arg>${CYCLE_NAME}</arg>
<arg>${PERIODICITY}</arg>
<arg>${START_DATE}</arg>
<arg>${CUSTOMER_TYPE}</arg>
<arg>${NEW_CYCLE_NAME}</arg>
<arg>${NEW_CUSTOMER_TYPE}</arg>
<arg>${EXPECTED_TEXT_TO_VERIFY}</arg>
</arguments>
<kw name="Verify,Audit and Edit the newly genrated bill" library="Resource">
<arguments>
<arg>${CYCLE_NAME}</arg>
<arg>${PERIODICITY}</arg>
<arg>${START_DATE}</arg>
<arg>${CUSTOMER_TYPE}</arg>
<arg>${NEW_CYCLE_NAME}</arg>
<arg>${NEW_CUSTOMER_TYPE}</arg>
<arg>${EXPECTED_TEXT_TO_VERIFY}</arg>
</arguments>
<kw name="Verification" library="Resource">
<arguments>
<arg>${CYCLE_NAME}</arg>
<arg>${PERIODICITY}</arg>
<arg>${START_DATE}</arg>
<arg>${CUSTOMER_TYPE}</arg>
</arguments>
<kw name="Setup" library="Resource">
<kw name="Reload Page" library="Selenium2Library">
<doc>Simulates user reloading page.</doc>
<status status="PASS" starttime="20210326 11:42:41.848" endtime="20210326 11:42:42.159"></status>
</kw>
<kw name="Set Selenium Implicit Wait" library="Selenium2Library">
<doc>Sets the implicit wait value used by Selenium.</doc>
<arguments>
<arg>10s</arg>
</arguments>
<status status="PASS" starttime="20210326 11:42:42.159" endtime="20210326 11:42:42.161"></status>
</kw>
<kw name="Click Element" library="Selenium2Library">
<doc>Click the element identified by ``locator``.</doc>
<arguments>
<arg>${CONFIGURATION}</arg>
</arguments>
<msg timestamp="20210326 11:42:42.161" level="INFO">Clicking element '//a[@class="ng-scope"]'.</msg>
<status status="PASS" starttime="20210326 11:42:42.161" endtime="20210326 11:42:42.947"></status>
</kw>
<kw name="Click Element" library="Selenium2Library">
<doc>Click the element identified by ``locator``.</doc>
<arguments>
<arg>${BILLING_CYCLE}</arg>
</arguments>
<msg timestamp="20210326 11:42:42.947" level="INFO">Clicking element '//a[@translate="Billing Cycles"]'.</msg>
<status status="PASS" starttime="20210326 11:42:42.947" endtime="20210326 11:42:44.192"></status>
</kw>
<status status="PASS" starttime="20210326 11:42:41.847" endtime="20210326 11:42:44.192"></status>
</kw>
<kw name="Wait Until Page Contains" library="Selenium2Library">
<doc>Waits until ``text`` appears on the current page.</doc>
<arguments>
<arg>${CYCLE_NAME}</arg>
</arguments>
<status status="PASS" starttime="20210326 11:42:44.192" endtime="20210326 11:42:44.205"></status>
</kw>
<kw name="Element Should Contain" library="Selenium2Library">
<doc>Verifies that element ``locator`` contains text ``expected``.</doc>
<arguments>
<arg>${XPATH_TO_VERIFY_PERIODICITY}</arg>
<arg>${PERIODICITY}</arg>
</arguments>
<msg timestamp="20210326 11:42:44.227" level="INFO">Element '//td[@data-mobile-label="Periodicity"][1]' contains text 'biMonthly'.</msg>
<status status="PASS" starttime="20210326 11:42:44.205" endtime="20210326 11:42:44.227"></status>
</kw>
<kw name="Element Should Contain" library="Selenium2Library">
<doc>Verifies that element ``locator`` contains text ``expected``.</doc>
<arguments>
<arg>${XPATH_TO_VERIFY_START_DATE}</arg>
<arg>${START_DATE}</arg>
</arguments>
<msg timestamp="20210326 11:42:44.251" level="INFO">Element '//td[@data-mobile-label="StartsDay"][1]' contains text '3'.</msg>
<status status="PASS" starttime="20210326 11:42:44.227" endtime="20210326 11:42:44.252"></status>
</kw>
<kw name="Element Should Contain" library="Selenium2Library">
<doc>Verifies that element ``locator`` contains text ``expected``.</doc>
<arguments>
<arg>${XPATH_TO_VERIFY_CUSTOMER_TYPE}</arg>
<arg>${CUSTOMER_TYPE}</arg>
</arguments>
<msg timestamp="20210326 11:42:44.274" level="INFO">Element '//td[@data-mobile-label="Customer Type"][1]' contains text 'Personal'.</msg>
<status status="PASS" starttime="20210326 11:42:44.252" endtime="20210326 11:42:44.274"></status>
</kw>
<status status="PASS" starttime="20210326 11:42:41.847" endtime="20210326 11:42:44.274"></status>
</kw>
<kw name="Auditing the new bill" library="Resource">
<arguments>
<arg>${CYCLE_NAME}</arg>
<arg>${CUSTOMER_TYPE}</arg>
</arguments>
<kw name="Audit click" library="Resource">
<kw name="Setup" library="Resource">
<kw name="Reload Page" library="Selenium2Library">
<doc>Simulates user reloading page.</doc>
<status status="PASS" starttime="20210326 11:42:44.275" endtime="20210326 11:42:44.558"></status>
</kw>
<kw name="Set Selenium Implicit Wait" library="Selenium2Library">
<doc>Sets the implicit wait value used by Selenium.</doc>
<arguments>
<arg>10s</arg>
</arguments>
<status status="PASS" starttime="20210326 11:42:44.558" endtime="20210326 11:42:44.560"></status>
</kw>
<kw name="Click Element" library="Selenium2Library">
<doc>Click the element identified by ``locator``.</doc>
<arguments>
<arg>${CONFIGURATION}</arg>
</arguments>
<msg timestamp="20210326 11:42:44.560" level="INFO">Clicking element '//a[@class="ng-scope"]'.</msg>
<status status="PASS" starttime="20210326 11:42:44.560" endtime="20210326 11:42:45.291"></status>
</kw>
<kw name="Click Element" library="Selenium2Library">
<doc>Click the element identified by ``locator``.</doc>
<arguments>
<arg>${BILLING_CYCLE}</arg>
</arguments>
<msg timestamp="20210326 11:42:45.291" level="INFO">Clicking element '//a[@translate="Billing Cycles"]'.</msg>
<status status="PASS" starttime="20210326 11:42:45.291" endtime="20210326 11:42:46.134"></status>
</kw>
<status status="PASS" starttime="20210326 11:42:44.275" endtime="20210326 11:42:46.134"></status>
</kw>
<kw name="Click Element" library="Selenium2Library">
<doc>Click the element identified by ``locator``.</doc>
<arguments>
<arg>${XPATH_TO_AUDIT_BUTTON}</arg>
</arguments>
<msg timestamp="20210326 11:42:46.134" level="INFO">Clicking element '//a[@ng-click="showAuditLog(item); $event.stopPropagation()"][1]'.</msg>
<status status="PASS" starttime="20210326 11:42:46.134" endtime="20210326 11:42:46.176"></status>
</kw>
<kw name="Set Selenium Implicit Wait" library="Selenium2Library">
<doc>Sets the implicit wait value used by Selenium.</doc>
<arguments>
<arg>10s</arg>
</arguments>
<status status="PASS" starttime="20210326 11:42:46.176" endtime="20210326 11:42:46.177"></status>
</kw>
<kw name="Click Element" library="Selenium2Library">
<doc>Click the element identified by ``locator``.</doc>
<arguments>
<arg>${XPATH_TO_DROPDOWN_BUTTON}</arg>
</arguments>
<msg timestamp="20210326 11:42:46.177" level="INFO">Clicking element '//*[text()='DCBS'][1]'.</msg>
<status status="PASS" starttime="20210326 11:42:46.177" endtime="20210326 11:42:46.515"></status>
</kw>
<kw name="Set Selenium Implicit Wait" library="Selenium2Library">
<doc>Sets the implicit wait value used by Selenium.</doc>
<arguments>
<arg>10s</arg>
</arguments>
<status status="PASS" starttime="20210326 11:42:46.516" endtime="20210326 11:42:46.517"></status>
</kw>
<status status="PASS" starttime="20210326 11:42:44.275" endtime="20210326 11:42:46.517"></status>
</kw>
<kw name="Wait Until Page Contains" library="Selenium2Library">
<doc>Waits until ``text`` appears on the current page.</doc>
<arguments>
<arg>${CYCLE_NAME}</arg>
</arguments>
<status status="PASS" starttime="20210326 11:42:46.518" endtime="20210326 11:42:46.527"></status>
</kw>
<kw name="Wait Until Page Contains" library="Selenium2Library">
<doc>Waits until ``text`` appears on the current page.</doc>
<arguments>
<arg>${CUSTOMER_TYPE}</arg>
</arguments>
<status status="PASS" starttime="20210326 11:42:46.527" endtime="20210326 11:42:46.540"></status>
</kw>
<status status="PASS" starttime="20210326 11:42:44.274" endtime="20210326 11:42:46.542"></status>
</kw>
<kw name="Editing section" library="Resource">
<arguments>
<arg>${NEW_CYCLE_NAME}</arg>
<arg>${NEW_CUSTOMER_TYPE}</arg>
<arg>${EXPECTED_TEXT_TO_VERIFY}</arg>
</arguments>
<kw name="Edit bill cycle" library="Resource">
<kw name="Setup" library="Resource">
<kw name="Reload Page" library="Selenium2Library">
<doc>Simulates user reloading page.</doc>
<status status="PASS" starttime="20210326 11:42:46.543" endtime="20210326 11:42:46.824"></status>
</kw>
<kw name="Set Selenium Implicit Wait" library="Selenium2Library">
<doc>Sets the implicit wait value used by Selenium.</doc>
<arguments>
<arg>10s</arg>
</arguments>
<status status="PASS" starttime="20210326 11:42:46.824" endtime="20210326 11:42:46.825"></status>
</kw>
<kw name="Click Element" library="Selenium2Library">
<doc>Click the element identified by ``locator``.</doc>
<arguments>
<arg>${CONFIGURATION}</arg>
</arguments>
<msg timestamp="20210326 11:42:46.825" level="INFO">Clicking element '//a[@class="ng-scope"]'.</msg>
<status status="PASS" starttime="20210326 11:42:46.825" endtime="20210326 11:42:47.584"></status>
</kw>
<kw name="Click Element" library="Selenium2Library">
<doc>Click the element identified by ``locator``.</doc>
<arguments>
<arg>${BILLING_CYCLE}</arg>
</arguments>
<msg timestamp="20210326 11:42:47.584" level="INFO">Clicking element '//a[@translate="Billing Cycles"]'.</msg>
<status status="PASS" starttime="20210326 11:42:47.584" endtime="20210326 11:42:48.596"></status>
</kw>
<status status="PASS" starttime="20210326 11:42:46.542" endtime="20210326 11:42:48.596"></status>
</kw>
<kw name="Click Element" library="Selenium2Library">
<doc>Click the element identified by ``locator``.</doc>
<arguments>
<arg>${EDIT_BILL_BUTTON}</arg>
</arguments>
<msg timestamp="20210326 11:42:48.597" level="INFO">Clicking element '//a[@is-allowed="ngb.fe.billingConfigurations.billCycle.edit"]'.</msg>
<status status="PASS" starttime="20210326 11:42:48.596" endtime="20210326 11:42:48.654"></status>
</kw>
<status status="PASS" starttime="20210326 11:42:46.542" endtime="20210326 11:42:48.654"></status>
</kw>
<kw name="Input Text" library="Selenium2Library">
<doc>Types the given ``text`` into the text field identified by ``locator``.</doc>
<arguments>
<arg>${XPATH_TO_CYCLE_NAME_TEXTBOX}</arg>
<arg>${NEW_CYCLE_NAME}</arg>
</arguments>
<msg timestamp="20210326 11:42:48.654" level="INFO">Typing text 'v6vVjuqEuKd3AZn' into text field '//input[@name="configname"]'.</msg>
<status status="PASS" starttime="20210326 11:42:48.654" endtime="20210326 11:42:48.988"></status>
</kw>
<kw name="Select From List By Label" library="Selenium2Library">
<doc>Selects options from selection list ``locator`` by ``labels``.</doc>
<arguments>
<arg>${XPATH_TO_CUSTOMER_TYPE_TEXTBOX}</arg>
<arg>${NEW_CUSTOMER_TYPE}</arg>
</arguments>
<msg timestamp="20210326 11:42:48.988" level="INFO">Selecting options from selection list '//select[@name='customerType']' by label Personal.</msg>
<status status="PASS" starttime="20210326 11:42:48.988" endtime="20210326 11:42:49.032"></status>
</kw>
<kw name="Click Element" library="Selenium2Library">
<doc>Click the element identified by ``locator``.</doc>
<arguments>
<arg>${SAVE}</arg>
</arguments>
<msg timestamp="20210326 11:42:49.032" level="INFO">Clicking element '//*[text()='Save']'.</msg>
<status status="PASS" starttime="20210326 11:42:49.032" endtime="20210326 11:42:49.075"></status>
</kw>
<kw name="Wait Until Page Contains" library="Selenium2Library">
<doc>Waits until ``text`` appears on the current page.</doc>
<arguments>
<arg>${${EXPECTED_TEXT_TO_VERIFY}}</arg>
</arguments>
<status status="PASS" starttime="20210326 11:42:49.076" endtime="20210326 11:42:49.349"></status>
</kw>
<kw name="Reload Page" library="Selenium2Library">
<doc>Simulates user reloading page.</doc>
<status status="PASS" starttime="20210326 11:42:49.349" endtime="20210326 11:42:49.682"></status>
</kw>
<status status="PASS" starttime="20210326 11:42:46.542" endtime="20210326 11:42:49.683"></status>
</kw>
<status status="PASS" starttime="20210326 11:42:41.846" endtime="20210326 11:42:49.683"></status>
</kw>
<status status="PASS" starttime="20210326 11:42:41.846" endtime="20210326 11:42:49.683"></status>
</kw>
<kw name="Run Keyword If" library="BuiltIn">
<doc>Runs the given keyword with the given arguments, if ``condition`` is true.</doc>
<arguments>
<arg>'${EXPECTED_TEXT_TO_VERIFY}'=='Pass'</arg>
<arg>Edit Verification and Audit</arg>
<arg>${NEW_CYCLE_NAME}</arg>
<arg>${NEW_CUSTOMER_TYPE}</arg>
<arg>${CYCLE_NAME}</arg>
<arg>${CUSTOMER_TYPE}</arg>
</arguments>
<kw name="Edit Verification and Audit" library="Resource">
<arguments>
<arg>${NEW_CYCLE_NAME}</arg>
<arg>${NEW_CUSTOMER_TYPE}</arg>
<arg>${CYCLE_NAME}</arg>
<arg>${CUSTOMER_TYPE}</arg>
</arguments>
<kw name="Edit verification" library="Resource">
<arguments>
<arg>${NEW_CYCLE_NAME}</arg>
<arg>${NEW_CUSTOMER_TYPE}</arg>
</arguments>
<kw name="Setup" library="Resource">
<kw name="Reload Page" library="Selenium2Library">
<doc>Simulates user reloading page.</doc>
<status status="PASS" starttime="20210326 11:42:49.684" endtime="20210326 11:42:49.973"></status>
</kw>
<kw name="Set Selenium Implicit Wait" library="Selenium2Library">
<doc>Sets the implicit wait value used by Selenium.</doc>
<arguments>
<arg>10s</arg>
</arguments>
<status status="PASS" starttime="20210326 11:42:49.973" endtime="20210326 11:42:49.974"></status>
</kw>
<kw name="Click Element" library="Selenium2Library">
<doc>Click the element identified by ``locator``.</doc>
<arguments>
<arg>${CONFIGURATION}</arg>
</arguments>
<msg timestamp="20210326 11:42:49.975" level="INFO">Clicking element '//a[@class="ng-scope"]'.</msg>
<status status="PASS" starttime="20210326 11:42:49.974" endtime="20210326 11:42:50.718"></status>
</kw>
<kw name="Click Element" library="Selenium2Library">
<doc>Click the element identified by ``locator``.</doc>
<arguments>
<arg>${BILLING_CYCLE}</arg>
</arguments>
<msg timestamp="20210326 11:42:50.718" level="INFO">Clicking element '//a[@translate="Billing Cycles"]'.</msg>
<status status="PASS" starttime="20210326 11:42:50.718" endtime="20210326 11:42:51.747"></status>
</kw>
<status status="PASS" starttime="20210326 11:42:49.684" endtime="20210326 11:42:51.747"></status>
</kw>
<kw name="Element Should Contain" library="Selenium2Library">
<doc>Verifies that element ``locator`` contains text ``expected``.</doc>
<arguments>
<arg>${XPATH_TO_VERIFY_NAME}</arg>
<arg>${NEW_CYCLE_NAME}</arg>
</arguments>
<msg timestamp="20210326 11:42:51.769" level="INFO">Element '//td[@data-role="name"]' contains text 'v6vVjuqEuKd3AZn'.</msg>
<status status="PASS" starttime="20210326 11:42:51.747" endtime="20210326 11:42:51.769"></status>
</kw>
<kw name="Element Should Contain" library="Selenium2Library">
<doc>Verifies that element ``locator`` contains text ``expected``.</doc>
<arguments>
<arg>${XPATH_TO_VERIFY_CUSTOMER_TYPE}</arg>
<arg>${NEW_CUSTOMER_TYPE}</arg>
</arguments>
<msg timestamp="20210326 11:42:51.793" level="INFO">Element '//td[@data-mobile-label="Customer Type"][1]' contains text 'Personal'.</msg>
<status status="PASS" starttime="20210326 11:42:51.769" endtime="20210326 11:42:51.793"></status>
</kw>
<status status="PASS" starttime="20210326 11:42:49.684" endtime="20210326 11:42:51.793"></status>
</kw>
<kw name="Audit check of edited bill" library="Resource">
<arguments>
<arg>${NEW_CYCLE_NAME}</arg>
<arg>${NEW_CUSTOMER_TYPE}</arg>
<arg>${CYCLE_NAME}</arg>
<arg>${CUSTOMER_TYPE}</arg>
</arguments>
<kw name="Audit click" library="Resource">
<kw name="Setup" library="Resource">
<kw name="Reload Page" library="Selenium2Library">
<doc>Simulates user reloading page.</doc>
<status status="PASS" starttime="20210326 11:42:51.794" endtime="20210326 11:42:52.079"></status>
</kw>
<kw name="Set Selenium Implicit Wait" library="Selenium2Library">
<doc>Sets the implicit wait value used by Selenium.</doc>
<arguments>
<arg>10s</arg>
</arguments>
<status status="PASS" starttime="20210326 11:42:52.079" endtime="20210326 11:42:52.080"></status>
</kw>
<kw name="Click Element" library="Selenium2Library">
<doc>Click the element identified by ``locator``.</doc>
<arguments>
<arg>${CONFIGURATION}</arg>
</arguments>
<msg timestamp="20210326 11:42:52.080" level="INFO">Clicking element '//a[@class="ng-scope"]'.</msg>
<status status="PASS" starttime="20210326 11:42:52.080" endtime="20210326 11:42:52.833"></status>
</kw>
<kw name="Click Element" library="Selenium2Library">
<doc>Click the element identified by ``locator``.</doc>
<arguments>
<arg>${BILLING_CYCLE}</arg>
</arguments>
<msg timestamp="20210326 11:42:52.834" level="INFO">Clicking element '//a[@translate="Billing Cycles"]'.</msg>
<status status="PASS" starttime="20210326 11:42:52.833" endtime="20210326 11:42:53.644"></status>
</kw>
<status status="PASS" starttime="20210326 11:42:51.794" endtime="20210326 11:42:53.644"></status>
</kw>
<kw name="Click Element" library="Selenium2Library">
<doc>Click the element identified by ``locator``.</doc>
<arguments>
<arg>${XPATH_TO_AUDIT_BUTTON}</arg>
</arguments>
<msg timestamp="20210326 11:42:53.645" level="INFO">Clicking element '//a[@ng-click="showAuditLog(item); $event.stopPropagation()"][1]'.</msg>
<status status="PASS" starttime="20210326 11:42:53.645" endtime="20210326 11:42:53.694"></status>
</kw>
<kw name="Set Selenium Implicit Wait" library="Selenium2Library">
<doc>Sets the implicit wait value used by Selenium.</doc>
<arguments>
<arg>10s</arg>
</arguments>
<status status="PASS" starttime="20210326 11:42:53.694" endtime="20210326 11:42:53.696"></status>
</kw>
<kw name="Click Element" library="Selenium2Library">
<doc>Click the element identified by ``locator``.</doc>
<arguments>
<arg>${XPATH_TO_DROPDOWN_BUTTON}</arg>
</arguments>
<msg timestamp="20210326 11:42:53.696" level="INFO">Clicking element '//*[text()='DCBS'][1]'.</msg>
<status status="PASS" starttime="20210326 11:42:53.696" endtime="20210326 11:42:54.017"></status>
</kw>
<kw name="Set Selenium Implicit Wait" library="Selenium2Library">
<doc>Sets the implicit wait value used by Selenium.</doc>
<arguments>
<arg>10s</arg>
</arguments>
<status status="PASS" starttime="20210326 11:42:54.017" endtime="20210326 11:42:54.018"></status>
</kw>
<status status="PASS" starttime="20210326 11:42:51.794" endtime="20210326 11:42:54.018"></status>
</kw>
<kw name="Wait Until Page Contains" library="Selenium2Library">
<doc>Waits until ``text`` appears on the current page.</doc>
<arguments>
<arg>${NEW_CYCLE_NAME}</arg>
</arguments>
<status status="PASS" starttime="20210326 11:42:54.019" endtime="20210326 11:42:54.032"></status>
</kw>
<kw name="Wait Until Page Contains" library="Selenium2Library">
<doc>Waits until ``text`` appears on the current page.</doc>
<arguments>
<arg>${NEW_CUSTOMER_TYPE}</arg>
</arguments>
<status status="PASS" starttime="20210326 11:42:54.032" endtime="20210326 11:42:54.046"></status>
</kw>
<kw name="Wait Until Page Contains" library="Selenium2Library">
<doc>Waits until ``text`` appears on the current page.</doc>
<arguments>
<arg>${CYCLE_NAME}</arg>
</arguments>
<status status="PASS" starttime="20210326 11:42:54.046" endtime="20210326 11:42:54.060"></status>
</kw>
<kw name="Wait Until Page Contains" library="Selenium2Library">
<doc>Waits until ``text`` appears on the current page.</doc>
<arguments>
<arg>${CUSTOMER_TYPE}</arg>
</arguments>
<status status="PASS" starttime="20210326 11:42:54.060" endtime="20210326 11:42:54.069"></status>
</kw>
<status status="PASS" starttime="20210326 11:42:51.793" endtime="20210326 11:42:54.069"></status>
</kw>
<status status="PASS" starttime="20210326 11:42:49.683" endtime="20210326 11:42:54.069"></status>
</kw>
<status status="PASS" starttime="20210326 11:42:49.683" endtime="20210326 11:42:54.069"></status>
</kw>
<status status="PASS" starttime="20210326 11:42:37.981" endtime="20210326 11:42:54.070"></status>
</kw>
<status status="PASS" starttime="20210326 11:42:37.981" endtime="20210326 11:42:54.070" critical="yes"></status>
</test>
<test id="s1-t2" name="first test">
<kw name="New Bill Generation">
<arguments>
<arg>${RANDOM_CYCLE_NAME}</arg>
<arg>biMonthly</arg>
<arg>5</arg>
<arg>6</arg>
<arg>Personal</arg>
<arg>${RANDOM_EDIT_NAME}</arg>
<arg>Personal</arg>
<arg>Pass</arg>
<arg>Pass</arg>
</arguments>
<kw name="New bill cycle" library="Resource">
<kw name="Setup" library="Resource">
<kw name="Reload Page" library="Selenium2Library">
<doc>Simulates user reloading page.</doc>
<status status="PASS" starttime="20210326 11:42:54.073" endtime="20210326 11:42:54.359"></status>
</kw>
<kw name="Set Selenium Implicit Wait" library="Selenium2Library">
<doc>Sets the implicit wait value used by Selenium.</doc>
<arguments>
<arg>10s</arg>
</arguments>
<status status="PASS" starttime="20210326 11:42:54.360" endtime="20210326 11:42:54.361"></status>
</kw>
<kw name="Click Element" library="Selenium2Library">
<doc>Click the element identified by ``locator``.</doc>
<arguments>
<arg>${CONFIGURATION}</arg>
</arguments>
<msg timestamp="20210326 11:42:54.361" level="INFO">Clicking element '//a[@class="ng-scope"]'.</msg>
<status status="PASS" starttime="20210326 11:42:54.361" endtime="20210326 11:42:55.107"></status>
</kw>
<kw name="Click Element" library="Selenium2Library">
<doc>Click the element identified by ``locator``.</doc>
<arguments>
<arg>${BILLING_CYCLE}</arg>
</arguments>
<msg timestamp="20210326 11:42:55.107" level="INFO">Clicking element '//a[@translate="Billing Cycles"]'.</msg>
<status status="PASS" starttime="20210326 11:42:55.107" endtime="20210326 11:42:55.730"></status>
</kw>
<status status="PASS" starttime="20210326 11:42:54.072" endtime="20210326 11:42:55.730"></status>
</kw>
<kw name="Click Element" library="Selenium2Library">
<doc>Click the element identified by ``locator``.</doc>
<arguments>
<arg>${NEW_BILL_CYCLE}</arg>
</arguments>
<msg timestamp="20210326 11:42:55.730" level="INFO">Clicking element '//button[@class="btn btn-primary btn-xs"]'.</msg>
<status status="PASS" starttime="20210326 11:42:55.730" endtime="20210326 11:42:55.791"></status>
</kw>
<status status="PASS" starttime="20210326 11:42:54.072" endtime="20210326 11:42:55.791"></status>
</kw>
<kw name="Initialize Random Variables" library="Resource">
<kw name="Generate Random String" library="String">
<doc>Generates a string with a desired ``length`` from the given ``chars``.</doc>
<arguments>
<arg>15</arg>
</arguments>
<assign>
<var>${RANDOM_CYCLE_NAME}</var>
</assign>
<msg timestamp="20210326 11:42:55.792" level="INFO">${RANDOM_CYCLE_NAME} = 3lUyDcMXtbyoB2D</msg>
<status status="PASS" starttime="20210326 11:42:55.792" endtime="20210326 11:42:55.792"></status>
</kw>
<kw name="Set Global Variable" library="BuiltIn">
<doc>Makes a variable available globally in all tests and suites.</doc>
<arguments>
<arg>${RANDOM_CYCLE_NAME}</arg>
</arguments>
<msg timestamp="20210326 11:42:55.793" level="INFO">${RANDOM_CYCLE_NAME} = 3lUyDcMXtbyoB2D</msg>
<status status="PASS" starttime="20210326 11:42:55.792" endtime="20210326 11:42:55.793"></status>
</kw>
<kw name="Generate Random String" library="String">
<doc>Generates a string with a desired ``length`` from the given ``chars``.</doc>
<arguments>
<arg>15</arg>
</arguments>
<assign>
<var>${RANDOM_EDIT_NAME}</var>
</assign>
<msg timestamp="20210326 11:42:55.793" level="INFO">${RANDOM_EDIT_NAME} = vsKWJwcOuiyvkyp</msg>
<status status="PASS" starttime="20210326 11:42:55.793" endtime="20210326 11:42:55.793"></status>
</kw>
<kw name="Set Global Variable" library="BuiltIn">
<doc>Makes a variable available globally in all tests and suites.</doc>
<arguments>
<arg>${RANDOM_EDIT_NAME}</arg>
</arguments>
<msg timestamp="20210326 11:42:55.793" level="INFO">${RANDOM_EDIT_NAME} = vsKWJwcOuiyvkyp</msg>
<status status="PASS" starttime="20210326 11:42:55.793" endtime="20210326 11:42:55.793"></status>
</kw>
<status status="PASS" starttime="20210326 11:42:55.792" endtime="20210326 11:42:55.794"></status>
</kw>
<kw name="Give input to new bill cycle" library="Resource">
<arguments>
<arg>${CYCLE_NAME}</arg>
<arg>${PERIODICITY}</arg>
<arg>${START_DATE}</arg>
<arg>${START_MONTH}</arg>
<arg>${CUSTOMER_TYPE}</arg>
</arguments>
<kw name="Input Text" library="Selenium2Library">
<doc>Types the given ``text`` into the text field identified by ``locator``.</doc>
<arguments>
<arg>${XPATH_TO_CYCLE_NAME_TEXTBOX}</arg>
<arg>${CYCLE_NAME}</arg>
</arguments>
<msg timestamp="20210326 11:42:55.795" level="INFO">Typing text '1vgi1HzXHaLOYN4' into text field '//input[@name="configname"]'.</msg>
<status status="PASS" starttime="20210326 11:42:55.794" endtime="20210326 11:42:55.940"></status>
</kw>
<kw name="Select From List By Label" library="Selenium2Library">
<doc>Selects options from selection list ``locator`` by ``labels``.</doc>
<arguments>
<arg>${XPATH_TO_PERIODICITY_TEXTBOX}</arg>
<arg>${PERIODICITY}</arg>
</arguments>
<msg timestamp="20210326 11:42:55.941" level="INFO">Selecting options from selection list '//select[@ng-change='resetbimonthly()']' by label biMonthly.</msg>
<status status="PASS" starttime="20210326 11:42:55.940" endtime="20210326 11:42:56.027"></status>
</kw>
<kw name="Select From List By Label" library="Selenium2Library">
<doc>Selects options from selection list ``locator`` by ``labels``.</doc>
<arguments>
<arg>${XPATH_TO_START_DATE_TEXTBOX}</arg>
<arg>${START_DATE}</arg>
</arguments>
<msg timestamp="20210326 11:42:56.028" level="INFO">Selecting options from selection list '//select[@name='starts']' by label 5.</msg>
<status status="PASS" starttime="20210326 11:42:56.028" endtime="20210326 11:42:56.112"></status>
</kw>
<kw name="Select From List By Label" library="Selenium2Library">
<doc>Selects options from selection list ``locator`` by ``labels``.</doc>
<arguments>
<arg>${XPATH_TO_START_MONTH_TEXTBOX}</arg>
<arg>${START_MONTH}</arg>
</arguments>
<msg timestamp="20210326 11:42:56.112" level="INFO">Selecting options from selection list '//select[@name='startsFrom']' by label 6.</msg>
<status status="PASS" starttime="20210326 11:42:56.112" endtime="20210326 11:42:56.200"></status>
</kw>
<kw name="Select From List By Label" library="Selenium2Library">
<doc>Selects options from selection list ``locator`` by ``labels``.</doc>
<arguments>
<arg>${XPATH_TO_CUSTOMER_TYPE_TEXTBOX}</arg>
<arg>${CUSTOMER_TYPE}</arg>
</arguments>
<msg timestamp="20210326 11:42:56.201" level="INFO">Selecting options from selection list '//select[@name='customerType']' by label Personal.</msg>
<status status="PASS" starttime="20210326 11:42:56.200" endtime="20210326 11:42:56.267"></status>
</kw>
<kw name="Click Element" library="Selenium2Library">
<doc>Click the element identified by ``locator``.</doc>
<arguments>
<arg>${SAVE}</arg>
</arguments>
<msg timestamp="20210326 11:42:56.267" level="INFO">Clicking element '//*[text()='Save']'.</msg>
<status status="PASS" starttime="20210326 11:42:56.267" endtime="20210326 11:42:56.310"></status>
</kw>
<status status="PASS" starttime="20210326 11:42:55.794" endtime="20210326 11:42:56.310"></status>
</kw>
<kw name="Wait Until Page Contains" library="Selenium2Library">
<doc>Waits until ``text`` appears on the current page.</doc>
<arguments>
<arg>${${EXPECTED_TEXT_TO_VERIFY_NEW_BILL}}</arg>
</arguments>
<status status="PASS" starttime="20210326 11:42:56.310" endtime="20210326 11:42:56.589"></status>
</kw>
<kw name="Run Keyword If" library="BuiltIn">
<doc>Runs the given keyword with the given arguments, if ``condition`` is true.</doc>
<arguments>
<arg>'${EXPECTED_TEXT_TO_VERIFY_NEW_BILL}'=='Pass'</arg>
<arg>Verify,Audit and Edit the newly genrated bill</arg>
<arg>${CYCLE_NAME}</arg>
<arg>${PERIODICITY}</arg>
<arg>${START_DATE}</arg>
<arg>${CUSTOMER_TYPE}</arg>
<arg>${NEW_CYCLE_NAME}</arg>
<arg>${NEW_CUSTOMER_TYPE}</arg>
<arg>${EXPECTED_TEXT_TO_VERIFY}</arg>
</arguments>
<kw name="Verify,Audit and Edit the newly genrated bill" library="Resource">
<arguments>
<arg>${CYCLE_NAME}</arg>
<arg>${PERIODICITY}</arg>
<arg>${START_DATE}</arg>
<arg>${CUSTOMER_TYPE}</arg>
<arg>${NEW_CYCLE_NAME}</arg>
<arg>${NEW_CUSTOMER_TYPE}</arg>
<arg>${EXPECTED_TEXT_TO_VERIFY}</arg>
</arguments>
<kw name="Verification" library="Resource">
<arguments>
<arg>${CYCLE_NAME}</arg>
<arg>${PERIODICITY}</arg>
<arg>${START_DATE}</arg>
<arg>${CUSTOMER_TYPE}</arg>
</arguments>
<kw name="Setup" library="Resource">
<kw name="Reload Page" library="Selenium2Library">
<doc>Simulates user reloading page.</doc>
<status status="PASS" starttime="20210326 11:42:56.591" endtime="20210326 11:42:56.597"></status>
</kw>
<kw name="Set Selenium Implicit Wait" library="Selenium2Library">
<doc>Sets the implicit wait value used by Selenium.</doc>
<arguments>
<arg>10s</arg>
</arguments>
<status status="PASS" starttime="20210326 11:42:56.597" endtime="20210326 11:42:56.599"></status>
</kw>
<kw name="Click Element" library="Selenium2Library">
<doc>Click the element identified by ``locator``.</doc>
<arguments>
<arg>${CONFIGURATION}</arg>
</arguments>
<msg timestamp="20210326 11:42:56.599" level="INFO">Clicking element '//a[@class="ng-scope"]'.</msg>
<status status="PASS" starttime="20210326 11:42:56.599" endtime="20210326 11:42:57.656"></status>
</kw>
<kw name="Click Element" library="Selenium2Library">
<doc>Click the element identified by ``locator``.</doc>
<arguments>
<arg>${BILLING_CYCLE}</arg>
</arguments>
<msg timestamp="20210326 11:42:57.657" level="INFO">Clicking element '//a[@translate="Billing Cycles"]'.</msg>
<status status="PASS" starttime="20210326 11:42:57.657" endtime="20210326 11:42:59.088"></status>
</kw>
<status status="PASS" starttime="20210326 11:42:56.591" endtime="20210326 11:42:59.088"></status>
</kw>
<kw name="Wait Until Page Contains" library="Selenium2Library">
<doc>Waits until ``text`` appears on the current page.</doc>
<arguments>
<arg>${CYCLE_NAME}</arg>
</arguments>
<status status="PASS" starttime="20210326 11:42:59.088" endtime="20210326 11:42:59.100"></status>
</kw>
<kw name="Element Should Contain" library="Selenium2Library">
<doc>Verifies that element ``locator`` contains text ``expected``.</doc>
<arguments>
<arg>${XPATH_TO_VERIFY_PERIODICITY}</arg>
<arg>${PERIODICITY}</arg>
</arguments>
<msg timestamp="20210326 11:42:59.124" level="INFO">Element '//td[@data-mobile-label="Periodicity"][1]' contains text 'biMonthly'.</msg>
<status status="PASS" starttime="20210326 11:42:59.100" endtime="20210326 11:42:59.124"></status>
</kw>
<kw name="Element Should Contain" library="Selenium2Library">
<doc>Verifies that element ``locator`` contains text ``expected``.</doc>
<arguments>
<arg>${XPATH_TO_VERIFY_START_DATE}</arg>
<arg>${START_DATE}</arg>
</arguments>
<msg timestamp="20210326 11:42:59.147" level="INFO">Element '//td[@data-mobile-label="StartsDay"][1]' contains text '5'.</msg>
<status status="PASS" starttime="20210326 11:42:59.124" endtime="20210326 11:42:59.148"></status>
</kw>
<kw name="Element Should Contain" library="Selenium2Library">
<doc>Verifies that element ``locator`` contains text ``expected``.</doc>
<arguments>
<arg>${XPATH_TO_VERIFY_CUSTOMER_TYPE}</arg>
<arg>${CUSTOMER_TYPE}</arg>
</arguments>
<msg timestamp="20210326 11:42:59.170" level="INFO">Element '//td[@data-mobile-label="Customer Type"][1]' contains text 'Personal'.</msg>
<status status="PASS" starttime="20210326 11:42:59.148" endtime="20210326 11:42:59.170"></status>
</kw>
<status status="PASS" starttime="20210326 11:42:56.590" endtime="20210326 11:42:59.170"></status>
</kw>
<kw name="Auditing the new bill" library="Resource">
<arguments>
<arg>${CYCLE_NAME}</arg>
<arg>${CUSTOMER_TYPE}</arg>
</arguments>
<kw name="Audit click" library="Resource">
<kw name="Setup" library="Resource">
<kw name="Reload Page" library="Selenium2Library">
<doc>Simulates user reloading page.</doc>
<status status="PASS" starttime="20210326 11:42:59.171" endtime="20210326 11:42:59.453"></status>
</kw>
<kw name="Set Selenium Implicit Wait" library="Selenium2Library">
<doc>Sets the implicit wait value used by Selenium.</doc>
<arguments>
<arg>10s</arg>
</arguments>
<status status="PASS" starttime="20210326 11:42:59.453" endtime="20210326 11:42:59.455"></status>
</kw>
<kw name="Click Element" library="Selenium2Library">
<doc>Click the element identified by ``locator``.</doc>
<arguments>
<arg>${CONFIGURATION}</arg>
</arguments>
<msg timestamp="20210326 11:42:59.455" level="INFO">Clicking element '//a[@class="ng-scope"]'.</msg>
<status status="PASS" starttime="20210326 11:42:59.455" endtime="20210326 11:43:00.189"></status>
</kw>
<kw name="Click Element" library="Selenium2Library">
<doc>Click the element identified by ``locator``.</doc>
<arguments>
<arg>${BILLING_CYCLE}</arg>
</arguments>
<msg timestamp="20210326 11:43:00.189" level="INFO">Clicking element '//a[@translate="Billing Cycles"]'.</msg>
<status status="PASS" starttime="20210326 11:43:00.189" endtime="20210326 11:43:00.864"></status>
</kw>
<status status="PASS" starttime="20210326 11:42:59.171" endtime="20210326 11:43:00.864"></status>
</kw>
<kw name="Click Element" library="Selenium2Library">
<doc>Click the element identified by ``locator``.</doc>
<arguments>
<arg>${XPATH_TO_AUDIT_BUTTON}</arg>
</arguments>
<msg timestamp="20210326 11:43:00.865" level="INFO">Clicking element '//a[@ng-click="showAuditLog(item); $event.stopPropagation()"][1]'.</msg>
<status status="PASS" starttime="20210326 11:43:00.864" endtime="20210326 11:43:00.910"></status>
</kw>
<kw name="Set Selenium Implicit Wait" library="Selenium2Library">
<doc>Sets the implicit wait value used by Selenium.</doc>
<arguments>
<arg>10s</arg>
</arguments>
<status status="PASS" starttime="20210326 11:43:00.910" endtime="20210326 11:43:00.911"></status>
</kw>
<kw name="Click Element" library="Selenium2Library">
<doc>Click the element identified by ``locator``.</doc>
<arguments>
<arg>${XPATH_TO_DROPDOWN_BUTTON}</arg>
</arguments>
<msg timestamp="20210326 11:43:00.912" level="INFO">Clicking element '//*[text()='DCBS'][1]'.</msg>
<status status="PASS" starttime="20210326 11:43:00.911" endtime="20210326 11:43:01.207"></status>
</kw>
<kw name="Set Selenium Implicit Wait" library="Selenium2Library">
<doc>Sets the implicit wait value used by Selenium.</doc>
<arguments>
<arg>10s</arg>
</arguments>
<status status="PASS" starttime="20210326 11:43:01.207" endtime="20210326 11:43:01.209"></status>
</kw>
<status status="PASS" starttime="20210326 11:42:59.171" endtime="20210326 11:43:01.209"></status>
</kw>
<kw name="Wait Until Page Contains" library="Selenium2Library">
<doc>Waits until ``text`` appears on the current page.</doc>
<arguments>
<arg>${CYCLE_NAME}</arg>
</arguments>
<status status="PASS" starttime="20210326 11:43:01.209" endtime="20210326 11:43:01.220"></status>
</kw>
<kw name="Wait Until Page Contains" library="Selenium2Library">
<doc>Waits until ``text`` appears on the current page.</doc>
<arguments>
<arg>${CUSTOMER_TYPE}</arg>
</arguments>
<status status="PASS" starttime="20210326 11:43:01.220" endtime="20210326 11:43:01.233"></status>
</kw>
<status status="PASS" starttime="20210326 11:42:59.170" endtime="20210326 11:43:01.233"></status>
</kw>
<kw name="Editing section" library="Resource">
<arguments>
<arg>${NEW_CYCLE_NAME}</arg>
<arg>${NEW_CUSTOMER_TYPE}</arg>
<arg>${EXPECTED_TEXT_TO_VERIFY}</arg>
</arguments>
<kw name="Edit bill cycle" library="Resource">
<kw name="Setup" library="Resource">
<kw name="Reload Page" library="Selenium2Library">
<doc>Simulates user reloading page.</doc>
<status status="PASS" starttime="20210326 11:43:01.234" endtime="20210326 11:43:01.535"></status>
</kw>
<kw name="Set Selenium Implicit Wait" library="Selenium2Library">
<doc>Sets the implicit wait value used by Selenium.</doc>
<arguments>
<arg>10s</arg>
</arguments>
<status status="PASS" starttime="20210326 11:43:01.535" endtime="20210326 11:43:01.536"></status>
</kw>
<kw name="Click Element" library="Selenium2Library">
<doc>Click the element identified by ``locator``.</doc>
<arguments>
<arg>${CONFIGURATION}</arg>
</arguments>
<msg timestamp="20210326 11:43:01.536" level="INFO">Clicking element '//a[@class="ng-scope"]'.</msg>
<status status="PASS" starttime="20210326 11:43:01.536" endtime="20210326 11:43:02.302"></status>
</kw>
<kw name="Click Element" library="Selenium2Library">
<doc>Click the element identified by ``locator``.</doc>
<arguments>
<arg>${BILLING_CYCLE}</arg>
</arguments>
<msg timestamp="20210326 11:43:02.302" level="INFO">Clicking element '//a[@translate="Billing Cycles"]'.</msg>
<status status="PASS" starttime="20210326 11:43:02.302" endtime="20210326 11:43:03.106"></status>
</kw>
<status status="PASS" starttime="20210326 11:43:01.234" endtime="20210326 11:43:03.106"></status>
</kw>
<kw name="Click Element" library="Selenium2Library">
<doc>Click the element identified by ``locator``.</doc>
<arguments>
<arg>${EDIT_BILL_BUTTON}</arg>
</arguments>
<msg timestamp="20210326 11:43:03.106" level="INFO">Clicking element '//a[@is-allowed="ngb.fe.billingConfigurations.billCycle.edit"]'.</msg>
<status status="PASS" starttime="20210326 11:43:03.106" endtime="20210326 11:43:03.158"></status>
</kw>
<status status="PASS" starttime="20210326 11:43:01.233" endtime="20210326 11:43:03.158"></status>
</kw>
<kw name="Input Text" library="Selenium2Library">
<doc>Types the given ``text`` into the text field identified by ``locator``.</doc>
<arguments>
<arg>${XPATH_TO_CYCLE_NAME_TEXTBOX}</arg>
<arg>${NEW_CYCLE_NAME}</arg>
</arguments>
<msg timestamp="20210326 11:43:03.159" level="INFO">Typing text 'NBktRiTrQerHYvY' into text field '//input[@name="configname"]'.</msg>
<status status="PASS" starttime="20210326 11:43:03.158" endtime="20210326 11:43:03.313"></status>
</kw>
<kw name="Select From List By Label" library="Selenium2Library">
<doc>Selects options from selection list ``locator`` by ``labels``.</doc>
<arguments>
<arg>${XPATH_TO_CUSTOMER_TYPE_TEXTBOX}</arg>
<arg>${NEW_CUSTOMER_TYPE}</arg>
</arguments>
<msg timestamp="20210326 11:43:03.315" level="INFO">Selecting options from selection list '//select[@name='customerType']' by label Personal.</msg>
<status status="PASS" starttime="20210326 11:43:03.314" endtime="20210326 11:43:03.366"></status>
</kw>
<kw name="Click Element" library="Selenium2Library">
<doc>Click the element identified by ``locator``.</doc>
<arguments>
<arg>${SAVE}</arg>
</arguments>
<msg timestamp="20210326 11:43:03.366" level="INFO">Clicking element '//*[text()='Save']'.</msg>
<status status="PASS" starttime="20210326 11:43:03.366" endtime="20210326 11:43:03.418"></status>
</kw>
<kw name="Wait Until Page Contains" library="Selenium2Library">
<doc>Waits until ``text`` appears on the current page.</doc>
<arguments>
<arg>${${EXPECTED_TEXT_TO_VERIFY}}</arg>
</arguments>
<status status="PASS" starttime="20210326 11:43:03.418" endtime="20210326 11:43:03.703"></status>
</kw>
<kw name="Reload Page" library="Selenium2Library">
<doc>Simulates user reloading page.</doc>
<status status="PASS" starttime="20210326 11:43:03.704" endtime="20210326 11:43:04.006"></status>
</kw>
<status status="PASS" starttime="20210326 11:43:01.233" endtime="20210326 11:43:04.006"></status>
</kw>
<status status="PASS" starttime="20210326 11:42:56.590" endtime="20210326 11:43:04.006"></status>
</kw>
<status status="PASS" starttime="20210326 11:42:56.589" endtime="20210326 11:43:04.006"></status>
</kw>
<kw name="Run Keyword If" library="BuiltIn">
<doc>Runs the given keyword with the given arguments, if ``condition`` is true.</doc>
<arguments>
<arg>'${EXPECTED_TEXT_TO_VERIFY}'=='Pass'</arg>
<arg>Edit Verification and Audit</arg>
<arg>${NEW_CYCLE_NAME}</arg>
<arg>${NEW_CUSTOMER_TYPE}</arg>
<arg>${CYCLE_NAME}</arg>
<arg>${CUSTOMER_TYPE}</arg>
</arguments>
<kw name="Edit Verification and Audit" library="Resource">
<arguments>
<arg>${NEW_CYCLE_NAME}</arg>
<arg>${NEW_CUSTOMER_TYPE}</arg>
<arg>${CYCLE_NAME}</arg>
<arg>${CUSTOMER_TYPE}</arg>
</arguments>
<kw name="Edit verification" library="Resource">
<arguments>
<arg>${NEW_CYCLE_NAME}</arg>
<arg>${NEW_CUSTOMER_TYPE}</arg>
</arguments>
<kw name="Setup" library="Resource">
<kw name="Reload Page" library="Selenium2Library">
<doc>Simulates user reloading page.</doc>
<status status="PASS" starttime="20210326 11:43:04.008" endtime="20210326 11:43:04.489"></status>
</kw>
<kw name="Set Selenium Implicit Wait" library="Selenium2Library">
<doc>Sets the implicit wait value used by Selenium.</doc>
<arguments>
<arg>10s</arg>
</arguments>
<status status="PASS" starttime="20210326 11:43:04.489" endtime="20210326 11:43:04.491"></status>
</kw>
<kw name="Click Element" library="Selenium2Library">
<doc>Click the element identified by ``locator``.</doc>
<arguments>
<arg>${CONFIGURATION}</arg>
</arguments>
<msg timestamp="20210326 11:43:04.492" level="INFO">Clicking element '//a[@class="ng-scope"]'.</msg>
<status status="PASS" starttime="20210326 11:43:04.492" endtime="20210326 11:43:05.232"></status>
</kw>
<kw name="Click Element" library="Selenium2Library">
<doc>Click the element identified by ``locator``.</doc>
<arguments>
<arg>${BILLING_CYCLE}</arg>
</arguments>
<msg timestamp="20210326 11:43:05.233" level="INFO">Clicking element '//a[@translate="Billing Cycles"]'.</msg>
<status status="PASS" starttime="20210326 11:43:05.232" endtime="20210326 11:43:06.229"></status>
</kw>
<status status="PASS" starttime="20210326 11:43:04.008" endtime="20210326 11:43:06.229"></status>
</kw>
<kw name="Element Should Contain" library="Selenium2Library">
<doc>Verifies that element ``locator`` contains text ``expected``.</doc>
<arguments>
<arg>${XPATH_TO_VERIFY_NAME}</arg>
<arg>${NEW_CYCLE_NAME}</arg>
</arguments>
<msg timestamp="20210326 11:43:06.251" level="INFO">Element '//td[@data-role="name"]' contains text 'NBktRiTrQerHYvY'.</msg>
<status status="PASS" starttime="20210326 11:43:06.229" endtime="20210326 11:43:06.251"></status>
</kw>
<kw name="Element Should Contain" library="Selenium2Library">
<doc>Verifies that element ``locator`` contains text ``expected``.</doc>
<arguments>
<arg>${XPATH_TO_VERIFY_CUSTOMER_TYPE}</arg>
<arg>${NEW_CUSTOMER_TYPE}</arg>
</arguments>
<msg timestamp="20210326 11:43:06.273" level="INFO">Element '//td[@data-mobile-label="Customer Type"][1]' contains text 'Personal'.</msg>
<status status="PASS" starttime="20210326 11:43:06.251" endtime="20210326 11:43:06.273"></status>
</kw>
<status status="PASS" starttime="20210326 11:43:04.007" endtime="20210326 11:43:06.274"></status>
</kw>
<kw name="Audit check of edited bill" library="Resource">
<arguments>
<arg>${NEW_CYCLE_NAME}</arg>
<arg>${NEW_CUSTOMER_TYPE}</arg>
<arg>${CYCLE_NAME}</arg>
<arg>${CUSTOMER_TYPE}</arg>
</arguments>
<kw name="Audit click" library="Resource">
<kw name="Setup" library="Resource">
<kw name="Reload Page" library="Selenium2Library">
<doc>Simulates user reloading page.</doc>
<status status="PASS" starttime="20210326 11:43:06.274" endtime="20210326 11:43:06.280"></status>
</kw>
<kw name="Set Selenium Implicit Wait" library="Selenium2Library">
<doc>Sets the implicit wait value used by Selenium.</doc>
<arguments>
<arg>10s</arg>
</arguments>
<status status="PASS" starttime="20210326 11:43:06.280" endtime="20210326 11:43:06.281"></status>
</kw>
<kw name="Click Element" library="Selenium2Library">
<doc>Click the element identified by ``locator``.</doc>
<arguments>
<arg>${CONFIGURATION}</arg>
</arguments>
<msg timestamp="20210326 11:43:06.281" level="INFO">Clicking element '//a[@class="ng-scope"]'.</msg>
<status status="PASS" starttime="20210326 11:43:06.281" endtime="20210326 11:43:07.377"></status>
</kw>
<kw name="Click Element" library="Selenium2Library">
<doc>Click the element identified by ``locator``.</doc>
<arguments>
<arg>${BILLING_CYCLE}</arg>
</arguments>
<msg timestamp="20210326 11:43:07.378" level="INFO">Clicking element '//a[@translate="Billing Cycles"]'.</msg>
<status status="PASS" starttime="20210326 11:43:07.377" endtime="20210326 11:43:08.045"></status>
</kw>
<status status="PASS" starttime="20210326 11:43:06.274" endtime="20210326 11:43:08.045"></status>
</kw>
<kw name="Click Element" library="Selenium2Library">
<doc>Click the element identified by ``locator``.</doc>
<arguments>
<arg>${XPATH_TO_AUDIT_BUTTON}</arg>
</arguments>
<msg timestamp="20210326 11:43:08.045" level="INFO">Clicking element '//a[@ng-click="showAuditLog(item); $event.stopPropagation()"][1]'.</msg>
<status status="PASS" starttime="20210326 11:43:08.045" endtime="20210326 11:43:08.095"></status>
</kw>
<kw name="Set Selenium Implicit Wait" library="Selenium2Library">
<doc>Sets the implicit wait value used by Selenium.</doc>
<arguments>
<arg>10s</arg>
</arguments>
<status status="PASS" starttime="20210326 11:43:08.095" endtime="20210326 11:43:08.096"></status>
</kw>
<kw name="Click Element" library="Selenium2Library">
<doc>Click the element identified by ``locator``.</doc>
<arguments>
<arg>${XPATH_TO_DROPDOWN_BUTTON}</arg>
</arguments>
<msg timestamp="20210326 11:43:08.096" level="INFO">Clicking element '//*[text()='DCBS'][1]'.</msg>
<status status="PASS" starttime="20210326 11:43:08.096" endtime="20210326 11:43:08.413"></status>
</kw>
<kw name="Set Selenium Implicit Wait" library="Selenium2Library">
<doc>Sets the implicit wait value used by Selenium.</doc>
<arguments>
<arg>10s</arg>
</arguments>
<status status="PASS" starttime="20210326 11:43:08.413" endtime="20210326 11:43:08.414"></status>
</kw>
<status status="PASS" starttime="20210326 11:43:06.274" endtime="20210326 11:43:08.414"></status>
</kw>
<kw name="Wait Until Page Contains" library="Selenium2Library">
<doc>Waits until ``text`` appears on the current page.</doc>
<arguments>
<arg>${NEW_CYCLE_NAME}</arg>
</arguments>
<status status="PASS" starttime="20210326 11:43:08.415" endtime="20210326 11:43:08.427"></status>
</kw>
<kw name="Wait Until Page Contains" library="Selenium2Library">
<doc>Waits until ``text`` appears on the current page.</doc>
<arguments>
<arg>${NEW_CUSTOMER_TYPE}</arg>
</arguments>
<status status="PASS" starttime="20210326 11:43:08.428" endtime="20210326 11:43:08.443"></status>
</kw>
<kw name="Wait Until Page Contains" library="Selenium2Library">
<doc>Waits until ``text`` appears on the current page.</doc>
<arguments>
<arg>${CYCLE_NAME}</arg>
</arguments>
<status status="PASS" starttime="20210326 11:43:08.443" endtime="20210326 11:43:08.457"></status>
</kw>
<kw name="Wait Until Page Contains" library="Selenium2Library">
<doc>Waits until ``text`` appears on the current page.</doc>
<arguments>
<arg>${CUSTOMER_TYPE}</arg>
</arguments>
<status status="PASS" starttime="20210326 11:43:08.457" endtime="20210326 11:43:08.466"></status>
</kw>
<status status="PASS" starttime="20210326 11:43:06.274" endtime="20210326 11:43:08.466"></status>
</kw>
<status status="PASS" starttime="20210326 11:43:04.007" endtime="20210326 11:43:08.466"></status>
</kw>
<status status="PASS" starttime="20210326 11:43:04.006" endtime="20210326 11:43:08.466"></status>
</kw>
<status status="PASS" starttime="20210326 11:42:54.071" endtime="20210326 11:43:08.466"></status>
</kw>
<status status="PASS" starttime="20210326 11:42:54.070" endtime="20210326 11:43:08.466" critical="yes"></status>
</test>
<test id="s1-t3" name="first test">
<kw name="New Bill Generation">
<arguments>
<arg>${RANDOM_CYCLE_NAME}</arg>
<arg>Monthly</arg>
<arg>2</arg>
<arg>3</arg>
<arg>Personal</arg>
<arg>test</arg>
<arg>Personal</arg>
<arg>Fail</arg>
<arg>Pass</arg>
</arguments>
<kw name="New bill cycle" library="Resource">
<kw name="Setup" library="Resource">
<kw name="Reload Page" library="Selenium2Library">
<doc>Simulates user reloading page.</doc>
<status status="PASS" starttime="20210326 11:43:08.469" endtime="20210326 11:43:08.764"></status>
</kw>
<kw name="Set Selenium Implicit Wait" library="Selenium2Library">
<doc>Sets the implicit wait value used by Selenium.</doc>
<arguments>
<arg>10s</arg>
</arguments>
<status status="PASS" starttime="20210326 11:43:08.764" endtime="20210326 11:43:08.766"></status>
</kw>
<kw name="Click Element" library="Selenium2Library">
<doc>Click the element identified by ``locator``.</doc>
<arguments>
<arg>${CONFIGURATION}</arg>
</arguments>
<msg timestamp="20210326 11:43:08.766" level="INFO">Clicking element '//a[@class="ng-scope"]'.</msg>
<status status="PASS" starttime="20210326 11:43:08.766" endtime="20210326 11:43:09.521"></status>
</kw>
<kw name="Click Element" library="Selenium2Library">
<doc>Click the element identified by ``locator``.</doc>
<arguments>
<arg>${BILLING_CYCLE}</arg>
</arguments>
<msg timestamp="20210326 11:43:09.521" level="INFO">Clicking element '//a[@translate="Billing Cycles"]'.</msg>
<status status="PASS" starttime="20210326 11:43:09.521" endtime="20210326 11:43:10.167"></status>
</kw>
<status status="PASS" starttime="20210326 11:43:08.469" endtime="20210326 11:43:10.167"></status>
</kw>
<kw name="Click Element" library="Selenium2Library">
<doc>Click the element identified by ``locator``.</doc>
<arguments>
<arg>${NEW_BILL_CYCLE}</arg>
</arguments>
<msg timestamp="20210326 11:43:10.167" level="INFO">Clicking element '//button[@class="btn btn-primary btn-xs"]'.</msg>
<status status="PASS" starttime="20210326 11:43:10.167" endtime="20210326 11:43:10.222"></status>
</kw>
<status status="PASS" starttime="20210326 11:43:08.468" endtime="20210326 11:43:10.222"></status>
</kw>
<kw name="Initialize Random Variables" library="Resource">
<kw name="Generate Random String" library="String">
<doc>Generates a string with a desired ``length`` from the given ``chars``.</doc>
<arguments>
<arg>15</arg>
</arguments>
<assign>
<var>${RANDOM_CYCLE_NAME}</var>
</assign>
<msg timestamp="20210326 11:43:10.223" level="INFO">${RANDOM_CYCLE_NAME} = qifuMTXH7g3Zywz</msg>
<status status="PASS" starttime="20210326 11:43:10.222" endtime="20210326 11:43:10.223"></status>
</kw>
<kw name="Set Global Variable" library="BuiltIn">
<doc>Makes a variable available globally in all tests and suites.</doc>
<arguments>
<arg>${RANDOM_CYCLE_NAME}</arg>
</arguments>
<msg timestamp="20210326 11:43:10.223" level="INFO">${RANDOM_CYCLE_NAME} = qifuMTXH7g3Zywz</msg>
<status status="PASS" starttime="20210326 11:43:10.223" endtime="20210326 11:43:10.223"></status>
</kw>
<kw name="Generate Random String" library="String">
<doc>Generates a string with a desired ``length`` from the given ``chars``.</doc>
<arguments>
<arg>15</arg>
</arguments>
<assign>
<var>${RANDOM_EDIT_NAME}</var>
</assign>
<msg timestamp="20210326 11:43:10.223" level="INFO">${RANDOM_EDIT_NAME} = 6NgVPOGFXmIycN2</msg>
<status status="PASS" starttime="20210326 11:43:10.223" endtime="20210326 11:43:10.223"></status>
</kw>
<kw name="Set Global Variable" library="BuiltIn">
<doc>Makes a variable available globally in all tests and suites.</doc>
<arguments>
<arg>${RANDOM_EDIT_NAME}</arg>
</arguments>
<msg timestamp="20210326 11:43:10.224" level="INFO">${RANDOM_EDIT_NAME} = 6NgVPOGFXmIycN2</msg>
<status status="PASS" starttime="20210326 11:43:10.223" endtime="20210326 11:43:10.224"></status>
</kw>
<status status="PASS" starttime="20210326 11:43:10.222" endtime="20210326 11:43:10.224"></status>
</kw>
<kw name="Give input to new bill cycle" library="Resource">
<arguments>
<arg>${CYCLE_NAME}</arg>
<arg>${PERIODICITY}</arg>
<arg>${START_DATE}</arg>
<arg>${START_MONTH}</arg>
<arg>${CUSTOMER_TYPE}</arg>
</arguments>
<kw name="Input Text" library="Selenium2Library">
<doc>Types the given ``text`` into the text field identified by ``locator``.</doc>
<arguments>
<arg>${XPATH_TO_CYCLE_NAME_TEXTBOX}</arg>
<arg>${CYCLE_NAME}</arg>
</arguments>
<msg timestamp="20210326 11:43:10.225" level="INFO">Typing text '3lUyDcMXtbyoB2D' into text field '//input[@name="configname"]'.</msg>
<status status="PASS" starttime="20210326 11:43:10.225" endtime="20210326 11:43:10.366"></status>
</kw>
<kw name="Select From List By Label" library="Selenium2Library">
<doc>Selects options from selection list ``locator`` by ``labels``.</doc>
<arguments>
<arg>${XPATH_TO_PERIODICITY_TEXTBOX}</arg>
<arg>${PERIODICITY}</arg>
</arguments>
<msg timestamp="20210326 11:43:10.367" level="INFO">Selecting options from selection list '//select[@ng-change='resetbimonthly()']' by label Monthly.</msg>
<status status="PASS" starttime="20210326 11:43:10.367" endtime="20210326 11:43:10.423"></status>
</kw>
<kw name="Select From List By Label" library="Selenium2Library">
<doc>Selects options from selection list ``locator`` by ``labels``.</doc>
<arguments>
<arg>${XPATH_TO_START_DATE_TEXTBOX}</arg>
<arg>${START_DATE}</arg>
</arguments>
<msg timestamp="20210326 11:43:10.423" level="INFO">Selecting options from selection list '//select[@name='starts']' by label 2.</msg>
<status status="PASS" starttime="20210326 11:43:10.423" endtime="20210326 11:43:10.528"></status>
</kw>
<kw name="Select From List By Label" library="Selenium2Library">
<doc>Selects options from selection list ``locator`` by ``labels``.</doc>
<arguments>
<arg>${XPATH_TO_START_MONTH_TEXTBOX}</arg>
<arg>${START_MONTH}</arg>
</arguments>
<msg timestamp="20210326 11:43:10.528" level="INFO">Selecting options from selection list '//select[@name='startsFrom']' by label 3.</msg>
<status status="PASS" starttime="20210326 11:43:10.528" endtime="20210326 11:43:10.605"></status>
</kw>
<kw name="Select From List By Label" library="Selenium2Library">
<doc>Selects options from selection list ``locator`` by ``labels``.</doc>
<arguments>
<arg>${XPATH_TO_CUSTOMER_TYPE_TEXTBOX}</arg>
<arg>${CUSTOMER_TYPE}</arg>
</arguments>
<msg timestamp="20210326 11:43:10.605" level="INFO">Selecting options from selection list '//select[@name='customerType']' by label Personal.</msg>
<status status="PASS" starttime="20210326 11:43:10.605" endtime="20210326 11:43:10.674"></status>
</kw>
<kw name="Click Element" library="Selenium2Library">
<doc>Click the element identified by ``locator``.</doc>
<arguments>
<arg>${SAVE}</arg>
</arguments>
<msg timestamp="20210326 11:43:10.674" level="INFO">Clicking element '//*[text()='Save']'.</msg>
<status status="PASS" starttime="20210326 11:43:10.674" endtime="20210326 11:43:10.721"></status>
</kw>
<status status="PASS" starttime="20210326 11:43:10.224" endtime="20210326 11:43:10.721"></status>
</kw>
<kw name="Wait Until Page Contains" library="Selenium2Library">
<doc>Waits until ``text`` appears on the current page.</doc>
<arguments>
<arg>${${EXPECTED_TEXT_TO_VERIFY_NEW_BILL}}</arg>
</arguments>
<status status="PASS" starttime="20210326 11:43:10.721" endtime="20210326 11:43:11.080"></status>
</kw>
<kw name="Run Keyword If" library="BuiltIn">
<doc>Runs the given keyword with the given arguments, if ``condition`` is true.</doc>
<arguments>
<arg>'${EXPECTED_TEXT_TO_VERIFY_NEW_BILL}'=='Pass'</arg>
<arg>Verify,Audit and Edit the newly genrated bill</arg>
<arg>${CYCLE_NAME}</arg>
<arg>${PERIODICITY}</arg>
<arg>${START_DATE}</arg>
<arg>${CUSTOMER_TYPE}</arg>
<arg>${NEW_CYCLE_NAME}</arg>
<arg>${NEW_CUSTOMER_TYPE}</arg>
<arg>${EXPECTED_TEXT_TO_VERIFY}</arg>
</arguments>
<kw name="Verify,Audit and Edit the newly genrated bill" library="Resource">
<arguments>
<arg>${CYCLE_NAME}</arg>
<arg>${PERIODICITY}</arg>
<arg>${START_DATE}</arg>
<arg>${CUSTOMER_TYPE}</arg>
<arg>${NEW_CYCLE_NAME}</arg>
<arg>${NEW_CUSTOMER_TYPE}</arg>
<arg>${EXPECTED_TEXT_TO_VERIFY}</arg>
</arguments>
<kw name="Verification" library="Resource">
<arguments>
<arg>${CYCLE_NAME}</arg>
<arg>${PERIODICITY}</arg>
<arg>${START_DATE}</arg>
<arg>${CUSTOMER_TYPE}</arg>
</arguments>
<kw name="Setup" library="Resource">
<kw name="Reload Page" library="Selenium2Library">
<doc>Simulates user reloading page.</doc>
<status status="PASS" starttime="20210326 11:43:11.086" endtime="20210326 11:43:11.407"></status>
</kw>
<kw name="Set Selenium Implicit Wait" library="Selenium2Library">
<doc>Sets the implicit wait value used by Selenium.</doc>
<arguments>
<arg>10s</arg>
</arguments>
<status status="PASS" starttime="20210326 11:43:11.407" endtime="20210326 11:43:11.409"></status>
</kw>
<kw name="Click Element" library="Selenium2Library">
<doc>Click the element identified by ``locator``.</doc>
<arguments>
<arg>${CONFIGURATION}</arg>
</arguments>
<msg timestamp="20210326 11:43:11.409" level="INFO">Clicking element '//a[@class="ng-scope"]'.</msg>
<status status="PASS" starttime="20210326 11:43:11.409" endtime="20210326 11:43:12.171"></status>
</kw>
<kw name="Click Element" library="Selenium2Library">
<doc>Click the element identified by ``locator``.</doc>
<arguments>
<arg>${BILLING_CYCLE}</arg>
</arguments>
<msg timestamp="20210326 11:43:12.172" level="INFO">Clicking element '//a[@translate="Billing Cycles"]'.</msg>
<status status="PASS" starttime="20210326 11:43:12.171" endtime="20210326 11:43:13.010"></status>
</kw>
<status status="PASS" starttime="20210326 11:43:11.085" endtime="20210326 11:43:13.010"></status>
</kw>
<kw name="Wait Until Page Contains" library="Selenium2Library">
<doc>Waits until ``text`` appears on the current page.</doc>
<arguments>
<arg>${CYCLE_NAME}</arg>
</arguments>
<status status="PASS" starttime="20210326 11:43:13.010" endtime="20210326 11:43:13.023"></status>
</kw>
<kw name="Element Should Contain" library="Selenium2Library">
<doc>Verifies that element ``locator`` contains text ``expected``.</doc>
<arguments>
<arg>${XPATH_TO_VERIFY_PERIODICITY}</arg>
<arg>${PERIODICITY}</arg>
</arguments>
<msg timestamp="20210326 11:43:13.046" level="INFO">Element '//td[@data-mobile-label="Periodicity"][1]' contains text 'Monthly'.</msg>
<status status="PASS" starttime="20210326 11:43:13.024" endtime="20210326 11:43:13.046"></status>
</kw>
<kw name="Element Should Contain" library="Selenium2Library">
<doc>Verifies that element ``locator`` contains text ``expected``.</doc>
<arguments>
<arg>${XPATH_TO_VERIFY_START_DATE}</arg>
<arg>${START_DATE}</arg>
</arguments>
<msg timestamp="20210326 11:43:13.069" level="INFO">Element '//td[@data-mobile-label="StartsDay"][1]' contains text '2'.</msg>
<status status="PASS" starttime="20210326 11:43:13.046" endtime="20210326 11:43:13.069"></status>
</kw>
<kw name="Element Should Contain" library="Selenium2Library">
<doc>Verifies that element ``locator`` contains text ``expected``.</doc>
<arguments>
<arg>${XPATH_TO_VERIFY_CUSTOMER_TYPE}</arg>
<arg>${CUSTOMER_TYPE}</arg>
</arguments>
<msg timestamp="20210326 11:43:13.090" level="INFO">Element '//td[@data-mobile-label="Customer Type"][1]' contains text 'Personal'.</msg>
<status status="PASS" starttime="20210326 11:43:13.069" endtime="20210326 11:43:13.090"></status>
</kw>
<status status="PASS" starttime="20210326 11:43:11.084" endtime="20210326 11:43:13.090"></status>
</kw>
<kw name="Auditing the new bill" library="Resource">
<arguments>
<arg>${CYCLE_NAME}</arg>
<arg>${CUSTOMER_TYPE}</arg>
</arguments>
<kw name="Audit click" library="Resource">
<kw name="Setup" library="Resource">
<kw name="Reload Page" library="Selenium2Library">
<doc>Simulates user reloading page.</doc>
<status status="PASS" starttime="20210326 11:43:13.091" endtime="20210326 11:43:13.375"></status>
</kw>
<kw name="Set Selenium Implicit Wait" library="Selenium2Library">
<doc>Sets the implicit wait value used by Selenium.</doc>
<arguments>
<arg>10s</arg>
</arguments>
<status status="PASS" starttime="20210326 11:43:13.375" endtime="20210326 11:43:13.377"></status>
</kw>
<kw name="Click Element" library="Selenium2Library">
<doc>Click the element identified by ``locator``.</doc>
<arguments>
<arg>${CONFIGURATION}</arg>
</arguments>
<msg timestamp="20210326 11:43:13.377" level="INFO">Clicking element '//a[@class="ng-scope"]'.</msg>
<status status="PASS" starttime="20210326 11:43:13.377" endtime="20210326 11:43:14.103"></status>
</kw>
<kw name="Click Element" library="Selenium2Library">
<doc>Click the element identified by ``locator``.</doc>
<arguments>
<arg>${BILLING_CYCLE}</arg>
</arguments>
<msg timestamp="20210326 11:43:14.104" level="INFO">Clicking element '//a[@translate="Billing Cycles"]'.</msg>
<status status="PASS" starttime="20210326 11:43:14.103" endtime="20210326 11:43:15.336"></status>
</kw>
<status status="PASS" starttime="20210326 11:43:13.091" endtime="20210326 11:43:15.336"></status>
</kw>
<kw name="Click Element" library="Selenium2Library">
<doc>Click the element identified by ``locator``.</doc>
<arguments>
<arg>${XPATH_TO_AUDIT_BUTTON}</arg>
</arguments>
<msg timestamp="20210326 11:43:15.336" level="INFO">Clicking element '//a[@ng-click="showAuditLog(item); $event.stopPropagation()"][1]'.</msg>
<status status="PASS" starttime="20210326 11:43:15.336" endtime="20210326 11:43:15.384"></status>
</kw>
<kw name="Set Selenium Implicit Wait" library="Selenium2Library">
<doc>Sets the implicit wait value used by Selenium.</doc>
<arguments>
<arg>10s</arg>
</arguments>
<status status="PASS" starttime="20210326 11:43:15.384" endtime="20210326 11:43:15.385"></status>
</kw>
<kw name="Click Element" library="Selenium2Library">
<doc>Click the element identified by ``locator``.</doc>
<arguments>
<arg>${XPATH_TO_DROPDOWN_BUTTON}</arg>
</arguments>
<msg timestamp="20210326 11:43:15.386" level="INFO">Clicking element '//*[text()='DCBS'][1]'.</msg>
<status status="PASS" starttime="20210326 11:43:15.385" endtime="20210326 11:43:15.691"></status>
</kw>
<kw name="Set Selenium Implicit Wait" library="Selenium2Library">
<doc>Sets the implicit wait value used by Selenium.</doc>
<arguments>
<arg>10s</arg>
</arguments>
<status status="PASS" starttime="20210326 11:43:15.692" endtime="20210326 11:43:15.694"></status>
</kw>
<status status="PASS" starttime="20210326 11:43:13.091" endtime="20210326 11:43:15.695"></status>
</kw>
<kw name="Wait Until Page Contains" library="Selenium2Library">
<doc>Waits until ``text`` appears on the current page.</doc>
<arguments>
<arg>${CYCLE_NAME}</arg>
</arguments>
<status status="PASS" starttime="20210326 11:43:15.695" endtime="20210326 11:43:15.705"></status>
</kw>
<kw name="Wait Until Page Contains" library="Selenium2Library">
<doc>Waits until ``text`` appears on the current page.</doc>
<arguments>
<arg>${CUSTOMER_TYPE}</arg>
</arguments>
<status status="PASS" starttime="20210326 11:43:15.705" endtime="20210326 11:43:15.718"></status>
</kw>
<status status="PASS" starttime="20210326 11:43:13.090" endtime="20210326 11:43:15.718"></status>
</kw>
<kw name="Editing section" library="Resource">
<arguments>
<arg>${NEW_CYCLE_NAME}</arg>
<arg>${NEW_CUSTOMER_TYPE}</arg>
<arg>${EXPECTED_TEXT_TO_VERIFY}</arg>
</arguments>
<kw name="Edit bill cycle" library="Resource">
<kw name="Setup" library="Resource">
<kw name="Reload Page" library="Selenium2Library">
<doc>Simulates user reloading page.</doc>
<status status="PASS" starttime="20210326 11:43:15.719" endtime="20210326 11:43:16.002"></status>
</kw>
<kw name="Set Selenium Implicit Wait" library="Selenium2Library">
<doc>Sets the implicit wait value used by Selenium.</doc>
<arguments>
<arg>10s</arg>
</arguments>
<status status="PASS" starttime="20210326 11:43:16.002" endtime="20210326 11:43:16.004"></status>
</kw>
<kw name="Click Element" library="Selenium2Library">
<doc>Click the element identified by ``locator``.</doc>
<arguments>
<arg>${CONFIGURATION}</arg>
</arguments>
<msg timestamp="20210326 11:43:16.004" level="INFO">Clicking element '//a[@class="ng-scope"]'.</msg>
<status status="PASS" starttime="20210326 11:43:16.004" endtime="20210326 11:43:16.748"></status>
</kw>
<kw name="Click Element" library="Selenium2Library">
<doc>Click the element identified by ``locator``.</doc>
<arguments>
<arg>${BILLING_CYCLE}</arg>
</arguments>
<msg timestamp="20210326 11:43:16.748" level="INFO">Clicking element '//a[@translate="Billing Cycles"]'.</msg>
<status status="PASS" starttime="20210326 11:43:16.748" endtime="20210326 11:43:17.367"></status>
</kw>
<status status="PASS" starttime="20210326 11:43:15.719" endtime="20210326 11:43:17.367"></status>
</kw>
<kw name="Click Element" library="Selenium2Library">
<doc>Click the element identified by ``locator``.</doc>
<arguments>
<arg>${EDIT_BILL_BUTTON}</arg>
</arguments>
<msg timestamp="20210326 11:43:17.367" level="INFO">Clicking element '//a[@is-allowed="ngb.fe.billingConfigurations.billCycle.edit"]'.</msg>
<status status="PASS" starttime="20210326 11:43:17.367" endtime="20210326 11:43:17.419"></status>
</kw>
<status status="PASS" starttime="20210326 11:43:15.719" endtime="20210326 11:43:17.420"></status>
</kw>
<kw name="Input Text" library="Selenium2Library">
<doc>Types the given ``text`` into the text field identified by ``locator``.</doc>
<arguments>
<arg>${XPATH_TO_CYCLE_NAME_TEXTBOX}</arg>
<arg>${NEW_CYCLE_NAME}</arg>
</arguments>
<msg timestamp="20210326 11:43:17.420" level="INFO">Typing text 'test' into text field '//input[@name="configname"]'.</msg>
<status status="PASS" starttime="20210326 11:43:17.420" endtime="20210326 11:43:17.552"></status>
</kw>
<kw name="Select From List By Label" library="Selenium2Library">
<doc>Selects options from selection list ``locator`` by ``labels``.</doc>
<arguments>
<arg>${XPATH_TO_CUSTOMER_TYPE_TEXTBOX}</arg>
<arg>${NEW_CUSTOMER_TYPE}</arg>
</arguments>
<msg timestamp="20210326 11:43:17.553" level="INFO">Selecting options from selection list '//select[@name='customerType']' by label Personal.</msg>
<status status="PASS" starttime="20210326 11:43:17.553" endtime="20210326 11:43:17.606"></status>
</kw>
<kw name="Click Element" library="Selenium2Library">
<doc>Click the element identified by ``locator``.</doc>
<arguments>
<arg>${SAVE}</arg>
</arguments>
<msg timestamp="20210326 11:43:17.607" level="INFO">Clicking element '//*[text()='Save']'.</msg>
<status status="PASS" starttime="20210326 11:43:17.607" endtime="20210326 11:43:17.656"></status>
</kw>
<kw name="Wait Until Page Contains" library="Selenium2Library">
<doc>Waits until ``text`` appears on the current page.</doc>
<arguments>
<arg>${${EXPECTED_TEXT_TO_VERIFY}}</arg>
</arguments>
<status status="PASS" starttime="20210326 11:43:17.656" endtime="20210326 11:43:17.922"></status>
</kw>
<kw name="Reload Page" library="Selenium2Library">
<doc>Simulates user reloading page.</doc>
<status status="PASS" starttime="20210326 11:43:17.923" endtime="20210326 11:43:18.716"></status>
</kw>
<status status="PASS" starttime="20210326 11:43:15.719" endtime="20210326 11:43:18.716"></status>
</kw>
<status status="PASS" starttime="20210326 11:43:11.082" endtime="20210326 11:43:18.716"></status>
</kw>
<status status="PASS" starttime="20210326 11:43:11.081" endtime="20210326 11:43:18.716"></status>
</kw>
<kw name="Run Keyword If" library="BuiltIn">
<doc>Runs the given keyword with the given arguments, if ``condition`` is true.</doc>
<arguments>
<arg>'${EXPECTED_TEXT_TO_VERIFY}'=='Pass'</arg>
<arg>Edit Verification and Audit</arg>
<arg>${NEW_CYCLE_NAME}</arg>
<arg>${NEW_CUSTOMER_TYPE}</arg>
<arg>${CYCLE_NAME}</arg>
<arg>${CUSTOMER_TYPE}</arg>
</arguments>
<status status="PASS" starttime="20210326 11:43:18.716" endtime="20210326 11:43:18.717"></status>
</kw>
<status status="PASS" starttime="20210326 11:43:08.467" endtime="20210326 11:43:18.717"></status>
</kw>
<status status="PASS" starttime="20210326 11:43:08.467" endtime="20210326 11:43:18.717" critical="yes"></status>
</test>
<test id="s1-t4" name="first test">
<kw name="New Bill Generation">
<arguments>
<arg>test</arg>
<arg>biMonthly</arg>
<arg>5</arg>
<arg>6</arg>
<arg>Personal</arg>
<arg>Fail</arg>
</arguments>
<kw name="New bill cycle" library="Resource">
<kw name="Setup" library="Resource">
<kw name="Reload Page" library="Selenium2Library">
<doc>Simulates user reloading page.</doc>
<status status="PASS" starttime="20210326 11:43:18.720" endtime="20210326 11:43:19.191"></status>
</kw>
<kw name="Set Selenium Implicit Wait" library="Selenium2Library">
<doc>Sets the implicit wait value used by Selenium.</doc>
<arguments>
<arg>10s</arg>
</arguments>
<status status="PASS" starttime="20210326 11:43:19.191" endtime="20210326 11:43:19.193"></status>
</kw>
<kw name="Click Element" library="Selenium2Library">
<doc>Click the element identified by ``locator``.</doc>
<arguments>
<arg>${CONFIGURATION}</arg>
</arguments>
<msg timestamp="20210326 11:43:19.193" level="INFO">Clicking element '//a[@class="ng-scope"]'.</msg>
<status status="PASS" starttime="20210326 11:43:19.193" endtime="20210326 11:43:20.040"></status>
</kw>
<kw name="Click Element" library="Selenium2Library">
<doc>Click the element identified by ``locator``.</doc>
<arguments>
<arg>${BILLING_CYCLE}</arg>
</arguments>
<msg timestamp="20210326 11:43:20.041" level="INFO">Clicking element '//a[@translate="Billing Cycles"]'.</msg>
[...]
<kw name="Reload Page" library="Selenium2Library">
<doc>Simulates user reloading page.</doc>
<status status="PASS" starttime="20210326 11:43:24.224" endtime="20210326 11:43:24.512"></status>
</kw>
<kw name="Set Selenium Implicit Wait" library="Selenium2Library">
<doc>Sets the implicit wait value used by Selenium.</doc>
<arguments>
<arg>10s</arg>
</arguments>
<status status="PASS" starttime="20210326 11:43:24.512" endtime="20210326 11:43:24.515"></status>
</kw>
<kw name="Click Element" library="Selenium2Library">
<doc>Click the element identified by ``locator``.</doc>
<arguments>
<arg>${CONFIGURATION}</arg>
</arguments>
<msg timestamp="20210326 11:43:24.516" level="INFO">Clicking element '//a[@class="ng-scope"]'.</msg>
<status status="PASS" starttime="20210326 11:43:24.515" endtime="20210326 11:43:25.251"></status>
</kw>
<kw name="Click Element" library="Selenium2Library">
<doc>Click the element identified by ``locator``.</doc>
<arguments>
<arg>${BILLING_CYCLE}</arg>
</arguments>
<msg timestamp="20210326 11:43:25.252" level="INFO">Clicking element '//a[@translate="Billing Cycles"]'.</msg>
<status status="PASS" starttime="20210326 11:43:25.251" endtime="20210326 11:43:26.109"></status>
</kw>
<status status="PASS" starttime="20210326 11:43:24.223" endtime="20210326 11:43:26.109"></status>
</kw>
<kw name="Wait Until Page Contains" library="Selenium2Library">
<doc>Waits until ``text`` appears on the current page.</doc>
<arguments>
<arg>${CYCLE_NAME}</arg>
</arguments>
<status status="PASS" starttime="20210326 11:43:26.109" endtime="20210326 11:43:26.136"></status>
</kw>
<kw name="Element Should Contain" library="Selenium2Library">
<doc>Verifies that element ``locator`` contains text ``expected``.</doc>
<arguments>
<arg>${XPATH_TO_VERIFY_PERIODICITY}</arg>
<arg>${PERIODICITY}</arg>
</arguments>
<msg timestamp="20210326 11:43:26.158" level="INFO">Element '//td[@data-mobile-label="Periodicity"][1]' contains text 'Monthly'.</msg>
<status status="PASS" starttime="20210326 11:43:26.136" endtime="20210326 11:43:26.158"></status>
</kw>
<kw name="Element Should Contain" library="Selenium2Library">
<doc>Verifies that element ``locator`` contains text ``expected``.</doc>
<arguments>
<arg>${XPATH_TO_VERIFY_START_DATE}</arg>
<arg>${START_DATE}</arg>
</arguments>
<msg timestamp="20210326 11:43:26.178" level="INFO">Element '//td[@data-mobile-label="StartsDay"][1]' contains text '6'.</msg>
<status status="PASS" starttime="20210326 11:43:26.158" endtime="20210326 11:43:26.178"></status>
</kw>
<kw name="Element Should Contain" library="Selenium2Library">
<doc>Verifies that element ``locator`` contains text ``expected``.</doc>
<arguments>
<arg>${XPATH_TO_VERIFY_CUSTOMER_TYPE}</arg>
<arg>${CUSTOMER_TYPE}</arg>
</arguments>
<msg timestamp="20210326 11:43:26.200" level="INFO">Element '//td[@data-mobile-label="Customer Type"][1]' contains text 'Personal'.</msg>
<status status="PASS" starttime="20210326 11:43:26.178" endtime="20210326 11:43:26.200"></status>
</kw>
<status status="PASS" starttime="20210326 11:43:24.223" endtime="20210326 11:43:26.200"></status>
</kw>
<kw name="Auditing the new bill" library="Resource">
<arguments>
<arg>${CYCLE_NAME}</arg>
<arg>${CUSTOMER_TYPE}</arg>
</arguments>
<kw name="Audit click" library="Resource">
<kw name="Setup" library="Resource">
<kw name="Reload Page" library="Selenium2Library">
<doc>Simulates user reloading page.</doc>
<status status="PASS" starttime="20210326 11:43:26.201" endtime="20210326 11:43:26.482"></status>
</kw>
<kw name="Set Selenium Implicit Wait" library="Selenium2Library">
<doc>Sets the implicit wait value used by Selenium.</doc>
<arguments>
<arg>10s</arg>
</arguments>
<status status="PASS" starttime="20210326 11:43:26.483" endtime="20210326 11:43:26.484"></status>
</kw>
<kw name="Click Element" library="Selenium2Library">
<doc>Click the element identified by ``locator``.</doc>
<arguments>
<arg>${CONFIGURATION}</arg>
</arguments>
<msg timestamp="20210326 11:43:26.484" level="INFO">Clicking element '//a[@class="ng-scope"]'.</msg>
<status status="PASS" starttime="20210326 11:43:26.484" endtime="20210326 11:43:27.223"></status>
</kw>
<kw name="Click Element" library="Selenium2Library">
<doc>Click the element identified by ``locator``.</doc>
<arguments>
<arg>${BILLING_CYCLE}</arg>
</arguments>
<msg timestamp="20210326 11:43:27.224" level="INFO">Clicking element '//a[@translate="Billing Cycles"]'.</msg>
<status status="PASS" starttime="20210326 11:43:27.223" endtime="20210326 11:43:27.906"></status>
</kw>
<status status="PASS" starttime="20210326 11:43:26.200" endtime="20210326 11:43:27.907"></status>
</kw>
<kw name="Click Element" library="Selenium2Library">
<doc>Click the element identified by ``locator``.</doc>
<arguments>
<arg>${XPATH_TO_AUDIT_BUTTON}</arg>
</arguments>
<msg timestamp="20210326 11:43:27.907" level="INFO">Clicking element '//a[@ng-click="showAuditLog(item); $event.stopPropagation()"][1]'.</msg>
<status status="PASS" starttime="20210326 11:43:27.907" endtime="20210326 11:43:27.961"></status>
</kw>
<kw name="Set Selenium Implicit Wait" library="Selenium2Library">
<doc>Sets the implicit wait value used by Selenium.</doc>
<arguments>
<arg>10s</arg>
</arguments>
<status status="PASS" starttime="20210326 11:43:27.961" endtime="20210326 11:43:27.963"></status>
</kw>
<kw name="Click Element" library="Selenium2Library">
<doc>Click the element identified by ``locator``.</doc>
<arguments>
<arg>${XPATH_TO_DROPDOWN_BUTTON}</arg>
</arguments>
<msg timestamp="20210326 11:43:27.963" level="INFO">Clicking element '//*[text()='DCBS'][1]'.</msg>
<status status="PASS" starttime="20210326 11:43:27.963" endtime="20210326 11:43:28.256"></status>
</kw>
<kw name="Set Selenium Implicit Wait" library="Selenium2Library">
<doc>Sets the implicit wait value used by Selenium.</doc>
<arguments>
<arg>10s</arg>
</arguments>
<status status="PASS" starttime="20210326 11:43:28.256" endtime="20210326 11:43:28.259"></status>
</kw>
<status status="PASS" starttime="20210326 11:43:26.200" endtime="20210326 11:43:28.259"></status>
</kw>
<kw name="Wait Until Page Contains" library="Selenium2Library">
<doc>Waits until ``text`` appears on the current page.</doc>
<arguments>
<arg>${CYCLE_NAME}</arg>
</arguments>
<status status="PASS" starttime="20210326 11:43:28.260" endtime="20210326 11:43:28.270"></status>
</kw>
<kw name="Wait Until Page Contains" library="Selenium2Library">
<doc>Waits until ``text`` appears on the current page.</doc>
<arguments>
<arg>${CUSTOMER_TYPE}</arg>
</arguments>
<status status="PASS" starttime="20210326 11:43:28.271" endtime="20210326 11:43:28.284"></status>
</kw>
<status status="PASS" starttime="20210326 11:43:26.200" endtime="20210326 11:43:28.284"></status>
</kw>
<kw name="Editing section" library="Resource">
<arguments>
<arg>${NEW_CYCLE_NAME}</arg>
<arg>${NEW_CUSTOMER_TYPE}</arg>
<arg>${EXPECTED_TEXT_TO_VERIFY}</arg>
</arguments>
<kw name="Edit bill cycle" library="Resource">
<kw name="Setup" library="Resource">
<kw name="Reload Page" library="Selenium2Library">
<doc>Simulates user reloading page.</doc>
<status status="PASS" starttime="20210326 11:43:28.285" endtime="20210326 11:43:28.768"></status>
</kw>
<kw name="Set Selenium Implicit Wait" library="Selenium2Library">
<doc>Sets the implicit wait value used by Selenium.</doc>
<arguments>
<arg>10s</arg>
</arguments>
<status status="PASS" starttime="20210326 11:43:28.768" endtime="20210326 11:43:28.770"></status>
</kw>
<kw name="Click Element" library="Selenium2Library">
<doc>Click the element identified by ``locator``.</doc>
<arguments>
<arg>${CONFIGURATION}</arg>
</arguments>
<msg timestamp="20210326 11:43:28.770" level="INFO">Clicking element '//a[@class="ng-scope"]'.</msg>
<status status="PASS" starttime="20210326 11:43:28.770" endtime="20210326 11:43:29.303"></status>
</kw>
<kw name="Click Element" library="Selenium2Library">
<doc>Click the element identified by ``locator``.</doc>
<arguments>
<arg>${BILLING_CYCLE}</arg>
</arguments>
<msg timestamp="20210326 11:43:29.303" level="INFO">Clicking element '//a[@translate="Billing Cycles"]'.</msg>
<status status="PASS" starttime="20210326 11:43:29.303" endtime="20210326 11:43:30.117"></status>
</kw>
<status status="PASS" starttime="20210326 11:43:28.285" endtime="20210326 11:43:30.117"></status>
</kw>
<kw name="Click Element" library="Selenium2Library">
<doc>Click the element identified by ``locator``.</doc>
<arguments>
<arg>${EDIT_BILL_BUTTON}</arg>
</arguments>
<msg timestamp="20210326 11:43:30.118" level="INFO">Clicking element '//a[@is-allowed="ngb.fe.billingConfigurations.billCycle.edit"]'.</msg>
<status status="PASS" starttime="20210326 11:43:30.117" endtime="20210326 11:43:30.170"></status>
</kw>
<status status="PASS" starttime="20210326 11:43:28.284" endtime="20210326 11:43:30.170"></status>
</kw>
<kw name="Input Text" library="Selenium2Library">
<doc>Types the given ``text`` into the text field identified by ``locator``.</doc>
<arguments>
<arg>${XPATH_TO_CYCLE_NAME_TEXTBOX}</arg>
<arg>${NEW_CYCLE_NAME}</arg>
</arguments>
<msg timestamp="20210326 11:43:30.170" level="INFO">Typing text 'jSLIUNte2fv5FBV' into text field '//input[@name="configname"]'.</msg>
<status status="PASS" starttime="20210326 11:43:30.170" endtime="20210326 11:43:30.326"></status>
</kw>
<kw name="Select From List By Label" library="Selenium2Library">
<doc>Selects options from selection list ``locator`` by ``labels``.</doc>
<arguments>
<arg>${XPATH_TO_CUSTOMER_TYPE_TEXTBOX}</arg>
<arg>${NEW_CUSTOMER_TYPE}</arg>
</arguments>
<msg timestamp="20210326 11:43:30.327" level="INFO">Selecting options from selection list '//select[@name='customerType']' by label Corporate.</msg>
<status status="PASS" starttime="20210326 11:43:30.326" endtime="20210326 11:43:30.404"></status>
</kw>
<kw name="Click Element" library="Selenium2Library">
<doc>Click the element identified by ``locator``.</doc>
<arguments>
<arg>${SAVE}</arg>
</arguments>
<msg timestamp="20210326 11:43:30.404" level="INFO">Clicking element '//*[text()='Save']'.</msg>
<status status="PASS" starttime="20210326 11:43:30.404" endtime="20210326 11:43:30.454"></status>
</kw>
<kw name="Wait Until Page Contains" library="Selenium2Library">
<doc>Waits until ``text`` appears on the current page.</doc>
<arguments>
<arg>${${EXPECTED_TEXT_TO_VERIFY}}</arg>
</arguments>
<status status="PASS" starttime="20210326 11:43:30.454" endtime="20210326 11:43:30.732"></status>
</kw>
<kw name="Reload Page" library="Selenium2Library">
<doc>Simulates user reloading page.</doc>
<status status="PASS" starttime="20210326 11:43:30.733" endtime="20210326 11:43:31.045"></status>
</kw>
<status status="PASS" starttime="20210326 11:43:28.284" endtime="20210326 11:43:31.046"></status>
</kw>
<status status="PASS" starttime="20210326 11:43:24.222" endtime="20210326 11:43:31.046"></status>
</kw>
<status status="PASS" starttime="20210326 11:43:24.222" endtime="20210326 11:43:31.046"></status>
</kw>
<kw name="Run Keyword If" library="BuiltIn">
<doc>Runs the given keyword with the given arguments, if ``condition`` is true.</doc>
<arguments>
<arg>'${EXPECTED_TEXT_TO_VERIFY}'=='Pass'</arg>
<arg>Edit Verification and Audit</arg>
<arg>${NEW_CYCLE_NAME}</arg>
<arg>${NEW_CUSTOMER_TYPE}</arg>
<arg>${CYCLE_NAME}</arg>
<arg>${CUSTOMER_TYPE}</arg>
</arguments>
<kw name="Edit Verification and Audit" library="Resource">
<arguments>
<arg>${NEW_CYCLE_NAME}</arg>
<arg>${NEW_CUSTOMER_TYPE}</arg>
<arg>${CYCLE_NAME}</arg>
<arg>${CUSTOMER_TYPE}</arg>
</arguments>
<kw name="Edit verification" library="Resource">
<arguments>
<arg>${NEW_CYCLE_NAME}</arg>
<arg>${NEW_CUSTOMER_TYPE}</arg>
</arguments>
<kw name="Setup" library="Resource">
<kw name="Reload Page" library="Selenium2Library">
<doc>Simulates user reloading page.</doc>
<status status="PASS" starttime="20210326 11:43:31.047" endtime="20210326 11:43:31.332"></status>
</kw>
<kw name="Set Selenium Implicit Wait" library="Selenium2Library">
<doc>Sets the implicit wait value used by Selenium.</doc>
<arguments>
<arg>10s</arg>
</arguments>
<status status="PASS" starttime="20210326 11:43:31.332" endtime="20210326 11:43:31.333"></status>
</kw>
<kw name="Click Element" library="Selenium2Library">
<doc>Click the element identified by ``locator``.</doc>
<arguments>
<arg>${CONFIGURATION}</arg>
</arguments>
<msg timestamp="20210326 11:43:31.334" level="INFO">Clicking element '//a[@class="ng-scope"]'.</msg>
<status status="PASS" starttime="20210326 11:43:31.333" endtime="20210326 11:43:32.060"></status>
</kw>
<kw name="Click Element" library="Selenium2Library">
<doc>Click the element identified by ``locator``.</doc>
<arguments>
<arg>${BILLING_CYCLE}</arg>
</arguments>
<msg timestamp="20210326 11:43:32.061" level="INFO">Clicking element '//a[@translate="Billing Cycles"]'.</msg>
<status status="PASS" starttime="20210326 11:43:32.060" endtime="20210326 11:43:32.871"></status>
</kw>
<status status="PASS" starttime="20210326 11:43:31.047" endtime="20210326 11:43:32.871"></status>
</kw>
<kw name="Element Should Contain" library="Selenium2Library">
<doc>Verifies that element ``locator`` contains text ``expected``.</doc>
<arguments>
<arg>${XPATH_TO_VERIFY_NAME}</arg>
<arg>${NEW_CYCLE_NAME}</arg>
</arguments>
<msg timestamp="20210326 11:43:32.895" level="INFO">Element '//td[@data-role="name"]' contains text 'jSLIUNte2fv5FBV'.</msg>
<status status="PASS" starttime="20210326 11:43:32.871" endtime="20210326 11:43:32.895"></status>
</kw>
<kw name="Element Should Contain" library="Selenium2Library">
<doc>Verifies that element ``locator`` contains text ``expected``.</doc>
<arguments>
<arg>${XPATH_TO_VERIFY_CUSTOMER_TYPE}</arg>
<arg>${NEW_CUSTOMER_TYPE}</arg>
</arguments>
<msg timestamp="20210326 11:43:32.920" level="INFO">Element '//td[@data-mobile-label="Customer Type"][1]' contains text 'Corporate'.</msg>
<status status="PASS" starttime="20210326 11:43:32.895" endtime="20210326 11:43:32.920"></status>
</kw>
<status status="PASS" starttime="20210326 11:43:31.047" endtime="20210326 11:43:32.921"></status>
</kw>
<kw name="Audit check of edited bill" library="Resource">
<arguments>
<arg>${NEW_CYCLE_NAME}</arg>
<arg>${NEW_CUSTOMER_TYPE}</arg>
<arg>${CYCLE_NAME}</arg>
<arg>${CUSTOMER_TYPE}</arg>
</arguments>
<kw name="Audit click" library="Resource">
<kw name="Setup" library="Resource">
<kw name="Reload Page" library="Selenium2Library">
<doc>Simulates user reloading page.</doc>
<status status="PASS" starttime="20210326 11:43:32.922" endtime="20210326 11:43:33.196"></status>
</kw>
<kw name="Set Selenium Implicit Wait" library="Selenium2Library">
<doc>Sets the implicit wait value used by Selenium.</doc>
<arguments>
<arg>10s</arg>
</arguments>
<status status="PASS" starttime="20210326 11:43:33.196" endtime="20210326 11:43:33.197"></status>
</kw>
<kw name="Click Element" library="Selenium2Library">
<doc>Click the element identified by ``locator``.</doc>
<arguments>
<arg>${CONFIGURATION}</arg>
</arguments>
<msg timestamp="20210326 11:43:33.198" level="INFO">Clicking element '//a[@class="ng-scope"]'.</msg>
<status status="PASS" starttime="20210326 11:43:33.197" endtime="20210326 11:43:33.943"></status>
</kw>
<kw name="Click Element" library="Selenium2Library">
<doc>Click the element identified by ``locator``.</doc>
<arguments>
<arg>${BILLING_CYCLE}</arg>
</arguments>
<msg timestamp="20210326 11:43:33.944" level="INFO">Clicking element '//a[@translate="Billing Cycles"]'.</msg>
<status status="PASS" starttime="20210326 11:43:33.943" endtime="20210326 11:43:35.704"></status>
</kw>
<status status="PASS" starttime="20210326 11:43:32.921" endtime="20210326 11:43:35.704"></status>
</kw>
<kw name="Click Element" library="Selenium2Library">
<doc>Click the element identified by ``locator``.</doc>
<arguments>
<arg>${XPATH_TO_AUDIT_BUTTON}</arg>
</arguments>
<msg timestamp="20210326 11:43:35.704" level="INFO">Clicking element '//a[@ng-click="showAuditLog(item); $event.stopPropagation()"][1]'.</msg>
<status status="PASS" starttime="20210326 11:43:35.704" endtime="20210326 11:43:35.755"></status>
</kw>
<kw name="Set Selenium Implicit Wait" library="Selenium2Library">
<doc>Sets the implicit wait value used by Selenium.</doc>
<arguments>
<arg>10s</arg>
</arguments>
<status status="PASS" starttime="20210326 11:43:35.755" endtime="20210326 11:43:35.757"></status>
</kw>
<kw name="Click Element" library="Selenium2Library">
<doc>Click the element identified by ``locator``.</doc>
<arguments>
<arg>${XPATH_TO_DROPDOWN_BUTTON}</arg>
</arguments>
<msg timestamp="20210326 11:43:35.757" level="INFO">Clicking element '//*[text()='DCBS'][1]'.</msg>
<status status="PASS" starttime="20210326 11:43:35.757" endtime="20210326 11:43:36.115"></status>
</kw>
<kw name="Set Selenium Implicit Wait" library="Selenium2Library">
<doc>Sets the implicit wait value used by Selenium.</doc>
<arguments>
<arg>10s</arg>
</arguments>
<status status="PASS" starttime="20210326 11:43:36.115" endtime="20210326 11:43:36.117"></status>
</kw>
<status status="PASS" starttime="20210326 11:43:32.921" endtime="20210326 11:43:36.117"></status>
</kw>
<kw name="Wait Until Page Contains" library="Selenium2Library">
<doc>Waits until ``text`` appears on the current page.</doc>
<arguments>
<arg>${NEW_CYCLE_NAME}</arg>
</arguments>
<status status="PASS" starttime="20210326 11:43:36.117" endtime="20210326 11:43:36.127"></status>
</kw>
<kw name="Wait Until Page Contains" library="Selenium2Library">
<doc>Waits until ``text`` appears on the current page.</doc>
<arguments>
<arg>${NEW_CUSTOMER_TYPE}</arg>
</arguments>
<status status="PASS" starttime="20210326 11:43:36.127" endtime="20210326 11:43:36.141"></status>
</kw>
<kw name="Wait Until Page Contains" library="Selenium2Library">
<doc>Waits until ``text`` appears on the current page.</doc>
<arguments>
<arg>${CYCLE_NAME}</arg>
</arguments>
<status status="PASS" starttime="20210326 11:43:36.141" endtime="20210326 11:43:36.155"></status>
</kw>
<kw name="Wait Until Page Contains" library="Selenium2Library">
<doc>Waits until ``text`` appears on the current page.</doc>
<arguments>
<arg>${CUSTOMER_TYPE}</arg>
</arguments>
<status status="PASS" starttime="20210326 11:43:36.155" endtime="20210326 11:43:36.168"></status>
</kw>
<status status="PASS" starttime="20210326 11:43:32.921" endtime="20210326 11:43:36.168"></status>
</kw>
<status status="PASS" starttime="20210326 11:43:31.046" endtime="20210326 11:43:36.168"></status>
</kw>
<status status="PASS" starttime="20210326 11:43:31.046" endtime="20210326 11:43:36.168"></status>
</kw>
<status status="PASS" starttime="20210326 11:43:21.641" endtime="20210326 11:43:36.168"></status>
</kw>
<status status="PASS" starttime="20210326 11:43:21.641" endtime="20210326 11:43:36.168" critical="yes"></status>
</test>
<kw name="Close Browsers" library="Resource" type="teardown">
<kw name="Close All Browsers" library="Selenium2Library">
<doc>Closes all open browsers and resets the browser cache.</doc>
<status status="PASS" starttime="20210326 11:43:36.169" endtime="20210326 11:43:38.317"></status>
</kw>
<status status="PASS" starttime="20210326 11:43:36.169" endtime="20210326 11:43:38.318"></status>
</kw>
<status status="PASS" starttime="20210326 11:42:24.543" endtime="20210326 11:43:38.318"></status>
</suite>
<statistics>
<total>
<stat pass="5" fail="0">Critical Tests</stat>
<stat pass="5" fail="0">All Tests</stat>
</total>
<tag>
</tag>
<suite>
<stat pass="5" fail="0" id="s1" name="Runner">Runner</stat>
</suite>
</statistics>
<errors>
<msg timestamp="20210326 11:42:54.070" level="WARN">Multiple test cases with name 'first test' executed in test suite 'Runner'.</msg>
<msg timestamp="20210326 11:43:08.467" level="WARN">Multiple test cases with name 'first test' executed in test suite 'Runner'.</msg>
<msg timestamp="20210326 11:43:18.718" level="WARN">Multiple test cases with name 'first test' executed in test suite 'Runner'.</msg>
<msg timestamp="20210326 11:43:21.640" level="WARN">Multiple test cases with name 'first test' executed in test suite 'Runner'.</msg>
</errors>
</robot>
