<?xml version="1.0" encoding="UTF-8"?>
<robot generator="Robot 3.2.2 (Python 3.9.1 on win32)" generated="20210325 15:08:29.545" rpa="false">
<suite id="s1" name="Runner" source="C:\Users\shajuam\Music\.idea\Runner.robot">
<kw name="Login To website" library="Resource" type="setup">
<kw name="Open Browser" library="Selenium2Library">
<doc>Opens a new browser instance to the optional ``url``.</doc>
<arguments>
<arg>${URL}</arg>
<arg>${browser}</arg>
</arguments>
<msg timestamp="20210325 15:08:31.523" level="INFO">Opening browser 'gc' to base url 'https://eur03.safelinks.protection.outlook.com/?url=http%3A%2F%2Fdcbs.cluster1.devtestlab2.tecnotree.com%2Fngb-ui%2F&amp;data=04%7C01%7CAmal.Shaju%40tecnotree.com%7C16d57dacc5dc497e7db408d8c7482859%7C176a79e7ee0947d9b51fcadf37972564%7C0%7C0%7C637478460463072885%7CUnknown%7CTWFpbGZsb3d8eyJWIjoiMC4wLjAwMDAiLCJQIjoiV2luMzIiLCJBTiI6Ik1haWwiLCJXVCI6Mn0%3D%7C1000&amp;sdata=bxudawN6VRWjT4w%2F%2F9Obp%2FL67Ceorn6X6iDPfsdVApo%3D&amp;reserved=0'.</msg>
<status status="PASS" starttime="20210325 15:08:31.522" endtime="20210325 15:08:38.817"></status>
</kw>
<kw name="Set Selenium Implicit Wait" library="Selenium2Library">
<doc>Sets the implicit wait value used by Selenium.</doc>
<arguments>
<arg>10s</arg>
</arguments>
<status status="PASS" starttime="20210325 15:08:38.818" endtime="20210325 15:08:38.820"></status>
</kw>
<kw name="Maximize Browser Window" library="Selenium2Library">
<doc>Maximizes current browser window.</doc>
<status status="PASS" starttime="20210325 15:08:38.821" endtime="20210325 15:08:38.958"></status>
</kw>
<kw name="Input Text" library="Selenium2Library">
<doc>Types the given ``text`` into the text field identified by ``locator``.</doc>
<arguments>
<arg>${XPATH_TO_USERNAME_TEXTBOX}</arg>
<arg>${USER_ID}</arg>
</arguments>
<msg timestamp="20210325 15:08:38.960" level="INFO">Typing text 'collections' into text field 'username'.</msg>
<status status="PASS" starttime="20210325 15:08:38.959" endtime="20210325 15:08:44.844"></status>
</kw>
<kw name="Input Text" library="Selenium2Library">
<doc>Types the given ``text`` into the text field identified by ``locator``.</doc>
<arguments>
<arg>${XPATH_TO_PASSWORD_TEXTBOX}</arg>
<arg>${PASSWORD}</arg>
</arguments>
<msg timestamp="20210325 15:08:44.845" level="INFO">Typing text 'Tecnotree@123' into text field 'password'.</msg>
<status status="PASS" starttime="20210325 15:08:44.845" endtime="20210325 15:08:44.999"></status>
</kw>
<kw name="Click Element" library="Selenium2Library">
<doc>Click the element identified by ``locator``.</doc>
<arguments>
<arg>${LOGIN_SUBMIT BUTTON}</arg>
</arguments>
<msg timestamp="20210325 15:08:45.001" level="INFO">Clicking element '//input[@class="btn btn-primary"]'.</msg>
<status status="PASS" starttime="20210325 15:08:45.000" endtime="20210325 15:08:50.280"></status>
</kw>
<kw name="Initialize Random Variables" library="Resource">
<kw name="Generate Random String" library="String">
<doc>Generates a string with a desired ``length`` from the given ``chars``.</doc>
<arguments>
<arg>15</arg>
</arguments>
<assign>
<var>${RANDOM_CYCLE_NAME}</var>
</assign>
<msg timestamp="20210325 15:08:50.282" level="INFO">${RANDOM_CYCLE_NAME} = NuSgLHeKHVz0oo7</msg>
<status status="PASS" starttime="20210325 15:08:50.282" endtime="20210325 15:08:50.282"></status>
</kw>
<kw name="Set Global Variable" library="BuiltIn">
<doc>Makes a variable available globally in all tests and suites.</doc>
<arguments>
<arg>${RANDOM_CYCLE_NAME}</arg>
</arguments>
<msg timestamp="20210325 15:08:50.283" level="INFO">${RANDOM_CYCLE_NAME} = NuSgLHeKHVz0oo7</msg>
<status status="PASS" starttime="20210325 15:08:50.283" endtime="20210325 15:08:50.283"></status>
</kw>
<kw name="Generate Random String" library="String">
<doc>Generates a string with a desired ``length`` from the given ``chars``.</doc>
<arguments>
<arg>15</arg>
</arguments>
<assign>
<var>${RANDOM_EDIT_NAME}</var>
</assign>
<msg timestamp="20210325 15:08:50.284" level="INFO">${RANDOM_EDIT_NAME} = g65VGmHiACDqrd8</msg>
<status status="PASS" starttime="20210325 15:08:50.284" endtime="20210325 15:08:50.284"></status>
</kw>
<kw name="Set Global Variable" library="BuiltIn">
<doc>Makes a variable available globally in all tests and suites.</doc>
<arguments>
<arg>${RANDOM_EDIT_NAME}</arg>
</arguments>
<msg timestamp="20210325 15:08:50.285" level="INFO">${RANDOM_EDIT_NAME} = g65VGmHiACDqrd8</msg>
<status status="PASS" starttime="20210325 15:08:50.284" endtime="20210325 15:08:50.285"></status>
</kw>
<status status="PASS" starttime="20210325 15:08:50.281" endtime="20210325 15:08:50.286"></status>
</kw>
<status status="PASS" starttime="20210325 15:08:31.520" endtime="20210325 15:08:50.286"></status>
</kw>
<test id="s1-t1" name="first test">
<kw name="New Bill Generation">
<arguments>
<arg>${RANDOM_CYCLE_NAME}</arg>
<arg>biMonthly</arg>
<arg>3</arg>
<arg>5</arg>
<arg>Personal</arg>
<arg>${RANDOM_EDIT_NAME}</arg>
<arg>Personal</arg>
<arg>Pass</arg>
<arg>Pass</arg>
</arguments>
<kw name="New bill cycle" library="Resource">
<kw name="Setup" library="Resource">
<kw name="Reload Page" library="Selenium2Library">
<doc>Simulates user reloading page.</doc>
<status status="PASS" starttime="20210325 15:08:50.290" endtime="20210325 15:08:50.733"></status>
</kw>
<kw name="Set Selenium Implicit Wait" library="Selenium2Library">
<doc>Sets the implicit wait value used by Selenium.</doc>
<arguments>
<arg>10s</arg>
</arguments>
<status status="PASS" starttime="20210325 15:08:50.733" endtime="20210325 15:08:50.735"></status>
</kw>
<kw name="Click Element" library="Selenium2Library">
<doc>Click the element identified by ``locator``.</doc>
<arguments>
<arg>${CONFIGURATION}</arg>
</arguments>
<msg timestamp="20210325 15:08:50.736" level="INFO">Clicking element '//a[@class="ng-scope"]'.</msg>
<status status="PASS" starttime="20210325 15:08:50.735" endtime="20210325 15:08:52.341"></status>
</kw>
<kw name="Click Element" library="Selenium2Library">
<doc>Click the element identified by ``locator``.</doc>
<arguments>
<arg>${BILLING_CYCLE}</arg>
</arguments>
<msg timestamp="20210325 15:08:52.342" level="INFO">Clicking element '//a[@translate="Billing Cycles"]'.</msg>
<status status="PASS" starttime="20210325 15:08:52.341" endtime="20210325 15:08:56.726"></status>
</kw>
<status status="PASS" starttime="20210325 15:08:50.289" endtime="20210325 15:08:56.728"></status>
</kw>
<kw name="Click Element" library="Selenium2Library">
<doc>Click the element identified by ``locator``.</doc>
<arguments>
<arg>${NEW_BILL_CYCLE}</arg>
</arguments>
<msg timestamp="20210325 15:08:56.728" level="INFO">Clicking element '//button[@class="btn btn-primary btn-xs"]'.</msg>
<status status="PASS" starttime="20210325 15:08:56.728" endtime="20210325 15:08:56.830"></status>
</kw>
<status status="PASS" starttime="20210325 15:08:50.289" endtime="20210325 15:08:56.830"></status>
</kw>
<kw name="Initialize Random Variables" library="Resource">
<kw name="Generate Random String" library="String">
<doc>Generates a string with a desired ``length`` from the given ``chars``.</doc>
<arguments>
<arg>15</arg>
</arguments>
<assign>
<var>${RANDOM_CYCLE_NAME}</var>
</assign>
<msg timestamp="20210325 15:08:56.832" level="INFO">${RANDOM_CYCLE_NAME} = D0AKDCBVZJ1dOFf</msg>
<status status="PASS" starttime="20210325 15:08:56.831" endtime="20210325 15:08:56.832"></status>
</kw>
<kw name="Set Global Variable" library="BuiltIn">
<doc>Makes a variable available globally in all tests and suites.</doc>
<arguments>
<arg>${RANDOM_CYCLE_NAME}</arg>
</arguments>
<msg timestamp="20210325 15:08:56.833" level="INFO">${RANDOM_CYCLE_NAME} = D0AKDCBVZJ1dOFf</msg>
<status status="PASS" starttime="20210325 15:08:56.832" endtime="20210325 15:08:56.833"></status>
</kw>
<kw name="Generate Random String" library="String">
<doc>Generates a string with a desired ``length`` from the given ``chars``.</doc>
<arguments>
<arg>15</arg>
</arguments>
<assign>
<var>${RANDOM_EDIT_NAME}</var>
</assign>
<msg timestamp="20210325 15:08:56.833" level="INFO">${RANDOM_EDIT_NAME} = nvwLOQQPbN9LMNv</msg>
<status status="PASS" starttime="20210325 15:08:56.833" endtime="20210325 15:08:56.834"></status>
</kw>
<kw name="Set Global Variable" library="BuiltIn">
<doc>Makes a variable available globally in all tests and suites.</doc>
<arguments>
<arg>${RANDOM_EDIT_NAME}</arg>
</arguments>
<msg timestamp="20210325 15:08:56.835" level="INFO">${RANDOM_EDIT_NAME} = nvwLOQQPbN9LMNv</msg>
<status status="PASS" starttime="20210325 15:08:56.834" endtime="20210325 15:08:56.835"></status>
</kw>
<status status="PASS" starttime="20210325 15:08:56.831" endtime="20210325 15:08:56.835"></status>
</kw>
<kw name="Give input to new bill cycle" library="Resource">
<arguments>
<arg>${CYCLE_NAME}</arg>
<arg>${PERIODICITY}</arg>
<arg>${START_DATE}</arg>
<arg>${START_MONTH}</arg>
<arg>${CUSTOMER_TYPE}</arg>
</arguments>
<kw name="Input Text" library="Selenium2Library">
<doc>Types the given ``text`` into the text field identified by ``locator``.</doc>
<arguments>
<arg>${XPATH_TO_CYCLE_NAME_TEXTBOX}</arg>
<arg>${CYCLE_NAME}</arg>
</arguments>
<msg timestamp="20210325 15:08:56.837" level="INFO">Typing text 'NuSgLHeKHVz0oo7' into text field '//input[@name="configname"]'.</msg>
<status status="PASS" starttime="20210325 15:08:56.837" endtime="20210325 15:08:58.588"></status>
</kw>
<kw name="Select From List By Label" library="Selenium2Library">
<doc>Selects options from selection list ``locator`` by ``labels``.</doc>
<arguments>
<arg>${XPATH_TO_PERIODICITY_TEXTBOX}</arg>
<arg>${PERIODICITY}</arg>
</arguments>
<msg timestamp="20210325 15:08:58.590" level="INFO">Selecting options from selection list '//select[@ng-change='resetbimonthly()']' by label biMonthly.</msg>
<status status="PASS" starttime="20210325 15:08:58.589" endtime="20210325 15:08:58.730"></status>
</kw>
<kw name="Select From List By Label" library="Selenium2Library">
<doc>Selects options from selection list ``locator`` by ``labels``.</doc>
<arguments>
<arg>${XPATH_TO_START_DATE_TEXTBOX}</arg>
<arg>${START_DATE}</arg>
</arguments>
<msg timestamp="20210325 15:08:58.731" level="INFO">Selecting options from selection list '//select[@name='starts']' by label 3.</msg>
<status status="PASS" starttime="20210325 15:08:58.731" endtime="20210325 15:08:58.861"></status>
</kw>
<kw name="Select From List By Label" library="Selenium2Library">
<doc>Selects options from selection list ``locator`` by ``labels``.</doc>
<arguments>
<arg>${XPATH_TO_START_MONTH_TEXTBOX}</arg>
<arg>${START_MONTH}</arg>
</arguments>
<msg timestamp="20210325 15:08:58.862" level="INFO">Selecting options from selection list '//select[@name='startsFrom']' by label 5.</msg>
<status status="PASS" starttime="20210325 15:08:58.862" endtime="20210325 15:08:58.990"></status>
</kw>
<kw name="Select From List By Label" library="Selenium2Library">
<doc>Selects options from selection list ``locator`` by ``labels``.</doc>
<arguments>
<arg>${XPATH_TO_CUSTOMER_TYPE_TEXTBOX}</arg>
<arg>${CUSTOMER_TYPE}</arg>
</arguments>
<msg timestamp="20210325 15:08:58.991" level="INFO">Selecting options from selection list '//select[@name='customerType']' by label Personal.</msg>
<status status="PASS" starttime="20210325 15:08:58.990" endtime="20210325 15:08:59.116"></status>
</kw>
<kw name="Click Element" library="Selenium2Library">
<doc>Click the element identified by ``locator``.</doc>
<arguments>
<arg>${SAVE}</arg>
</arguments>
<msg timestamp="20210325 15:08:59.117" level="INFO">Clicking element '//*[text()='Save']'.</msg>
<status status="PASS" starttime="20210325 15:08:59.116" endtime="20210325 15:08:59.200"></status>
</kw>
<status status="PASS" starttime="20210325 15:08:56.835" endtime="20210325 15:08:59.200"></status>
</kw>
<kw name="Wait Until Page Contains" library="Selenium2Library">
<doc>Waits until ``text`` appears on the current page.</doc>
<arguments>
<arg>${${EXPECTED_TEXT_TO_VERIFY_NEW_BILL}}</arg>
</arguments>
<status status="PASS" starttime="20210325 15:08:59.200" endtime="20210325 15:08:59.488"></status>
</kw>
<kw name="Run Keyword If" library="BuiltIn">
<doc>Runs the given keyword with the given arguments, if ``condition`` is true.</doc>
<arguments>
<arg>'${EXPECTED_TEXT_TO_VERIFY_NEW_BILL}'=='Pass'</arg>
<arg>Verify,Audit and Edit the newly genrated bill</arg>
<arg>${CYCLE_NAME}</arg>
<arg>${PERIODICITY}</arg>
<arg>${START_DATE}</arg>
<arg>${CUSTOMER_TYPE}</arg>
<arg>${NEW_CYCLE_NAME}</arg>
<arg>${NEW_CUSTOMER_TYPE}</arg>
<arg>${EXPECTED_TEXT_TO_VERIFY}</arg>
</arguments>
<kw name="Verify,Audit and Edit the newly genrated bill" library="Resource">
<arguments>
<arg>${CYCLE_NAME}</arg>
<arg>${PERIODICITY}</arg>
<arg>${START_DATE}</arg>
<arg>${CUSTOMER_TYPE}</arg>
<arg>${NEW_CYCLE_NAME}</arg>
<arg>${NEW_CUSTOMER_TYPE}</arg>
<arg>${EXPECTED_TEXT_TO_VERIFY}</arg>
</arguments>
<kw name="Verification" library="Resource">
<arguments>
<arg>${CYCLE_NAME}</arg>
<arg>${PERIODICITY}</arg>
<arg>${START_DATE}</arg>
<arg>${CUSTOMER_TYPE}</arg>
</arguments>
<kw name="Setup" library="Resource">
<kw name="Reload Page" library="Selenium2Library">
<doc>Simulates user reloading page.</doc>
<status status="PASS" starttime="20210325 15:08:59.492" endtime="20210325 15:08:59.942"></status>
</kw>
<kw name="Set Selenium Implicit Wait" library="Selenium2Library">
<doc>Sets the implicit wait value used by Selenium.</doc>
<arguments>
<arg>10s</arg>
</arguments>
<status status="PASS" starttime="20210325 15:08:59.942" endtime="20210325 15:08:59.944"></status>
</kw>
<kw name="Click Element" library="Selenium2Library">
<doc>Click the element identified by ``locator``.</doc>
<arguments>
<arg>${CONFIGURATION}</arg>
</arguments>
<msg timestamp="20210325 15:08:59.945" level="INFO">Clicking element '//a[@class="ng-scope"]'.</msg>
<status status="PASS" starttime="20210325 15:08:59.945" endtime="20210325 15:09:00.907"></status>
</kw>
<kw name="Click Element" library="Selenium2Library">
<doc>Click the element identified by ``locator``.</doc>
<arguments>
<arg>${BILLING_CYCLE}</arg>
</arguments>
<msg timestamp="20210325 15:09:00.908" level="INFO">Clicking element '//a[@translate="Billing Cycles"]'.</msg>
<status status="PASS" starttime="20210325 15:09:00.907" endtime="20210325 15:09:02.059"></status>
</kw>
<status status="PASS" starttime="20210325 15:08:59.491" endtime="20210325 15:09:02.059"></status>
</kw>
<kw name="Wait Until Page Contains" library="Selenium2Library">
<doc>Waits until ``text`` appears on the current page.</doc>
<arguments>
<arg>${CYCLE_NAME}</arg>
</arguments>
<status status="PASS" starttime="20210325 15:09:02.060" endtime="20210325 15:09:02.087"></status>
</kw>
<kw name="Element Should Contain" library="Selenium2Library">
<doc>Verifies that element ``locator`` contains text ``expected``.</doc>
<arguments>
<arg>${XPATH_TO_VERIFY_PERIODICITY}</arg>
<arg>${PERIODICITY}</arg>
</arguments>
<msg timestamp="20210325 15:09:02.130" level="INFO">Element '//td[@data-mobile-label="Periodicity"][1]' contains text 'biMonthly'.</msg>
<status status="PASS" starttime="20210325 15:09:02.087" endtime="20210325 15:09:02.130"></status>
</kw>
<kw name="Element Should Contain" library="Selenium2Library">
<doc>Verifies that element ``locator`` contains text ``expected``.</doc>
<arguments>
<arg>${XPATH_TO_VERIFY_START_DATE}</arg>
<arg>${START_DATE}</arg>
</arguments>
<msg timestamp="20210325 15:09:02.172" level="INFO">Element '//td[@data-mobile-label="StartsDay"][1]' contains text '3'.</msg>
<status status="PASS" starttime="20210325 15:09:02.131" endtime="20210325 15:09:02.173"></status>
</kw>
<kw name="Element Should Contain" library="Selenium2Library">
<doc>Verifies that element ``locator`` contains text ``expected``.</doc>
<arguments>
<arg>${XPATH_TO_VERIFY_CUSTOMER_TYPE}</arg>
<arg>${CUSTOMER_TYPE}</arg>
</arguments>
<msg timestamp="20210325 15:09:02.216" level="INFO">Element '//td[@data-mobile-label="Customer Type"][1]' contains text 'Personal'.</msg>
<status status="PASS" starttime="20210325 15:09:02.173" endtime="20210325 15:09:02.216"></status>
</kw>
<status status="PASS" starttime="20210325 15:08:59.490" endtime="20210325 15:09:02.217"></status>
</kw>
<kw name="Auditing the new bill" library="Resource">
<arguments>
<arg>${CYCLE_NAME}</arg>
<arg>${CUSTOMER_TYPE}</arg>
</arguments>
<kw name="Audit click" library="Resource">
<kw name="Setup" library="Resource">
<kw name="Reload Page" library="Selenium2Library">
<doc>Simulates user reloading page.</doc>
<status status="PASS" starttime="20210325 15:09:02.219" endtime="20210325 15:09:02.732"></status>
</kw>
<kw name="Set Selenium Implicit Wait" library="Selenium2Library">
<doc>Sets the implicit wait value used by Selenium.</doc>
<arguments>
<arg>10s</arg>
</arguments>
<status status="PASS" starttime="20210325 15:09:02.732" endtime="20210325 15:09:02.735"></status>
</kw>
<kw name="Click Element" library="Selenium2Library">
<doc>Click the element identified by ``locator``.</doc>
<arguments>
<arg>${CONFIGURATION}</arg>
</arguments>
<msg timestamp="20210325 15:09:02.735" level="INFO">Clicking element '//a[@class="ng-scope"]'.</msg>
<status status="PASS" starttime="20210325 15:09:02.735" endtime="20210325 15:09:03.850"></status>
</kw>
<kw name="Click Element" library="Selenium2Library">
<doc>Click the element identified by ``locator``.</doc>
<arguments>
<arg>${BILLING_CYCLE}</arg>
</arguments>
<msg timestamp="20210325 15:09:03.851" level="INFO">Clicking element '//a[@translate="Billing Cycles"]'.</msg>
<status status="PASS" starttime="20210325 15:09:03.850" endtime="20210325 15:09:04.656"></status>
</kw>
<status status="PASS" starttime="20210325 15:09:02.218" endtime="20210325 15:09:04.656"></status>
</kw>
<kw name="Click Element" library="Selenium2Library">
<doc>Click the element identified by ``locator``.</doc>
<arguments>
<arg>${XPATH_TO_AUDIT_BUTTON}</arg>
</arguments>
<msg timestamp="20210325 15:09:04.657" level="INFO">Clicking element '//a[@ng-click="showAuditLog(item); $event.stopPropagation()"][1]'.</msg>
<status status="PASS" starttime="20210325 15:09:04.657" endtime="20210325 15:09:04.757"></status>
</kw>
<kw name="Set Selenium Implicit Wait" library="Selenium2Library">
<doc>Sets the implicit wait value used by Selenium.</doc>
<arguments>
<arg>10s</arg>
</arguments>
<status status="PASS" starttime="20210325 15:09:04.757" endtime="20210325 15:09:04.761"></status>
</kw>
<kw name="Click Element" library="Selenium2Library">
<doc>Click the element identified by ``locator``.</doc>
<arguments>
<arg>${XPATH_TO_DROPDOWN_BUTTON}</arg>
</arguments>
<msg timestamp="20210325 15:09:04.762" level="INFO">Clicking element '//*[text()='DCBS'][1]'.</msg>
<status status="PASS" starttime="20210325 15:09:04.762" endtime="20210325 15:09:05.149"></status>
</kw>
<kw name="Set Selenium Implicit Wait" library="Selenium2Library">
<doc>Sets the implicit wait value used by Selenium.</doc>
<arguments>
<arg>10s</arg>
</arguments>
<status status="PASS" starttime="20210325 15:09:05.149" endtime="20210325 15:09:05.152"></status>
</kw>
<status status="PASS" starttime="20210325 15:09:02.218" endtime="20210325 15:09:05.153"></status>
</kw>
<kw name="Wait Until Page Contains" library="Selenium2Library">
<doc>Waits until ``text`` appears on the current page.</doc>
<arguments>
<arg>${CYCLE_NAME}</arg>
</arguments>
<status status="PASS" starttime="20210325 15:09:05.153" endtime="20210325 15:09:05.171"></status>
</kw>
<kw name="Wait Until Page Contains" library="Selenium2Library">
<doc>Waits until ``text`` appears on the current page.</doc>
<arguments>
<arg>${CUSTOMER_TYPE}</arg>
</arguments>
<status status="PASS" starttime="20210325 15:09:05.172" endtime="20210325 15:09:05.197"></status>
</kw>
<status status="PASS" starttime="20210325 15:09:02.217" endtime="20210325 15:09:05.198"></status>
</kw>
<kw name="Editing section" library="Resource">
<arguments>
<arg>${NEW_CYCLE_NAME}</arg>
<arg>${NEW_CUSTOMER_TYPE}</arg>
<arg>${EXPECTED_TEXT_TO_VERIFY}</arg>
</arguments>
<kw name="Edit bill cycle" library="Resource">
<kw name="Setup" library="Resource">
<kw name="Reload Page" library="Selenium2Library">
<doc>Simulates user reloading page.</doc>
<status status="PASS" starttime="20210325 15:09:05.200" endtime="20210325 15:09:05.206"></status>
</kw>
<kw name="Set Selenium Implicit Wait" library="Selenium2Library">
<doc>Sets the implicit wait value used by Selenium.</doc>
<arguments>
<arg>10s</arg>
</arguments>
<status status="PASS" starttime="20210325 15:09:05.207" endtime="20210325 15:09:05.211"></status>
</kw>
<kw name="Click Element" library="Selenium2Library">
<doc>Click the element identified by ``locator``.</doc>
<arguments>
<arg>${CONFIGURATION}</arg>
</arguments>
<msg timestamp="20210325 15:09:05.212" level="INFO">Clicking element '//a[@class="ng-scope"]'.</msg>
<status status="PASS" starttime="20210325 15:09:05.211" endtime="20210325 15:09:06.921"></status>
</kw>
<kw name="Click Element" library="Selenium2Library">
<doc>Click the element identified by ``locator``.</doc>
<arguments>
<arg>${BILLING_CYCLE}</arg>
</arguments>
<msg timestamp="20210325 15:09:06.921" level="INFO">Clicking element '//a[@translate="Billing Cycles"]'.</msg>
<status status="PASS" starttime="20210325 15:09:06.921" endtime="20210325 15:09:08.039"></status>
</kw>
<status status="PASS" starttime="20210325 15:09:05.199" endtime="20210325 15:09:08.039"></status>
</kw>
<kw name="Click Element" library="Selenium2Library">
<doc>Click the element identified by ``locator``.</doc>
<arguments>
<arg>${EDIT_BILL_BUTTON}</arg>
</arguments>
<msg timestamp="20210325 15:09:08.041" level="INFO">Clicking element '//a[@is-allowed="ngb.fe.billingConfigurations.billCycle.edit"]'.</msg>
<status status="PASS" starttime="20210325 15:09:08.040" endtime="20210325 15:09:08.153"></status>
</kw>
<status status="PASS" starttime="20210325 15:09:05.199" endtime="20210325 15:09:08.153"></status>
</kw>
<kw name="Input Text" library="Selenium2Library">
<doc>Types the given ``text`` into the text field identified by ``locator``.</doc>
<arguments>
<arg>${XPATH_TO_CYCLE_NAME_TEXTBOX}</arg>
<arg>${NEW_CYCLE_NAME}</arg>
</arguments>
<msg timestamp="20210325 15:09:08.155" level="INFO">Typing text 'g65VGmHiACDqrd8' into text field '//input[@name="configname"]'.</msg>
<status status="PASS" starttime="20210325 15:09:08.154" endtime="20210325 15:09:08.604"></status>
</kw>
<kw name="Select From List By Label" library="Selenium2Library">
<doc>Selects options from selection list ``locator`` by ``labels``.</doc>
<arguments>
<arg>${XPATH_TO_CUSTOMER_TYPE_TEXTBOX}</arg>
<arg>${NEW_CUSTOMER_TYPE}</arg>
</arguments>
<msg timestamp="20210325 15:09:08.605" level="INFO">Selecting options from selection list '//select[@name='customerType']' by label Personal.</msg>
<status status="PASS" starttime="20210325 15:09:08.604" endtime="20210325 15:09:08.678"></status>
</kw>
<kw name="Click Element" library="Selenium2Library">
<doc>Click the element identified by ``locator``.</doc>
<arguments>
<arg>${SAVE}</arg>
</arguments>
<msg timestamp="20210325 15:09:08.679" level="INFO">Clicking element '//*[text()='Save']'.</msg>
<status status="PASS" starttime="20210325 15:09:08.679" endtime="20210325 15:09:08.760"></status>
</kw>
<kw name="Wait Until Page Contains" library="Selenium2Library">
<doc>Waits until ``text`` appears on the current page.</doc>
<arguments>
<arg>${${EXPECTED_TEXT_TO_VERIFY}}</arg>
</arguments>
<status status="PASS" starttime="20210325 15:09:08.761" endtime="20210325 15:09:09.101"></status>
</kw>
<kw name="Reload Page" library="Selenium2Library">
<doc>Simulates user reloading page.</doc>
<status status="PASS" starttime="20210325 15:09:09.101" endtime="20210325 15:09:09.659"></status>
</kw>
<status status="PASS" starttime="20210325 15:09:05.198" endtime="20210325 15:09:09.659"></status>
</kw>
<status status="PASS" starttime="20210325 15:08:59.489" endtime="20210325 15:09:09.660"></status>
</kw>
<status status="PASS" starttime="20210325 15:08:59.489" endtime="20210325 15:09:09.660"></status>
</kw>
<kw name="Run Keyword If" library="BuiltIn">
<doc>Runs the given keyword with the given arguments, if ``condition`` is true.</doc>
<arguments>
<arg>'${EXPECTED_TEXT_TO_VERIFY}'=='Pass'</arg>
<arg>Edit Verification and Audit</arg>
<arg>${NEW_CYCLE_NAME}</arg>
<arg>${NEW_CUSTOMER_TYPE}</arg>
<arg>${CYCLE_NAME}</arg>
<arg>${CUSTOMER_TYPE}</arg>
</arguments>
<kw name="Edit Verification and Audit" library="Resource">
<arguments>
<arg>${NEW_CYCLE_NAME}</arg>
<arg>${NEW_CUSTOMER_TYPE}</arg>
<arg>${CYCLE_NAME}</arg>
<arg>${CUSTOMER_TYPE}</arg>
</arguments>
<kw name="Edit verification" library="Resource">
<arguments>
<arg>${NEW_CYCLE_NAME}</arg>
<arg>${NEW_CUSTOMER_TYPE}</arg>
</arguments>
<kw name="Setup" library="Resource">
<kw name="Reload Page" library="Selenium2Library">
<doc>Simulates user reloading page.</doc>
<status status="PASS" starttime="20210325 15:09:09.664" endtime="20210325 15:09:10.043"></status>
</kw>
<kw name="Set Selenium Implicit Wait" library="Selenium2Library">
<doc>Sets the implicit wait value used by Selenium.</doc>
<arguments>
<arg>10s</arg>
</arguments>
<status status="PASS" starttime="20210325 15:09:10.043" endtime="20210325 15:09:10.046"></status>
</kw>
<kw name="Click Element" library="Selenium2Library">
<doc>Click the element identified by ``locator``.</doc>
<arguments>
<arg>${CONFIGURATION}</arg>
</arguments>
<msg timestamp="20210325 15:09:10.048" level="INFO">Clicking element '//a[@class="ng-scope"]'.</msg>
<status status="PASS" starttime="20210325 15:09:10.046" endtime="20210325 15:09:11.016"></status>
</kw>
<kw name="Click Element" library="Selenium2Library">
<doc>Click the element identified by ``locator``.</doc>
<arguments>
<arg>${BILLING_CYCLE}</arg>
</arguments>
<msg timestamp="20210325 15:09:11.017" level="INFO">Clicking element '//a[@translate="Billing Cycles"]'.</msg>
<status status="PASS" starttime="20210325 15:09:11.016" endtime="20210325 15:09:11.924"></status>
</kw>
<status status="PASS" starttime="20210325 15:09:09.664" endtime="20210325 15:09:11.924"></status>
</kw>
<kw name="Element Should Contain" library="Selenium2Library">
<doc>Verifies that element ``locator`` contains text ``expected``.</doc>
<arguments>
<arg>${XPATH_TO_VERIFY_NAME}</arg>
<arg>${NEW_CYCLE_NAME}</arg>
</arguments>
<msg timestamp="20210325 15:09:11.971" level="INFO">Element '//td[@data-role="name"]' contains text 'g65VGmHiACDqrd8'.</msg>
<status status="PASS" starttime="20210325 15:09:11.925" endtime="20210325 15:09:11.971"></status>
</kw>
<kw name="Element Should Contain" library="Selenium2Library">
<doc>Verifies that element ``locator`` contains text ``expected``.</doc>
<arguments>
<arg>${XPATH_TO_VERIFY_CUSTOMER_TYPE}</arg>
<arg>${NEW_CUSTOMER_TYPE}</arg>
</arguments>
<msg timestamp="20210325 15:09:12.020" level="INFO">Element '//td[@data-mobile-label="Customer Type"][1]' contains text 'Personal'.</msg>
<status status="PASS" starttime="20210325 15:09:11.971" endtime="20210325 15:09:12.020"></status>
</kw>
<status status="PASS" starttime="20210325 15:09:09.662" endtime="20210325 15:09:12.021"></status>
</kw>
<kw name="Audit check of edited bill" library="Resource">
<arguments>
<arg>${NEW_CYCLE_NAME}</arg>
<arg>${NEW_CUSTOMER_TYPE}</arg>
<arg>${CYCLE_NAME}</arg>
<arg>${CUSTOMER_TYPE}</arg>
</arguments>
<kw name="Audit click" library="Resource">
<kw name="Setup" library="Resource">
<kw name="Reload Page" library="Selenium2Library">
<doc>Simulates user reloading page.</doc>
<status status="PASS" starttime="20210325 15:09:12.023" endtime="20210325 15:09:12.413"></status>
</kw>
<kw name="Set Selenium Implicit Wait" library="Selenium2Library">
<doc>Sets the implicit wait value used by Selenium.</doc>
<arguments>
<arg>10s</arg>
</arguments>
<status status="PASS" starttime="20210325 15:09:12.413" endtime="20210325 15:09:12.416"></status>
</kw>
<kw name="Click Element" library="Selenium2Library">
<doc>Click the element identified by ``locator``.</doc>
<arguments>
<arg>${CONFIGURATION}</arg>
</arguments>
<msg timestamp="20210325 15:09:12.416" level="INFO">Clicking element '//a[@class="ng-scope"]'.</msg>
<status status="PASS" starttime="20210325 15:09:12.416" endtime="20210325 15:09:13.339"></status>
</kw>
<kw name="Click Element" library="Selenium2Library">
<doc>Click the element identified by ``locator``.</doc>
<arguments>
<arg>${BILLING_CYCLE}</arg>
</arguments>
<msg timestamp="20210325 15:09:13.340" level="INFO">Clicking element '//a[@translate="Billing Cycles"]'.</msg>
<status status="PASS" starttime="20210325 15:09:13.340" endtime="20210325 15:09:14.571"></status>
</kw>
<status status="PASS" starttime="20210325 15:09:12.022" endtime="20210325 15:09:14.571"></status>
</kw>
<kw name="Click Element" library="Selenium2Library">
<doc>Click the element identified by ``locator``.</doc>
<arguments>
<arg>${XPATH_TO_AUDIT_BUTTON}</arg>
</arguments>
<msg timestamp="20210325 15:09:14.572" level="INFO">Clicking element '//a[@ng-click="showAuditLog(item); $event.stopPropagation()"][1]'.</msg>
<status status="PASS" starttime="20210325 15:09:14.572" endtime="20210325 15:09:14.656"></status>
</kw>
<kw name="Set Selenium Implicit Wait" library="Selenium2Library">
<doc>Sets the implicit wait value used by Selenium.</doc>
<arguments>
<arg>10s</arg>
</arguments>
<status status="PASS" starttime="20210325 15:09:14.656" endtime="20210325 15:09:14.658"></status>
</kw>
<kw name="Click Element" library="Selenium2Library">
<doc>Click the element identified by ``locator``.</doc>
<arguments>
<arg>${XPATH_TO_DROPDOWN_BUTTON}</arg>
</arguments>
<msg timestamp="20210325 15:09:14.659" level="INFO">Clicking element '//*[text()='DCBS'][1]'.</msg>
<status status="PASS" starttime="20210325 15:09:14.658" endtime="20210325 15:09:15.068"></status>
</kw>
<kw name="Set Selenium Implicit Wait" library="Selenium2Library">
<doc>Sets the implicit wait value used by Selenium.</doc>
<arguments>
<arg>10s</arg>
</arguments>
<status status="PASS" starttime="20210325 15:09:15.069" endtime="20210325 15:09:15.072"></status>
</kw>
<status status="PASS" starttime="20210325 15:09:12.022" endtime="20210325 15:09:15.072"></status>
</kw>
<kw name="Wait Until Page Contains" library="Selenium2Library">
<doc>Waits until ``text`` appears on the current page.</doc>
<arguments>
<arg>${NEW_CYCLE_NAME}</arg>
</arguments>
<status status="PASS" starttime="20210325 15:09:15.072" endtime="20210325 15:09:15.101"></status>
</kw>
<kw name="Wait Until Page Contains" library="Selenium2Library">
<doc>Waits until ``text`` appears on the current page.</doc>
<arguments>
<arg>${NEW_CUSTOMER_TYPE}</arg>
</arguments>
<status status="PASS" starttime="20210325 15:09:15.102" endtime="20210325 15:09:15.129"></status>
</kw>
<kw name="Wait Until Page Contains" library="Selenium2Library">
<doc>Waits until ``text`` appears on the current page.</doc>
<arguments>
<arg>${CYCLE_NAME}</arg>
</arguments>
<status status="PASS" starttime="20210325 15:09:15.129" endtime="20210325 15:09:15.162"></status>
</kw>
<kw name="Wait Until Page Contains" library="Selenium2Library">
<doc>Waits until ``text`` appears on the current page.</doc>
<arguments>
<arg>${CUSTOMER_TYPE}</arg>
</arguments>
<status status="PASS" starttime="20210325 15:09:15.163" endtime="20210325 15:09:15.184"></status>
</kw>
<status status="PASS" starttime="20210325 15:09:12.021" endtime="20210325 15:09:15.185"></status>
</kw>
<status status="PASS" starttime="20210325 15:09:09.661" endtime="20210325 15:09:15.185"></status>
</kw>
<status status="PASS" starttime="20210325 15:09:09.660" endtime="20210325 15:09:15.185"></status>
</kw>
<status status="PASS" starttime="20210325 15:08:50.288" endtime="20210325 15:09:15.185"></status>
</kw>
<status status="PASS" starttime="20210325 15:08:50.287" endtime="20210325 15:09:15.186" critical="yes"></status>
</test>
<test id="s1-t2" name="first test">
<kw name="New Bill Generation">
<arguments>
<arg>${RANDOM_CYCLE_NAME}</arg>
<arg>biMonthly</arg>
<arg>5</arg>
<arg>6</arg>
<arg>Personal</arg>
<arg>${RANDOM_EDIT_NAME}</arg>
<arg>Personal</arg>
<arg>Pass</arg>
<arg>Pass</arg>
</arguments>
<kw name="New bill cycle" library="Resource">
<kw name="Setup" library="Resource">
<kw name="Reload Page" library="Selenium2Library">
<doc>Simulates user reloading page.</doc>
<status status="PASS" starttime="20210325 15:09:15.190" endtime="20210325 15:09:15.202"></status>
</kw>
<kw name="Set Selenium Implicit Wait" library="Selenium2Library">
<doc>Sets the implicit wait value used by Selenium.</doc>
<arguments>
<arg>10s</arg>
</arguments>
<status status="PASS" starttime="20210325 15:09:15.202" endtime="20210325 15:09:15.204"></status>
</kw>
<kw name="Click Element" library="Selenium2Library">
<doc>Click the element identified by ``locator``.</doc>
<arguments>
<arg>${CONFIGURATION}</arg>
</arguments>
<msg timestamp="20210325 15:09:15.205" level="INFO">Clicking element '//a[@class="ng-scope"]'.</msg>
<status status="PASS" starttime="20210325 15:09:15.205" endtime="20210325 15:09:16.974"></status>
</kw>
<kw name="Click Element" library="Selenium2Library">
<doc>Click the element identified by ``locator``.</doc>
<arguments>
<arg>${BILLING_CYCLE}</arg>
</arguments>
<msg timestamp="20210325 15:09:16.975" level="INFO">Clicking element '//a[@translate="Billing Cycles"]'.</msg>
<status status="PASS" starttime="20210325 15:09:16.974" endtime="20210325 15:09:17.853"></status>
</kw>
<status status="PASS" starttime="20210325 15:09:15.189" endtime="20210325 15:09:17.854"></status>
</kw>
<kw name="Click Element" library="Selenium2Library">
<doc>Click the element identified by ``locator``.</doc>
<arguments>
<arg>${NEW_BILL_CYCLE}</arg>
</arguments>
<msg timestamp="20210325 15:09:17.855" level="INFO">Clicking element '//button[@class="btn btn-primary btn-xs"]'.</msg>
<status status="PASS" starttime="20210325 15:09:17.854" endtime="20210325 15:09:17.966"></status>
</kw>
<status status="PASS" starttime="20210325 15:09:15.188" endtime="20210325 15:09:17.967"></status>
</kw>
<kw name="Initialize Random Variables" library="Resource">
<kw name="Generate Random String" library="String">
<doc>Generates a string with a desired ``length`` from the given ``chars``.</doc>
<arguments>
<arg>15</arg>
</arguments>
<assign>
<var>${RANDOM_CYCLE_NAME}</var>
</assign>
<msg timestamp="20210325 15:09:17.969" level="INFO">${RANDOM_CYCLE_NAME} = 1JkM9Uv3AJdovAM</msg>
<status status="PASS" starttime="20210325 15:09:17.968" endtime="20210325 15:09:17.969"></status>
</kw>
<kw name="Set Global Variable" library="BuiltIn">
<doc>Makes a variable available globally in all tests and suites.</doc>
<arguments>
<arg>${RANDOM_CYCLE_NAME}</arg>
</arguments>
<msg timestamp="20210325 15:09:17.970" level="INFO">${RANDOM_CYCLE_NAME} = 1JkM9Uv3AJdovAM</msg>
<status status="PASS" starttime="20210325 15:09:17.969" endtime="20210325 15:09:17.970"></status>
</kw>
<kw name="Generate Random String" library="String">
<doc>Generates a string with a desired ``length`` from the given ``chars``.</doc>
<arguments>
<arg>15</arg>
</arguments>
<assign>
<var>${RANDOM_EDIT_NAME}</var>
</assign>
<msg timestamp="20210325 15:09:17.971" level="INFO">${RANDOM_EDIT_NAME} = ZG7teSEAQWo9g3k</msg>
<status status="PASS" starttime="20210325 15:09:17.970" endtime="20210325 15:09:17.971"></status>
</kw>
<kw name="Set Global Variable" library="BuiltIn">
<doc>Makes a variable available globally in all tests and suites.</doc>
<arguments>
<arg>${RANDOM_EDIT_NAME}</arg>
</arguments>
<msg timestamp="20210325 15:09:17.973" level="INFO">${RANDOM_EDIT_NAME} = ZG7teSEAQWo9g3k</msg>
<status status="PASS" starttime="20210325 15:09:17.971" endtime="20210325 15:09:17.973"></status>
</kw>
<status status="PASS" starttime="20210325 15:09:17.967" endtime="20210325 15:09:17.973"></status>
</kw>
<kw name="Give input to new bill cycle" library="Resource">
<arguments>
<arg>${CYCLE_NAME}</arg>
<arg>${PERIODICITY}</arg>
<arg>${START_DATE}</arg>
<arg>${START_MONTH}</arg>
<arg>${CUSTOMER_TYPE}</arg>
</arguments>
<kw name="Input Text" library="Selenium2Library">
<doc>Types the given ``text`` into the text field identified by ``locator``.</doc>
<arguments>
<arg>${XPATH_TO_CYCLE_NAME_TEXTBOX}</arg>
<arg>${CYCLE_NAME}</arg>
</arguments>
<msg timestamp="20210325 15:09:17.976" level="INFO">Typing text 'D0AKDCBVZJ1dOFf' into text field '//input[@name="configname"]'.</msg>
<status status="PASS" starttime="20210325 15:09:17.975" endtime="20210325 15:09:18.261"></status>
</kw>
<kw name="Select From List By Label" library="Selenium2Library">
<doc>Selects options from selection list ``locator`` by ``labels``.</doc>
<arguments>
<arg>${XPATH_TO_PERIODICITY_TEXTBOX}</arg>
<arg>${PERIODICITY}</arg>
</arguments>
<msg timestamp="20210325 15:09:18.262" level="INFO">Selecting options from selection list '//select[@ng-change='resetbimonthly()']' by label biMonthly.</msg>
<status status="PASS" starttime="20210325 15:09:18.261" endtime="20210325 15:09:18.397"></status>
</kw>
<kw name="Select From List By Label" library="Selenium2Library">
<doc>Selects options from selection list ``locator`` by ``labels``.</doc>
<arguments>
<arg>${XPATH_TO_START_DATE_TEXTBOX}</arg>
<arg>${START_DATE}</arg>
</arguments>
<msg timestamp="20210325 15:09:18.398" level="INFO">Selecting options from selection list '//select[@name='starts']' by label 5.</msg>
<status status="PASS" starttime="20210325 15:09:18.398" endtime="20210325 15:09:18.523"></status>
</kw>
<kw name="Select From List By Label" library="Selenium2Library">
<doc>Selects options from selection list ``locator`` by ``labels``.</doc>
<arguments>
<arg>${XPATH_TO_START_MONTH_TEXTBOX}</arg>
<arg>${START_MONTH}</arg>
</arguments>
<msg timestamp="20210325 15:09:18.524" level="INFO">Selecting options from selection list '//select[@name='startsFrom']' by label 6.</msg>
<status status="PASS" starttime="20210325 15:09:18.523" endtime="20210325 15:09:18.652"></status>
</kw>
<kw name="Select From List By Label" library="Selenium2Library">
<doc>Selects options from selection list ``locator`` by ``labels``.</doc>
<arguments>
<arg>${XPATH_TO_CUSTOMER_TYPE_TEXTBOX}</arg>
<arg>${CUSTOMER_TYPE}</arg>
</arguments>
<msg timestamp="20210325 15:09:18.652" level="INFO">Selecting options from selection list '//select[@name='customerType']' by label Personal.</msg>
<status status="PASS" starttime="20210325 15:09:18.652" endtime="20210325 15:09:18.778"></status>
</kw>
<kw name="Click Element" library="Selenium2Library">
<doc>Click the element identified by ``locator``.</doc>
<arguments>
<arg>${SAVE}</arg>
</arguments>
<msg timestamp="20210325 15:09:18.779" level="INFO">Clicking element '//*[text()='Save']'.</msg>
<status status="PASS" starttime="20210325 15:09:18.779" endtime="20210325 15:09:18.855"></status>
</kw>
<status status="PASS" starttime="20210325 15:09:17.973" endtime="20210325 15:09:18.856"></status>
</kw>
<kw name="Wait Until Page Contains" library="Selenium2Library">
<doc>Waits until ``text`` appears on the current page.</doc>
<arguments>
<arg>${${EXPECTED_TEXT_TO_VERIFY_NEW_BILL}}</arg>
</arguments>
<status status="PASS" starttime="20210325 15:09:18.856" endtime="20210325 15:09:19.145"></status>
</kw>
<kw name="Run Keyword If" library="BuiltIn">
<doc>Runs the given keyword with the given arguments, if ``condition`` is true.</doc>
<arguments>
<arg>'${EXPECTED_TEXT_TO_VERIFY_NEW_BILL}'=='Pass'</arg>
<arg>Verify,Audit and Edit the newly genrated bill</arg>
<arg>${CYCLE_NAME}</arg>
<arg>${PERIODICITY}</arg>
<arg>${START_DATE}</arg>
<arg>${CUSTOMER_TYPE}</arg>
<arg>${NEW_CYCLE_NAME}</arg>
<arg>${NEW_CUSTOMER_TYPE}</arg>
<arg>${EXPECTED_TEXT_TO_VERIFY}</arg>
</arguments>
<kw name="Verify,Audit and Edit the newly genrated bill" library="Resource">
<arguments>
<arg>${CYCLE_NAME}</arg>
<arg>${PERIODICITY}</arg>
<arg>${START_DATE}</arg>
<arg>${CUSTOMER_TYPE}</arg>
<arg>${NEW_CYCLE_NAME}</arg>
<arg>${NEW_CUSTOMER_TYPE}</arg>
<arg>${EXPECTED_TEXT_TO_VERIFY}</arg>
</arguments>
<kw name="Verification" library="Resource">
<arguments>
<arg>${CYCLE_NAME}</arg>
<arg>${PERIODICITY}</arg>
<arg>${START_DATE}</arg>
<arg>${CUSTOMER_TYPE}</arg>
</arguments>
<kw name="Setup" library="Resource">
<kw name="Reload Page" library="Selenium2Library">
<doc>Simulates user reloading page.</doc>
<status status="PASS" starttime="20210325 15:09:19.150" endtime="20210325 15:09:19.561"></status>
</kw>
<kw name="Set Selenium Implicit Wait" library="Selenium2Library">
<doc>Sets the implicit wait value used by Selenium.</doc>
<arguments>
<arg>10s</arg>
</arguments>
<status status="PASS" starttime="20210325 15:09:19.562" endtime="20210325 15:09:19.564"></status>
</kw>
<kw name="Click Element" library="Selenium2Library">
<doc>Click the element identified by ``locator``.</doc>
<arguments>
<arg>${CONFIGURATION}</arg>
</arguments>
<msg timestamp="20210325 15:09:19.565" level="INFO">Clicking element '//a[@class="ng-scope"]'.</msg>
<status status="PASS" starttime="20210325 15:09:19.565" endtime="20210325 15:09:20.475"></status>
</kw>
<kw name="Click Element" library="Selenium2Library">
<doc>Click the element identified by ``locator``.</doc>
<arguments>
<arg>${BILLING_CYCLE}</arg>
</arguments>
<msg timestamp="20210325 15:09:20.476" level="INFO">Clicking element '//a[@translate="Billing Cycles"]'.</msg>
<status status="PASS" starttime="20210325 15:09:20.476" endtime="20210325 15:09:21.447"></status>
</kw>
<status status="PASS" starttime="20210325 15:09:19.149" endtime="20210325 15:09:21.447"></status>
</kw>
<kw name="Wait Until Page Contains" library="Selenium2Library">
<doc>Waits until ``text`` appears on the current page.</doc>
<arguments>
<arg>${CYCLE_NAME}</arg>
</arguments>
<status status="PASS" starttime="20210325 15:09:21.447" endtime="20210325 15:09:21.469"></status>
</kw>
<kw name="Element Should Contain" library="Selenium2Library">
<doc>Verifies that element ``locator`` contains text ``expected``.</doc>
<arguments>
<arg>${XPATH_TO_VERIFY_PERIODICITY}</arg>
<arg>${PERIODICITY}</arg>
</arguments>
<msg timestamp="20210325 15:09:21.511" level="INFO">Element '//td[@data-mobile-label="Periodicity"][1]' contains text 'biMonthly'.</msg>
<status status="PASS" starttime="20210325 15:09:21.469" endtime="20210325 15:09:21.511"></status>
</kw>
<kw name="Element Should Contain" library="Selenium2Library">
<doc>Verifies that element ``locator`` contains text ``expected``.</doc>
<arguments>
<arg>${XPATH_TO_VERIFY_START_DATE}</arg>
<arg>${START_DATE}</arg>
</arguments>
<msg timestamp="20210325 15:09:21.553" level="INFO">Element '//td[@data-mobile-label="StartsDay"][1]' contains text '5'.</msg>
<status status="PASS" starttime="20210325 15:09:21.512" endtime="20210325 15:09:21.553"></status>
</kw>
<kw name="Element Should Contain" library="Selenium2Library">
<doc>Verifies that element ``locator`` contains text ``expected``.</doc>
<arguments>
<arg>${XPATH_TO_VERIFY_CUSTOMER_TYPE}</arg>
<arg>${CUSTOMER_TYPE}</arg>
</arguments>
<msg timestamp="20210325 15:09:21.596" level="INFO">Element '//td[@data-mobile-label="Customer Type"][1]' contains text 'Personal'.</msg>
<status status="PASS" starttime="20210325 15:09:21.553" endtime="20210325 15:09:21.596"></status>
</kw>
<status status="PASS" starttime="20210325 15:09:19.147" endtime="20210325 15:09:21.597"></status>
</kw>
<kw name="Auditing the new bill" library="Resource">
<arguments>
<arg>${CYCLE_NAME}</arg>
<arg>${CUSTOMER_TYPE}</arg>
</arguments>
<kw name="Audit click" library="Resource">
<kw name="Setup" library="Resource">
<kw name="Reload Page" library="Selenium2Library">
<doc>Simulates user reloading page.</doc>
<status status="PASS" starttime="20210325 15:09:21.599" endtime="20210325 15:09:22.018"></status>
</kw>
<kw name="Set Selenium Implicit Wait" library="Selenium2Library">
<doc>Sets the implicit wait value used by Selenium.</doc>
<arguments>
<arg>10s</arg>
</arguments>
<status status="PASS" starttime="20210325 15:09:22.019" endtime="20210325 15:09:22.022"></status>
</kw>
<kw name="Click Element" library="Selenium2Library">
<doc>Click the element identified by ``locator``.</doc>
<arguments>
<arg>${CONFIGURATION}</arg>
</arguments>
<msg timestamp="20210325 15:09:22.023" level="INFO">Clicking element '//a[@class="ng-scope"]'.</msg>
<status status="PASS" starttime="20210325 15:09:22.022" endtime="20210325 15:09:22.994"></status>
</kw>
<kw name="Click Element" library="Selenium2Library">
<doc>Click the element identified by ``locator``.</doc>
<arguments>
<arg>${BILLING_CYCLE}</arg>
</arguments>
<msg timestamp="20210325 15:09:22.995" level="INFO">Clicking element '//a[@translate="Billing Cycles"]'.</msg>
<status status="PASS" starttime="20210325 15:09:22.994" endtime="20210325 15:09:23.846"></status>
</kw>
<status status="PASS" starttime="20210325 15:09:21.598" endtime="20210325 15:09:23.846"></status>
</kw>
<kw name="Click Element" library="Selenium2Library">
<doc>Click the element identified by ``locator``.</doc>
<arguments>
<arg>${XPATH_TO_AUDIT_BUTTON}</arg>
</arguments>
<msg timestamp="20210325 15:09:23.847" level="INFO">Clicking element '//a[@ng-click="showAuditLog(item); $event.stopPropagation()"][1]'.</msg>
<status status="PASS" starttime="20210325 15:09:23.846" endtime="20210325 15:09:23.946"></status>
</kw>
<kw name="Set Selenium Implicit Wait" library="Selenium2Library">
<doc>Sets the implicit wait value used by Selenium.</doc>
<arguments>
<arg>10s</arg>
</arguments>
<status status="PASS" starttime="20210325 15:09:23.947" endtime="20210325 15:09:23.949"></status>
</kw>
<kw name="Click Element" library="Selenium2Library">
<doc>Click the element identified by ``locator``.</doc>
<arguments>
<arg>${XPATH_TO_DROPDOWN_BUTTON}</arg>
</arguments>
<msg timestamp="20210325 15:09:23.951" level="INFO">Clicking element '//*[text()='DCBS'][1]'.</msg>
<status status="PASS" starttime="20210325 15:09:23.950" endtime="20210325 15:09:24.338"></status>
</kw>
<kw name="Set Selenium Implicit Wait" library="Selenium2Library">
<doc>Sets the implicit wait value used by Selenium.</doc>
<arguments>
<arg>10s</arg>
</arguments>
<status status="PASS" starttime="20210325 15:09:24.338" endtime="20210325 15:09:24.341"></status>
</kw>
<status status="PASS" starttime="20210325 15:09:21.598" endtime="20210325 15:09:24.341"></status>
</kw>
<kw name="Wait Until Page Contains" library="Selenium2Library">
<doc>Waits until ``text`` appears on the current page.</doc>
<arguments>
<arg>${CYCLE_NAME}</arg>
</arguments>
<status status="PASS" starttime="20210325 15:09:24.342" endtime="20210325 15:09:24.359"></status>
</kw>
<kw name="Wait Until Page Contains" library="Selenium2Library">
<doc>Waits until ``text`` appears on the current page.</doc>
<arguments>
<arg>${CUSTOMER_TYPE}</arg>
</arguments>
<status status="PASS" starttime="20210325 15:09:24.360" endtime="20210325 15:09:24.389"></status>
</kw>
<status status="PASS" starttime="20210325 15:09:21.597" endtime="20210325 15:09:24.389"></status>
</kw>
<kw name="Editing section" library="Resource">
<arguments>
<arg>${NEW_CYCLE_NAME}</arg>
<arg>${NEW_CUSTOMER_TYPE}</arg>
<arg>${EXPECTED_TEXT_TO_VERIFY}</arg>
</arguments>
<kw name="Edit bill cycle" library="Resource">
<kw name="Setup" library="Resource">
<kw name="Reload Page" library="Selenium2Library">
<doc>Simulates user reloading page.</doc>
<status status="PASS" starttime="20210325 15:09:24.391" endtime="20210325 15:09:24.837"></status>
</kw>
<kw name="Set Selenium Implicit Wait" library="Selenium2Library">
<doc>Sets the implicit wait value used by Selenium.</doc>
<arguments>
<arg>10s</arg>
</arguments>
<status status="PASS" starttime="20210325 15:09:24.837" endtime="20210325 15:09:24.839"></status>
</kw>
<kw name="Click Element" library="Selenium2Library">
<doc>Click the element identified by ``locator``.</doc>
<arguments>
<arg>${CONFIGURATION}</arg>
</arguments>
<msg timestamp="20210325 15:09:24.840" level="INFO">Clicking element '//a[@class="ng-scope"]'.</msg>
<status status="PASS" starttime="20210325 15:09:24.839" endtime="20210325 15:09:25.742"></status>
</kw>
<kw name="Click Element" library="Selenium2Library">
<doc>Click the element identified by ``locator``.</doc>
<arguments>
<arg>${BILLING_CYCLE}</arg>
</arguments>
<msg timestamp="20210325 15:09:25.743" level="INFO">Clicking element '//a[@translate="Billing Cycles"]'.</msg>
<status status="PASS" starttime="20210325 15:09:25.742" endtime="20210325 15:09:26.657"></status>
</kw>
<status status="PASS" starttime="20210325 15:09:24.391" endtime="20210325 15:09:26.658"></status>
</kw>
<kw name="Click Element" library="Selenium2Library">
<doc>Click the element identified by ``locator``.</doc>
<arguments>
<arg>${EDIT_BILL_BUTTON}</arg>
</arguments>
<msg timestamp="20210325 15:09:26.659" level="INFO">Clicking element '//a[@is-allowed="ngb.fe.billingConfigurations.billCycle.edit"]'.</msg>
<status status="PASS" starttime="20210325 15:09:26.658" endtime="20210325 15:09:26.804"></status>
</kw>
<status status="PASS" starttime="20210325 15:09:24.390" endtime="20210325 15:09:26.804"></status>
</kw>
<kw name="Input Text" library="Selenium2Library">
<doc>Types the given ``text`` into the text field identified by ``locator``.</doc>
<arguments>
<arg>${XPATH_TO_CYCLE_NAME_TEXTBOX}</arg>
<arg>${NEW_CYCLE_NAME}</arg>
</arguments>
<msg timestamp="20210325 15:09:26.805" level="INFO">Typing text 'nvwLOQQPbN9LMNv' into text field '//input[@name="configname"]'.</msg>
<status status="PASS" starttime="20210325 15:09:26.804" endtime="20210325 15:09:27.134"></status>
</kw>
<kw name="Select From List By Label" library="Selenium2Library">
<doc>Selects options from selection list ``locator`` by ``labels``.</doc>
<arguments>
<arg>${XPATH_TO_CUSTOMER_TYPE_TEXTBOX}</arg>
<arg>${NEW_CUSTOMER_TYPE}</arg>
</arguments>
<msg timestamp="20210325 15:09:27.135" level="INFO">Selecting options from selection list '//select[@name='customerType']' by label Personal.</msg>
<status status="PASS" starttime="20210325 15:09:27.134" endtime="20210325 15:09:27.209"></status>
</kw>
<kw name="Click Element" library="Selenium2Library">
<doc>Click the element identified by ``locator``.</doc>
<arguments>
<arg>${SAVE}</arg>
</arguments>
<msg timestamp="20210325 15:09:27.209" level="INFO">Clicking element '//*[text()='Save']'.</msg>
<status status="PASS" starttime="20210325 15:09:27.209" endtime="20210325 15:09:27.287"></status>
</kw>
<kw name="Wait Until Page Contains" library="Selenium2Library">
<doc>Waits until ``text`` appears on the current page.</doc>
<arguments>
<arg>${${EXPECTED_TEXT_TO_VERIFY}}</arg>
</arguments>
<status status="PASS" starttime="20210325 15:09:27.287" endtime="20210325 15:09:27.620"></status>
</kw>
<kw name="Reload Page" library="Selenium2Library">
<doc>Simulates user reloading page.</doc>
<status status="PASS" starttime="20210325 15:09:27.621" endtime="20210325 15:09:27.634"></status>
</kw>
<status status="PASS" starttime="20210325 15:09:24.389" endtime="20210325 15:09:27.635"></status>
</kw>
<status status="PASS" starttime="20210325 15:09:19.145" endtime="20210325 15:09:27.635"></status>
</kw>
<status status="PASS" starttime="20210325 15:09:19.145" endtime="20210325 15:09:27.636"></status>
</kw>
<kw name="Run Keyword If" library="BuiltIn">
<doc>Runs the given keyword with the given arguments, if ``condition`` is true.</doc>
<arguments>
<arg>'${EXPECTED_TEXT_TO_VERIFY}'=='Pass'</arg>
<arg>Edit Verification and Audit</arg>
<arg>${NEW_CYCLE_NAME}</arg>
<arg>${NEW_CUSTOMER_TYPE}</arg>
<arg>${CYCLE_NAME}</arg>
<arg>${CUSTOMER_TYPE}</arg>
</arguments>
<kw name="Edit Verification and Audit" library="Resource">
<arguments>
<arg>${NEW_CYCLE_NAME}</arg>
<arg>${NEW_CUSTOMER_TYPE}</arg>
<arg>${CYCLE_NAME}</arg>
<arg>${CUSTOMER_TYPE}</arg>
</arguments>
<kw name="Edit verification" library="Resource">
<arguments>
<arg>${NEW_CYCLE_NAME}</arg>
<arg>${NEW_CUSTOMER_TYPE}</arg>
</arguments>
<kw name="Setup" library="Resource">
<kw name="Reload Page" library="Selenium2Library">
<doc>Simulates user reloading page.</doc>
<status status="PASS" starttime="20210325 15:09:27.642" endtime="20210325 15:09:28.475"></status>
</kw>
<kw name="Set Selenium Implicit Wait" library="Selenium2Library">
<doc>Sets the implicit wait value used by Selenium.</doc>
<arguments>
<arg>10s</arg>
</arguments>
<status status="PASS" starttime="20210325 15:09:28.475" endtime="20210325 15:09:28.477"></status>
</kw>
<kw name="Click Element" library="Selenium2Library">
<doc>Click the element identified by ``locator``.</doc>
<arguments>
<arg>${CONFIGURATION}</arg>
</arguments>
<msg timestamp="20210325 15:09:28.478" level="INFO">Clicking element '//a[@class="ng-scope"]'.</msg>
<status status="PASS" starttime="20210325 15:09:28.478" endtime="20210325 15:09:29.449"></status>
</kw>
<kw name="Click Element" library="Selenium2Library">
<doc>Click the element identified by ``locator``.</doc>
<arguments>
<arg>${BILLING_CYCLE}</arg>
</arguments>
<msg timestamp="20210325 15:09:29.451" level="INFO">Clicking element '//a[@translate="Billing Cycles"]'.</msg>
<status status="PASS" starttime="20210325 15:09:29.450" endtime="20210325 15:09:30.151"></status>
</kw>
<status status="PASS" starttime="20210325 15:09:27.641" endtime="20210325 15:09:30.152"></status>
</kw>
<kw name="Element Should Contain" library="Selenium2Library">
<doc>Verifies that element ``locator`` contains text ``expected``.</doc>
<arguments>
<arg>${XPATH_TO_VERIFY_NAME}</arg>
<arg>${NEW_CYCLE_NAME}</arg>
</arguments>
<msg timestamp="20210325 15:09:30.202" level="INFO">Element '//td[@data-role="name"]' contains text 'nvwLOQQPbN9LMNv'.</msg>
<status status="PASS" starttime="20210325 15:09:30.152" endtime="20210325 15:09:30.202"></status>
</kw>
<kw name="Element Should Contain" library="Selenium2Library">
<doc>Verifies that element ``locator`` contains text ``expected``.</doc>
<arguments>
<arg>${XPATH_TO_VERIFY_CUSTOMER_TYPE}</arg>
<arg>${NEW_CUSTOMER_TYPE}</arg>
</arguments>
<msg timestamp="20210325 15:09:30.241" level="INFO">Element '//td[@data-mobile-label="Customer Type"][1]' contains text 'Personal'.</msg>
<status status="PASS" starttime="20210325 15:09:30.203" endtime="20210325 15:09:30.242"></status>
</kw>
<status status="PASS" starttime="20210325 15:09:27.639" endtime="20210325 15:09:30.242"></status>
</kw>
<kw name="Audit check of edited bill" library="Resource">
<arguments>
<arg>${NEW_CYCLE_NAME}</arg>
<arg>${NEW_CUSTOMER_TYPE}</arg>
<arg>${CYCLE_NAME}</arg>
<arg>${CUSTOMER_TYPE}</arg>
</arguments>
<kw name="Audit click" library="Resource">
<kw name="Setup" library="Resource">
<kw name="Reload Page" library="Selenium2Library">
<doc>Simulates user reloading page.</doc>
<status status="PASS" starttime="20210325 15:09:30.246" endtime="20210325 15:09:30.630"></status>
</kw>
<kw name="Set Selenium Implicit Wait" library="Selenium2Library">
<doc>Sets the implicit wait value used by Selenium.</doc>
<arguments>
<arg>10s</arg>
</arguments>
<status status="PASS" starttime="20210325 15:09:30.631" endtime="20210325 15:09:30.634"></status>
</kw>
<kw name="Click Element" library="Selenium2Library">
<doc>Click the element identified by ``locator``.</doc>
<arguments>
<arg>${CONFIGURATION}</arg>
</arguments>
<msg timestamp="20210325 15:09:30.634" level="INFO">Clicking element '//a[@class="ng-scope"]'.</msg>
<status status="PASS" starttime="20210325 15:09:30.634" endtime="20210325 15:09:31.845"></status>
</kw>
<kw name="Click Element" library="Selenium2Library">
<doc>Click the element identified by ``locator``.</doc>
<arguments>
<arg>${BILLING_CYCLE}</arg>
</arguments>
<msg timestamp="20210325 15:09:31.845" level="INFO">Clicking element '//a[@translate="Billing Cycles"]'.</msg>
<status status="PASS" starttime="20210325 15:09:31.845" endtime="20210325 15:09:32.998"></status>
</kw>
<status status="PASS" starttime="20210325 15:09:30.245" endtime="20210325 15:09:32.999"></status>
</kw>
<kw name="Click Element" library="Selenium2Library">
<doc>Click the element identified by ``locator``.</doc>
<arguments>
<arg>${XPATH_TO_AUDIT_BUTTON}</arg>
</arguments>
<msg timestamp="20210325 15:09:33.000" level="INFO">Clicking element '//a[@ng-click="showAuditLog(item); $event.stopPropagation()"][1]'.</msg>
<status status="PASS" starttime="20210325 15:09:32.999" endtime="20210325 15:09:33.087"></status>
</kw>
<kw name="Set Selenium Implicit Wait" library="Selenium2Library">
<doc>Sets the implicit wait value used by Selenium.</doc>
<arguments>
<arg>10s</arg>
</arguments>
<status status="PASS" starttime="20210325 15:09:33.087" endtime="20210325 15:09:33.091"></status>
</kw>
<kw name="Click Element" library="Selenium2Library">
<doc>Click the element identified by ``locator``.</doc>
<arguments>
<arg>${XPATH_TO_DROPDOWN_BUTTON}</arg>
</arguments>
<msg timestamp="20210325 15:09:33.092" level="INFO">Clicking element '//*[text()='DCBS'][1]'.</msg>
<status status="PASS" starttime="20210325 15:09:33.091" endtime="20210325 15:09:33.495"></status>
</kw>
<kw name="Set Selenium Implicit Wait" library="Selenium2Library">
<doc>Sets the implicit wait value used by Selenium.</doc>
<arguments>
<arg>10s</arg>
</arguments>
<status status="PASS" starttime="20210325 15:09:33.495" endtime="20210325 15:09:33.498"></status>
</kw>
<status status="PASS" starttime="20210325 15:09:30.245" endtime="20210325 15:09:33.499"></status>
</kw>
<kw name="Wait Until Page Contains" library="Selenium2Library">
<doc>Waits until ``text`` appears on the current page.</doc>
<arguments>
<arg>${NEW_CYCLE_NAME}</arg>
</arguments>
<status status="PASS" starttime="20210325 15:09:33.499" endtime="20210325 15:09:33.526"></status>
</kw>
<kw name="Wait Until Page Contains" library="Selenium2Library">
<doc>Waits until ``text`` appears on the current page.</doc>
<arguments>
<arg>${NEW_CUSTOMER_TYPE}</arg>
</arguments>
<status status="PASS" starttime="20210325 15:09:33.526" endtime="20210325 15:09:33.552"></status>
</kw>
<kw name="Wait Until Page Contains" library="Selenium2Library">
<doc>Waits until ``text`` appears on the current page.</doc>
<arguments>
<arg>${CYCLE_NAME}</arg>
</arguments>
<status status="PASS" starttime="20210325 15:09:33.553" endtime="20210325 15:09:33.591"></status>
</kw>
<kw name="Wait Until Page Contains" library="Selenium2Library">
<doc>Waits until ``text`` appears on the current page.</doc>
<arguments>
<arg>${CUSTOMER_TYPE}</arg>
</arguments>
<status status="PASS" starttime="20210325 15:09:33.592" endtime="20210325 15:09:33.624"></status>
</kw>
<status status="PASS" starttime="20210325 15:09:30.243" endtime="20210325 15:09:33.624"></status>
</kw>
<status status="PASS" starttime="20210325 15:09:27.638" endtime="20210325 15:09:33.625"></status>
</kw>
<status status="PASS" starttime="20210325 15:09:27.636" endtime="20210325 15:09:33.625"></status>
</kw>
<status status="PASS" starttime="20210325 15:09:15.187" endtime="20210325 15:09:33.625"></status>
</kw>
<status status="PASS" starttime="20210325 15:09:15.187" endtime="20210325 15:09:33.626" critical="yes"></status>
</test>
<test id="s1-t3" name="first test">
<kw name="New Bill Generation">
<arguments>
<arg>${RANDOM_CYCLE_NAME}</arg>
<arg>Monthly</arg>
<arg>2</arg>
<arg>3</arg>
<arg>Personal</arg>
<arg>test</arg>
<arg>Personal</arg>
<arg>Fail</arg>
<arg>Pass</arg>
</arguments>
<kw name="New bill cycle" library="Resource">
<kw name="Setup" library="Resource">
<kw name="Reload Page" library="Selenium2Library">
<doc>Simulates user reloading page.</doc>
<status status="PASS" starttime="20210325 15:09:33.630" endtime="20210325 15:09:34.040"></status>
</kw>
<kw name="Set Selenium Implicit Wait" library="Selenium2Library">
<doc>Sets the implicit wait value used by Selenium.</doc>
<arguments>
<arg>10s</arg>
</arguments>
<status status="PASS" starttime="20210325 15:09:34.040" endtime="20210325 15:09:34.043"></status>
</kw>
<kw name="Click Element" library="Selenium2Library">
<doc>Click the element identified by ``locator``.</doc>
<arguments>
<arg>${CONFIGURATION}</arg>
</arguments>
<msg timestamp="20210325 15:09:34.044" level="INFO">Clicking element '//a[@class="ng-scope"]'.</msg>
<status status="PASS" starttime="20210325 15:09:34.044" endtime="20210325 15:09:34.942"></status>
</kw>
<kw name="Click Element" library="Selenium2Library">
<doc>Click the element identified by ``locator``.</doc>
<arguments>
<arg>${BILLING_CYCLE}</arg>
</arguments>
<msg timestamp="20210325 15:09:34.944" level="INFO">Clicking element '//a[@translate="Billing Cycles"]'.</msg>
<status status="PASS" starttime="20210325 15:09:34.943" endtime="20210325 15:09:35.623"></status>
</kw>
<status status="PASS" starttime="20210325 15:09:33.629" endtime="20210325 15:09:35.624"></status>
</kw>
<kw name="Click Element" library="Selenium2Library">
<doc>Click the element identified by ``locator``.</doc>
<arguments>
<arg>${NEW_BILL_CYCLE}</arg>
</arguments>
<msg timestamp="20210325 15:09:35.624" level="INFO">Clicking element '//button[@class="btn btn-primary btn-xs"]'.</msg>
<status status="PASS" starttime="20210325 15:09:35.624" endtime="20210325 15:09:35.738"></status>
</kw>
<status status="PASS" starttime="20210325 15:09:33.629" endtime="20210325 15:09:35.739"></status>
</kw>
<kw name="Initialize Random Variables" library="Resource">
<kw name="Generate Random String" library="String">
<doc>Generates a string with a desired ``length`` from the given ``chars``.</doc>
<arguments>
<arg>15</arg>
</arguments>
<assign>
<var>${RANDOM_CYCLE_NAME}</var>
</assign>
<msg timestamp="20210325 15:09:35.741" level="INFO">${RANDOM_CYCLE_NAME} = WfIwsKXk3y5bdIP</msg>
<status status="PASS" starttime="20210325 15:09:35.740" endtime="20210325 15:09:35.741"></status>
</kw>
<kw name="Set Global Variable" library="BuiltIn">
<doc>Makes a variable available globally in all tests and suites.</doc>
<arguments>
<arg>${RANDOM_CYCLE_NAME}</arg>
</arguments>
<msg timestamp="20210325 15:09:35.742" level="INFO">${RANDOM_CYCLE_NAME} = WfIwsKXk3y5bdIP</msg>
<status status="PASS" starttime="20210325 15:09:35.741" endtime="20210325 15:09:35.742"></status>
</kw>
<kw name="Generate Random String" library="String">
<doc>Generates a string with a desired ``length`` from the given ``chars``.</doc>
<arguments>
<arg>15</arg>
</arguments>
<assign>
<var>${RANDOM_EDIT_NAME}</var>
</assign>
<msg timestamp="20210325 15:09:35.743" level="INFO">${RANDOM_EDIT_NAME} = zzEDPb5P3vHXAY1</msg>
<status status="PASS" starttime="20210325 15:09:35.742" endtime="20210325 15:09:35.743"></status>
</kw>
<kw name="Set Global Variable" library="BuiltIn">
<doc>Makes a variable available globally in all tests and suites.</doc>
<arguments>
<arg>${RANDOM_EDIT_NAME}</arg>
</arguments>
<msg timestamp="20210325 15:09:35.745" level="INFO">${RANDOM_EDIT_NAME} = zzEDPb5P3vHXAY1</msg>
<status status="PASS" starttime="20210325 15:09:35.744" endtime="20210325 15:09:35.745"></status>
</kw>
<status status="PASS" starttime="20210325 15:09:35.739" endtime="20210325 15:09:35.745"></status>
</kw>
<kw name="Give input to new bill cycle" library="Resource">
<arguments>
<arg>${CYCLE_NAME}</arg>
<arg>${PERIODICITY}</arg>
<arg>${START_DATE}</arg>
<arg>${START_MONTH}</arg>
<arg>${CUSTOMER_TYPE}</arg>
</arguments>
<kw name="Input Text" library="Selenium2Library">
<doc>Types the given ``text`` into the text field identified by ``locator``.</doc>
<arguments>
<arg>${XPATH_TO_CYCLE_NAME_TEXTBOX}</arg>
<arg>${CYCLE_NAME}</arg>
</arguments>
<msg timestamp="20210325 15:09:35.748" level="INFO">Typing text '1JkM9Uv3AJdovAM' into text field '//input[@name="configname"]'.</msg>
<status status="PASS" starttime="20210325 15:09:35.747" endtime="20210325 15:09:36.043"></status>
</kw>
<kw name="Select From List By Label" library="Selenium2Library">
<doc>Selects options from selection list ``locator`` by ``labels``.</doc>
<arguments>
<arg>${XPATH_TO_PERIODICITY_TEXTBOX}</arg>
<arg>${PERIODICITY}</arg>
</arguments>
<msg timestamp="20210325 15:09:36.045" level="INFO">Selecting options from selection list '//select[@ng-change='resetbimonthly()']' by label Monthly.</msg>
<status status="PASS" starttime="20210325 15:09:36.044" endtime="20210325 15:09:36.125"></status>
</kw>
<kw name="Select From List By Label" library="Selenium2Library">
<doc>Selects options from selection list ``locator`` by ``labels``.</doc>
<arguments>
<arg>${XPATH_TO_START_DATE_TEXTBOX}</arg>
<arg>${START_DATE}</arg>
</arguments>
<msg timestamp="20210325 15:09:36.126" level="INFO">Selecting options from selection list '//select[@name='starts']' by label 2.</msg>
<status status="PASS" starttime="20210325 15:09:36.125" endtime="20210325 15:09:36.254"></status>
</kw>
<kw name="Select From List By Label" library="Selenium2Library">
<doc>Selects options from selection list ``locator`` by ``labels``.</doc>
<arguments>
<arg>${XPATH_TO_START_MONTH_TEXTBOX}</arg>
<arg>${START_MONTH}</arg>
</arguments>
<msg timestamp="20210325 15:09:36.255" level="INFO">Selecting options from selection list '//select[@name='startsFrom']' by label 3.</msg>
<status status="PASS" starttime="20210325 15:09:36.255" endtime="20210325 15:09:36.373"></status>
</kw>
<kw name="Select From List By Label" library="Selenium2Library">
<doc>Selects options from selection list ``locator`` by ``labels``.</doc>
<arguments>
<arg>${XPATH_TO_CUSTOMER_TYPE_TEXTBOX}</arg>
<arg>${CUSTOMER_TYPE}</arg>
</arguments>
<msg timestamp="20210325 15:09:36.374" level="INFO">Selecting options from selection list '//select[@name='customerType']' by label Personal.</msg>
<status status="PASS" starttime="20210325 15:09:36.374" endtime="20210325 15:09:36.492"></status>
</kw>
<kw name="Click Element" library="Selenium2Library">
<doc>Click the element identified by ``locator``.</doc>
<arguments>
<arg>${SAVE}</arg>
</arguments>
<msg timestamp="20210325 15:09:36.493" level="INFO">Clicking element '//*[text()='Save']'.</msg>
<status status="PASS" starttime="20210325 15:09:36.492" endtime="20210325 15:09:36.567"></status>
</kw>
<status status="PASS" starttime="20210325 15:09:35.745" endtime="20210325 15:09:36.567"></status>
</kw>
<kw name="Wait Until Page Contains" library="Selenium2Library">
<doc>Waits until ``text`` appears on the current page.</doc>
<arguments>
<arg>${${EXPECTED_TEXT_TO_VERIFY_NEW_BILL}}</arg>
</arguments>
<status status="PASS" starttime="20210325 15:09:36.567" endtime="20210325 15:09:36.846"></status>
</kw>
<kw name="Run Keyword If" library="BuiltIn">
<doc>Runs the given keyword with the given arguments, if ``condition`` is true.</doc>
<arguments>
<arg>'${EXPECTED_TEXT_TO_VERIFY_NEW_BILL}'=='Pass'</arg>
<arg>Verify,Audit and Edit the newly genrated bill</arg>
<arg>${CYCLE_NAME}</arg>
<arg>${PERIODICITY}</arg>
<arg>${START_DATE}</arg>
<arg>${CUSTOMER_TYPE}</arg>
<arg>${NEW_CYCLE_NAME}</arg>
<arg>${NEW_CUSTOMER_TYPE}</arg>
<arg>${EXPECTED_TEXT_TO_VERIFY}</arg>
</arguments>
<kw name="Verify,Audit and Edit the newly genrated bill" library="Resource">
<arguments>
<arg>${CYCLE_NAME}</arg>
<arg>${PERIODICITY}</arg>
<arg>${START_DATE}</arg>
<arg>${CUSTOMER_TYPE}</arg>
<arg>${NEW_CYCLE_NAME}</arg>
<arg>${NEW_CUSTOMER_TYPE}</arg>
<arg>${EXPECTED_TEXT_TO_VERIFY}</arg>
</arguments>
<kw name="Verification" library="Resource">
<arguments>
<arg>${CYCLE_NAME}</arg>
<arg>${PERIODICITY}</arg>
<arg>${START_DATE}</arg>
<arg>${CUSTOMER_TYPE}</arg>
</arguments>
<kw name="Setup" library="Resource">
<kw name="Reload Page" library="Selenium2Library">
<doc>Simulates user reloading page.</doc>
<status status="PASS" starttime="20210325 15:09:36.854" endtime="20210325 15:09:37.604"></status>
</kw>
<kw name="Set Selenium Implicit Wait" library="Selenium2Library">
<doc>Sets the implicit wait value used by Selenium.</doc>
<arguments>
<arg>10s</arg>
</arguments>
<status status="PASS" starttime="20210325 15:09:37.604" endtime="20210325 15:09:37.607"></status>
</kw>
<kw name="Click Element" library="Selenium2Library">
<doc>Click the element identified by ``locator``.</doc>
<arguments>
<arg>${CONFIGURATION}</arg>
</arguments>
<msg timestamp="20210325 15:09:37.608" level="INFO">Clicking element '//a[@class="ng-scope"]'.</msg>
<status status="PASS" starttime="20210325 15:09:37.607" endtime="20210325 15:09:38.547"></status>
</kw>
<kw name="Click Element" library="Selenium2Library">
<doc>Click the element identified by ``locator``.</doc>
<arguments>
<arg>${BILLING_CYCLE}</arg>
</arguments>
<msg timestamp="20210325 15:09:38.549" level="INFO">Clicking element '//a[@translate="Billing Cycles"]'.</msg>
<status status="PASS" starttime="20210325 15:09:38.548" endtime="20210325 15:09:39.893"></status>
</kw>
<status status="PASS" starttime="20210325 15:09:36.851" endtime="20210325 15:09:39.893"></status>
</kw>
<kw name="Wait Until Page Contains" library="Selenium2Library">
<doc>Waits until ``text`` appears on the current page.</doc>
<arguments>
<arg>${CYCLE_NAME}</arg>
</arguments>
<status status="PASS" starttime="20210325 15:09:39.893" endtime="20210325 15:09:39.913"></status>
</kw>
<kw name="Element Should Contain" library="Selenium2Library">
<doc>Verifies that element ``locator`` contains text ``expected``.</doc>
<arguments>
<arg>${XPATH_TO_VERIFY_PERIODICITY}</arg>
<arg>${PERIODICITY}</arg>
</arguments>
<msg timestamp="20210325 15:09:39.960" level="INFO">Element '//td[@data-mobile-label="Periodicity"][1]' contains text 'Monthly'.</msg>
<status status="PASS" starttime="20210325 15:09:39.913" endtime="20210325 15:09:39.960"></status>
</kw>
<kw name="Element Should Contain" library="Selenium2Library">
<doc>Verifies that element ``locator`` contains text ``expected``.</doc>
<arguments>
<arg>${XPATH_TO_VERIFY_START_DATE}</arg>
<arg>${START_DATE}</arg>
</arguments>
<msg timestamp="20210325 15:09:40.008" level="INFO">Element '//td[@data-mobile-label="StartsDay"][1]' contains text '2'.</msg>
<status status="PASS" starttime="20210325 15:09:39.960" endtime="20210325 15:09:40.009"></status>
</kw>
<kw name="Element Should Contain" library="Selenium2Library">
<doc>Verifies that element ``locator`` contains text ``expected``.</doc>
<arguments>
<arg>${XPATH_TO_VERIFY_CUSTOMER_TYPE}</arg>
<arg>${CUSTOMER_TYPE}</arg>
</arguments>
<msg timestamp="20210325 15:09:40.052" level="INFO">Element '//td[@data-mobile-label="Customer Type"][1]' contains text 'Personal'.</msg>
<status status="PASS" starttime="20210325 15:09:40.009" endtime="20210325 15:09:40.052"></status>
</kw>
<status status="PASS" starttime="20210325 15:09:36.848" endtime="20210325 15:09:40.052"></status>
</kw>
<kw name="Auditing the new bill" library="Resource">
<arguments>
<arg>${CYCLE_NAME}</arg>
<arg>${CUSTOMER_TYPE}</arg>
</arguments>
<kw name="Audit click" library="Resource">
<kw name="Setup" library="Resource">
<kw name="Reload Page" library="Selenium2Library">
<doc>Simulates user reloading page.</doc>
<status status="PASS" starttime="20210325 15:09:40.054" endtime="20210325 15:09:40.485"></status>
</kw>
<kw name="Set Selenium Implicit Wait" library="Selenium2Library">
<doc>Sets the implicit wait value used by Selenium.</doc>
<arguments>
<arg>10s</arg>
</arguments>
<status status="PASS" starttime="20210325 15:09:40.485" endtime="20210325 15:09:40.488"></status>
</kw>
<kw name="Click Element" library="Selenium2Library">
<doc>Click the element identified by ``locator``.</doc>
<arguments>
<arg>${CONFIGURATION}</arg>
</arguments>
<msg timestamp="20210325 15:09:40.489" level="INFO">Clicking element '//a[@class="ng-scope"]'.</msg>
<status status="PASS" starttime="20210325 15:09:40.488" endtime="20210325 15:09:41.462"></status>
</kw>
<kw name="Click Element" library="Selenium2Library">
<doc>Click the element identified by ``locator``.</doc>
<arguments>
<arg>${BILLING_CYCLE}</arg>
</arguments>
<msg timestamp="20210325 15:09:41.463" level="INFO">Clicking element '//a[@translate="Billing Cycles"]'.</msg>
<status status="PASS" starttime="20210325 15:09:41.463" endtime="20210325 15:09:42.369"></status>
</kw>
<status status="PASS" starttime="20210325 15:09:40.054" endtime="20210325 15:09:42.369"></status>
</kw>
<kw name="Click Element" library="Selenium2Library">
<doc>Click the element identified by ``locator``.</doc>
<arguments>
<arg>${XPATH_TO_AUDIT_BUTTON}</arg>
</arguments>
<msg timestamp="20210325 15:09:42.370" level="INFO">Clicking element '//a[@ng-click="showAuditLog(item); $event.stopPropagation()"][1]'.</msg>
<status status="PASS" starttime="20210325 15:09:42.369" endtime="20210325 15:09:42.455"></status>
</kw>
<kw name="Set Selenium Implicit Wait" library="Selenium2Library">
<doc>Sets the implicit wait value used by Selenium.</doc>
<arguments>
<arg>10s</arg>
</arguments>
<status status="PASS" starttime="20210325 15:09:42.456" endtime="20210325 15:09:42.462"></status>
</kw>
<kw name="Click Element" library="Selenium2Library">
<doc>Click the element identified by ``locator``.</doc>
<arguments>
<arg>${XPATH_TO_DROPDOWN_BUTTON}</arg>
</arguments>
<msg timestamp="20210325 15:09:42.464" level="INFO">Clicking element '//*[text()='DCBS'][1]'.</msg>
<status status="PASS" starttime="20210325 15:09:42.463" endtime="20210325 15:09:43.003"></status>
</kw>
<kw name="Set Selenium Implicit Wait" library="Selenium2Library">
<doc>Sets the implicit wait value used by Selenium.</doc>
<arguments>
<arg>10s</arg>
</arguments>
<status status="PASS" starttime="20210325 15:09:43.003" endtime="20210325 15:09:43.005"></status>
</kw>
<status status="PASS" starttime="20210325 15:09:40.053" endtime="20210325 15:09:43.005"></status>
</kw>
<kw name="Wait Until Page Contains" library="Selenium2Library">
<doc>Waits until ``text`` appears on the current page.</doc>
<arguments>
<arg>${CYCLE_NAME}</arg>
</arguments>
<status status="PASS" starttime="20210325 15:09:43.006" endtime="20210325 15:09:43.021"></status>
</kw>
<kw name="Wait Until Page Contains" library="Selenium2Library">
<doc>Waits until ``text`` appears on the current page.</doc>
<arguments>
<arg>${CUSTOMER_TYPE}</arg>
</arguments>
<status status="PASS" starttime="20210325 15:09:43.022" endtime="20210325 15:09:43.048"></status>
</kw>
<status status="PASS" starttime="20210325 15:09:40.053" endtime="20210325 15:09:43.048"></status>
</kw>
<kw name="Editing section" library="Resource">
<arguments>
<arg>${NEW_CYCLE_NAME}</arg>
<arg>${NEW_CUSTOMER_TYPE}</arg>
<arg>${EXPECTED_TEXT_TO_VERIFY}</arg>
</arguments>
<kw name="Edit bill cycle" library="Resource">
<kw name="Setup" library="Resource">
<kw name="Reload Page" library="Selenium2Library">
<doc>Simulates user reloading page.</doc>
<status status="PASS" starttime="20210325 15:09:43.051" endtime="20210325 15:09:43.062"></status>
</kw>
<kw name="Set Selenium Implicit Wait" library="Selenium2Library">
<doc>Sets the implicit wait value used by Selenium.</doc>
<arguments>
<arg>10s</arg>
</arguments>
<status status="PASS" starttime="20210325 15:09:43.063" endtime="20210325 15:09:43.066"></status>
</kw>
<kw name="Click Element" library="Selenium2Library">
<doc>Click the element identified by ``locator``.</doc>
<arguments>
<arg>${CONFIGURATION}</arg>
</arguments>
<msg timestamp="20210325 15:09:43.068" level="INFO">Clicking element '//a[@class="ng-scope"]'.</msg>
<status status="PASS" starttime="20210325 15:09:43.067" endtime="20210325 15:09:44.430"></status>
</kw>
<kw name="Click Element" library="Selenium2Library">
<doc>Click the element identified by ``locator``.</doc>
<arguments>
<arg>${BILLING_CYCLE}</arg>
</arguments>
<msg timestamp="20210325 15:09:44.431" level="INFO">Clicking element '//a[@translate="Billing Cycles"]'.</msg>
<status status="PASS" starttime="20210325 15:09:44.431" endtime="20210325 15:09:45.301"></status>
</kw>
<status status="PASS" starttime="20210325 15:09:43.050" endtime="20210325 15:09:45.301"></status>
</kw>
<kw name="Click Element" library="Selenium2Library">
<doc>Click the element identified by ``locator``.</doc>
<arguments>
<arg>${EDIT_BILL_BUTTON}</arg>
</arguments>
<msg timestamp="20210325 15:09:45.302" level="INFO">Clicking element '//a[@is-allowed="ngb.fe.billingConfigurations.billCycle.edit"]'.</msg>
<status status="PASS" starttime="20210325 15:09:45.301" endtime="20210325 15:09:45.413"></status>
</kw>
<status status="PASS" starttime="20210325 15:09:43.050" endtime="20210325 15:09:45.414"></status>
</kw>
<kw name="Input Text" library="Selenium2Library">
<doc>Types the given ``text`` into the text field identified by ``locator``.</doc>
<arguments>
<arg>${XPATH_TO_CYCLE_NAME_TEXTBOX}</arg>
<arg>${NEW_CYCLE_NAME}</arg>
</arguments>
<msg timestamp="20210325 15:09:45.415" level="INFO">Typing text 'test' into text field '//input[@name="configname"]'.</msg>
<status status="PASS" starttime="20210325 15:09:45.414" endtime="20210325 15:09:45.684"></status>
</kw>
<kw name="Select From List By Label" library="Selenium2Library">
<doc>Selects options from selection list ``locator`` by ``labels``.</doc>
<arguments>
<arg>${XPATH_TO_CUSTOMER_TYPE_TEXTBOX}</arg>
<arg>${NEW_CUSTOMER_TYPE}</arg>
</arguments>
<msg timestamp="20210325 15:09:45.685" level="INFO">Selecting options from selection list '//select[@name='customerType']' by label Personal.</msg>
<status status="PASS" starttime="20210325 15:09:45.685" endtime="20210325 15:09:45.772"></status>
</kw>
<kw name="Click Element" library="Selenium2Library">
<doc>Click the element identified by ``locator``.</doc>
<arguments>
<arg>${SAVE}</arg>
</arguments>
<msg timestamp="20210325 15:09:45.775" level="INFO">Clicking element '//*[text()='Save']'.</msg>
<status status="PASS" starttime="20210325 15:09:45.773" endtime="20210325 15:09:45.866"></status>
</kw>
<kw name="Wait Until Page Contains" library="Selenium2Library">
<doc>Waits until ``text`` appears on the current page.</doc>
<arguments>
<arg>${${EXPECTED_TEXT_TO_VERIFY}}</arg>
</arguments>
<status status="PASS" starttime="20210325 15:09:45.867" endtime="20210325 15:09:46.109"></status>
</kw>
<kw name="Reload Page" library="Selenium2Library">
<doc>Simulates user reloading page.</doc>
<status status="PASS" starttime="20210325 15:09:46.109" endtime="20210325 15:09:46.597"></status>
</kw>
<status status="PASS" starttime="20210325 15:09:43.048" endtime="20210325 15:09:46.597"></status>
</kw>
<status status="PASS" starttime="20210325 15:09:36.848" endtime="20210325 15:09:46.597"></status>
</kw>
<status status="PASS" starttime="20210325 15:09:36.846" endtime="20210325 15:09:46.598"></status>
</kw>
<kw name="Run Keyword If" library="BuiltIn">
<doc>Runs the given keyword with the given arguments, if ``condition`` is true.</doc>
<arguments>
<arg>'${EXPECTED_TEXT_TO_VERIFY}'=='Pass'</arg>
<arg>Edit Verification and Audit</arg>
<arg>${NEW_CYCLE_NAME}</arg>
<arg>${NEW_CUSTOMER_TYPE}</arg>
<arg>${CYCLE_NAME}</arg>
<arg>${CUSTOMER_TYPE}</arg>
</arguments>
<status status="PASS" starttime="20210325 15:09:46.598" endtime="20210325 15:09:46.599"></status>
</kw>
<status status="PASS" starttime="20210325 15:09:33.628" endtime="20210325 15:09:46.599"></status>
</kw>
<status status="PASS" starttime="20210325 15:09:33.627" endtime="20210325 15:09:46.599" critical="yes"></status>
</test>
<test id="s1-t4" name="first test">
<kw name="New Bill Generation">
<arguments>
<arg>test</arg>
<arg>biMonthly</arg>
<arg>5</arg>
<arg>6</arg>
<arg>Personal</arg>
<arg>Fail</arg>
</arguments>
<kw name="New bill cycle" library="Resource">
<kw name="Setup" library="Resource">
<kw name="Reload Page" library="Selenium2Library">
<doc>Simulates user reloading page.</doc>
<status status="PASS" starttime="20210325 15:09:46.605" endtime="20210325 15:09:46.998"></status>
</kw>
<kw name="Set Selenium Implicit Wait" library="Selenium2Library">
<doc>Sets the implicit wait value used by Selenium.</doc>
<arguments>
<arg>10s</arg>
</arguments>
<status status="PASS" starttime="20210325 15:09:46.999" endtime="20210325 15:09:47.001"></status>
</kw>
<kw name="Click Element" library="Selenium2Library">
<doc>Click the element identified by ``locator``.</doc>
<arguments>
<arg>${CONFIGURATION}</arg>
</arguments>
<msg timestamp="20210325 15:09:47.002" level="INFO">Clicking element '//a[@class="ng-scope"]'.</msg>
<status status="PASS" starttime="20210325 15:09:47.001" endtime="20210325 15:09:48.227"></status>
</kw>
<kw name="Click Element" library="Selenium2Library">
<doc>Click the element identified by ``locator``.</doc>
<arguments>
<arg>${BILLING_CYCLE}</arg>
</arguments>
<msg timestamp="20210325 15:09:48.228" level="INFO">Clicking element '//a[@translate="Billing Cycles"]'.</msg>
[...]
<kw name="Reload Page" library="Selenium2Library">
<doc>Simulates user reloading page.</doc>
<status status="PASS" starttime="20210325 15:09:53.667" endtime="20210325 15:09:54.216"></status>
</kw>
<kw name="Set Selenium Implicit Wait" library="Selenium2Library">
<doc>Sets the implicit wait value used by Selenium.</doc>
<arguments>
<arg>10s</arg>
</arguments>
<status status="PASS" starttime="20210325 15:09:54.216" endtime="20210325 15:09:54.220"></status>
</kw>
<kw name="Click Element" library="Selenium2Library">
<doc>Click the element identified by ``locator``.</doc>
<arguments>
<arg>${CONFIGURATION}</arg>
</arguments>
<msg timestamp="20210325 15:09:54.221" level="INFO">Clicking element '//a[@class="ng-scope"]'.</msg>
<status status="PASS" starttime="20210325 15:09:54.220" endtime="20210325 15:09:55.273"></status>
</kw>
<kw name="Click Element" library="Selenium2Library">
<doc>Click the element identified by ``locator``.</doc>
<arguments>
<arg>${BILLING_CYCLE}</arg>
</arguments>
<msg timestamp="20210325 15:09:55.274" level="INFO">Clicking element '//a[@translate="Billing Cycles"]'.</msg>
<status status="PASS" starttime="20210325 15:09:55.274" endtime="20210325 15:09:55.932"></status>
</kw>
<status status="PASS" starttime="20210325 15:09:53.665" endtime="20210325 15:09:55.932"></status>
</kw>
<kw name="Wait Until Page Contains" library="Selenium2Library">
<doc>Waits until ``text`` appears on the current page.</doc>
<arguments>
<arg>${CYCLE_NAME}</arg>
</arguments>
<status status="PASS" starttime="20210325 15:09:55.933" endtime="20210325 15:09:55.954"></status>
</kw>
<kw name="Element Should Contain" library="Selenium2Library">
<doc>Verifies that element ``locator`` contains text ``expected``.</doc>
<arguments>
<arg>${XPATH_TO_VERIFY_PERIODICITY}</arg>
<arg>${PERIODICITY}</arg>
</arguments>
<msg timestamp="20210325 15:09:55.999" level="INFO">Element '//td[@data-mobile-label="Periodicity"][1]' contains text 'Monthly'.</msg>
<status status="PASS" starttime="20210325 15:09:55.954" endtime="20210325 15:09:55.999"></status>
</kw>
<kw name="Element Should Contain" library="Selenium2Library">
<doc>Verifies that element ``locator`` contains text ``expected``.</doc>
<arguments>
<arg>${XPATH_TO_VERIFY_START_DATE}</arg>
<arg>${START_DATE}</arg>
</arguments>
<msg timestamp="20210325 15:09:56.048" level="INFO">Element '//td[@data-mobile-label="StartsDay"][1]' contains text '6'.</msg>
<status status="PASS" starttime="20210325 15:09:56.000" endtime="20210325 15:09:56.048"></status>
</kw>
<kw name="Element Should Contain" library="Selenium2Library">
<doc>Verifies that element ``locator`` contains text ``expected``.</doc>
<arguments>
<arg>${XPATH_TO_VERIFY_CUSTOMER_TYPE}</arg>
<arg>${CUSTOMER_TYPE}</arg>
</arguments>
<msg timestamp="20210325 15:09:56.090" level="INFO">Element '//td[@data-mobile-label="Customer Type"][1]' contains text 'Personal'.</msg>
<status status="PASS" starttime="20210325 15:09:56.048" endtime="20210325 15:09:56.091"></status>
</kw>
<status status="PASS" starttime="20210325 15:09:53.663" endtime="20210325 15:09:56.091"></status>
</kw>
<kw name="Auditing the new bill" library="Resource">
<arguments>
<arg>${CYCLE_NAME}</arg>
<arg>${CUSTOMER_TYPE}</arg>
</arguments>
<kw name="Audit click" library="Resource">
<kw name="Setup" library="Resource">
<kw name="Reload Page" library="Selenium2Library">
<doc>Simulates user reloading page.</doc>
<status status="PASS" starttime="20210325 15:09:56.094" endtime="20210325 15:09:56.514"></status>
</kw>
<kw name="Set Selenium Implicit Wait" library="Selenium2Library">
<doc>Sets the implicit wait value used by Selenium.</doc>
<arguments>
<arg>10s</arg>
</arguments>
<status status="PASS" starttime="20210325 15:09:56.514" endtime="20210325 15:09:56.516"></status>
</kw>
<kw name="Click Element" library="Selenium2Library">
<doc>Click the element identified by ``locator``.</doc>
<arguments>
<arg>${CONFIGURATION}</arg>
</arguments>
<msg timestamp="20210325 15:09:56.517" level="INFO">Clicking element '//a[@class="ng-scope"]'.</msg>
<status status="PASS" starttime="20210325 15:09:56.517" endtime="20210325 15:09:57.634"></status>
</kw>
<kw name="Click Element" library="Selenium2Library">
<doc>Click the element identified by ``locator``.</doc>
<arguments>
<arg>${BILLING_CYCLE}</arg>
</arguments>
<msg timestamp="20210325 15:09:57.635" level="INFO">Clicking element '//a[@translate="Billing Cycles"]'.</msg>
<status status="PASS" starttime="20210325 15:09:57.635" endtime="20210325 15:09:58.592"></status>
</kw>
<status status="PASS" starttime="20210325 15:09:56.094" endtime="20210325 15:09:58.593"></status>
</kw>
<kw name="Click Element" library="Selenium2Library">
<doc>Click the element identified by ``locator``.</doc>
<arguments>
<arg>${XPATH_TO_AUDIT_BUTTON}</arg>
</arguments>
<msg timestamp="20210325 15:09:58.593" level="INFO">Clicking element '//a[@ng-click="showAuditLog(item); $event.stopPropagation()"][1]'.</msg>
<status status="PASS" starttime="20210325 15:09:58.593" endtime="20210325 15:09:58.685"></status>
</kw>
<kw name="Set Selenium Implicit Wait" library="Selenium2Library">
<doc>Sets the implicit wait value used by Selenium.</doc>
<arguments>
<arg>10s</arg>
</arguments>
<status status="PASS" starttime="20210325 15:09:58.685" endtime="20210325 15:09:58.688"></status>
</kw>
<kw name="Click Element" library="Selenium2Library">
<doc>Click the element identified by ``locator``.</doc>
<arguments>
<arg>${XPATH_TO_DROPDOWN_BUTTON}</arg>
</arguments>
<msg timestamp="20210325 15:09:58.689" level="INFO">Clicking element '//*[text()='DCBS'][1]'.</msg>
<status status="PASS" starttime="20210325 15:09:58.688" endtime="20210325 15:09:59.110"></status>
</kw>
<kw name="Set Selenium Implicit Wait" library="Selenium2Library">
<doc>Sets the implicit wait value used by Selenium.</doc>
<arguments>
<arg>10s</arg>
</arguments>
<status status="PASS" starttime="20210325 15:09:59.110" endtime="20210325 15:09:59.113"></status>
</kw>
<status status="PASS" starttime="20210325 15:09:56.093" endtime="20210325 15:09:59.113"></status>
</kw>
<kw name="Wait Until Page Contains" library="Selenium2Library">
<doc>Waits until ``text`` appears on the current page.</doc>
<arguments>
<arg>${CYCLE_NAME}</arg>
</arguments>
<status status="PASS" starttime="20210325 15:09:59.113" endtime="20210325 15:09:59.132"></status>
</kw>
<kw name="Wait Until Page Contains" library="Selenium2Library">
<doc>Waits until ``text`` appears on the current page.</doc>
<arguments>
<arg>${CUSTOMER_TYPE}</arg>
</arguments>
<status status="PASS" starttime="20210325 15:09:59.132" endtime="20210325 15:09:59.160"></status>
</kw>
<status status="PASS" starttime="20210325 15:09:56.091" endtime="20210325 15:09:59.160"></status>
</kw>
<kw name="Editing section" library="Resource">
<arguments>
<arg>${NEW_CYCLE_NAME}</arg>
<arg>${NEW_CUSTOMER_TYPE}</arg>
<arg>${EXPECTED_TEXT_TO_VERIFY}</arg>
</arguments>
<kw name="Edit bill cycle" library="Resource">
<kw name="Setup" library="Resource">
<kw name="Reload Page" library="Selenium2Library">
<doc>Simulates user reloading page.</doc>
<status status="PASS" starttime="20210325 15:09:59.163" endtime="20210325 15:09:59.173"></status>
</kw>
<kw name="Set Selenium Implicit Wait" library="Selenium2Library">
<doc>Sets the implicit wait value used by Selenium.</doc>
<arguments>
<arg>10s</arg>
</arguments>
<status status="PASS" starttime="20210325 15:09:59.173" endtime="20210325 15:09:59.177"></status>
</kw>
<kw name="Click Element" library="Selenium2Library">
<doc>Click the element identified by ``locator``.</doc>
<arguments>
<arg>${CONFIGURATION}</arg>
</arguments>
<msg timestamp="20210325 15:09:59.178" level="INFO">Clicking element '//a[@class="ng-scope"]'.</msg>
<status status="PASS" starttime="20210325 15:09:59.177" endtime="20210325 15:10:00.636"></status>
</kw>
<kw name="Click Element" library="Selenium2Library">
<doc>Click the element identified by ``locator``.</doc>
<arguments>
<arg>${BILLING_CYCLE}</arg>
</arguments>
<msg timestamp="20210325 15:10:00.638" level="INFO">Clicking element '//a[@translate="Billing Cycles"]'.</msg>
<status status="PASS" starttime="20210325 15:10:00.637" endtime="20210325 15:10:01.340"></status>
</kw>
<status status="PASS" starttime="20210325 15:09:59.162" endtime="20210325 15:10:01.341"></status>
</kw>
<kw name="Click Element" library="Selenium2Library">
<doc>Click the element identified by ``locator``.</doc>
<arguments>
<arg>${EDIT_BILL_BUTTON}</arg>
</arguments>
<msg timestamp="20210325 15:10:01.341" level="INFO">Clicking element '//a[@is-allowed="ngb.fe.billingConfigurations.billCycle.edit"]'.</msg>
<status status="PASS" starttime="20210325 15:10:01.341" endtime="20210325 15:10:01.450"></status>
</kw>
<status status="PASS" starttime="20210325 15:09:59.162" endtime="20210325 15:10:01.451"></status>
</kw>
<kw name="Input Text" library="Selenium2Library">
<doc>Types the given ``text`` into the text field identified by ``locator``.</doc>
<arguments>
<arg>${XPATH_TO_CYCLE_NAME_TEXTBOX}</arg>
<arg>${NEW_CYCLE_NAME}</arg>
</arguments>
<msg timestamp="20210325 15:10:01.452" level="INFO">Typing text '86C7yq6hYufTYV1' into text field '//input[@name="configname"]'.</msg>
<status status="PASS" starttime="20210325 15:10:01.451" endtime="20210325 15:10:01.773"></status>
</kw>
<kw name="Select From List By Label" library="Selenium2Library">
<doc>Selects options from selection list ``locator`` by ``labels``.</doc>
<arguments>
<arg>${XPATH_TO_CUSTOMER_TYPE_TEXTBOX}</arg>
<arg>${NEW_CUSTOMER_TYPE}</arg>
</arguments>
<msg timestamp="20210325 15:10:01.774" level="INFO">Selecting options from selection list '//select[@name='customerType']' by label Corporate.</msg>
<status status="PASS" starttime="20210325 15:10:01.773" endtime="20210325 15:10:01.894"></status>
</kw>
<kw name="Click Element" library="Selenium2Library">
<doc>Click the element identified by ``locator``.</doc>
<arguments>
<arg>${SAVE}</arg>
</arguments>
<msg timestamp="20210325 15:10:01.895" level="INFO">Clicking element '//*[text()='Save']'.</msg>
<status status="PASS" starttime="20210325 15:10:01.895" endtime="20210325 15:10:01.975"></status>
</kw>
<kw name="Wait Until Page Contains" library="Selenium2Library">
<doc>Waits until ``text`` appears on the current page.</doc>
<arguments>
<arg>${${EXPECTED_TEXT_TO_VERIFY}}</arg>
</arguments>
<status status="PASS" starttime="20210325 15:10:01.975" endtime="20210325 15:10:02.247"></status>
</kw>
<kw name="Reload Page" library="Selenium2Library">
<doc>Simulates user reloading page.</doc>
<status status="PASS" starttime="20210325 15:10:02.247" endtime="20210325 15:10:02.761"></status>
</kw>
<status status="PASS" starttime="20210325 15:09:59.160" endtime="20210325 15:10:02.762"></status>
</kw>
<status status="PASS" starttime="20210325 15:09:53.661" endtime="20210325 15:10:02.762"></status>
</kw>
<status status="PASS" starttime="20210325 15:09:53.660" endtime="20210325 15:10:02.762"></status>
</kw>
<kw name="Run Keyword If" library="BuiltIn">
<doc>Runs the given keyword with the given arguments, if ``condition`` is true.</doc>
<arguments>
<arg>'${EXPECTED_TEXT_TO_VERIFY}'=='Pass'</arg>
<arg>Edit Verification and Audit</arg>
<arg>${NEW_CYCLE_NAME}</arg>
<arg>${NEW_CUSTOMER_TYPE}</arg>
<arg>${CYCLE_NAME}</arg>
<arg>${CUSTOMER_TYPE}</arg>
</arguments>
<kw name="Edit Verification and Audit" library="Resource">
<arguments>
<arg>${NEW_CYCLE_NAME}</arg>
<arg>${NEW_CUSTOMER_TYPE}</arg>
<arg>${CYCLE_NAME}</arg>
<arg>${CUSTOMER_TYPE}</arg>
</arguments>
<kw name="Edit verification" library="Resource">
<arguments>
<arg>${NEW_CYCLE_NAME}</arg>
<arg>${NEW_CUSTOMER_TYPE}</arg>
</arguments>
<kw name="Setup" library="Resource">
<kw name="Reload Page" library="Selenium2Library">
<doc>Simulates user reloading page.</doc>
<status status="PASS" starttime="20210325 15:10:02.766" endtime="20210325 15:10:03.228"></status>
</kw>
<kw name="Set Selenium Implicit Wait" library="Selenium2Library">
<doc>Sets the implicit wait value used by Selenium.</doc>
<arguments>
<arg>10s</arg>
</arguments>
<status status="PASS" starttime="20210325 15:10:03.228" endtime="20210325 15:10:03.231"></status>
</kw>
<kw name="Click Element" library="Selenium2Library">
<doc>Click the element identified by ``locator``.</doc>
<arguments>
<arg>${CONFIGURATION}</arg>
</arguments>
<msg timestamp="20210325 15:10:03.232" level="INFO">Clicking element '//a[@class="ng-scope"]'.</msg>
<status status="PASS" starttime="20210325 15:10:03.231" endtime="20210325 15:10:04.342"></status>
</kw>
<kw name="Click Element" library="Selenium2Library">
<doc>Click the element identified by ``locator``.</doc>
<arguments>
<arg>${BILLING_CYCLE}</arg>
</arguments>
<msg timestamp="20210325 15:10:04.343" level="INFO">Clicking element '//a[@translate="Billing Cycles"]'.</msg>
<status status="PASS" starttime="20210325 15:10:04.342" endtime="20210325 15:10:06.441"></status>
</kw>
<status status="PASS" starttime="20210325 15:10:02.764" endtime="20210325 15:10:06.441"></status>
</kw>
<kw name="Element Should Contain" library="Selenium2Library">
<doc>Verifies that element ``locator`` contains text ``expected``.</doc>
<arguments>
<arg>${XPATH_TO_VERIFY_NAME}</arg>
<arg>${NEW_CYCLE_NAME}</arg>
</arguments>
<msg timestamp="20210325 15:10:06.489" level="INFO">Element '//td[@data-role="name"]' contains text '86C7yq6hYufTYV1'.</msg>
<status status="PASS" starttime="20210325 15:10:06.442" endtime="20210325 15:10:06.489"></status>
</kw>
<kw name="Element Should Contain" library="Selenium2Library">
<doc>Verifies that element ``locator`` contains text ``expected``.</doc>
<arguments>
<arg>${XPATH_TO_VERIFY_CUSTOMER_TYPE}</arg>
<arg>${NEW_CUSTOMER_TYPE}</arg>
</arguments>
<msg timestamp="20210325 15:10:06.526" level="INFO">Element '//td[@data-mobile-label="Customer Type"][1]' contains text 'Corporate'.</msg>
<status status="PASS" starttime="20210325 15:10:06.489" endtime="20210325 15:10:06.526"></status>
</kw>
<status status="PASS" starttime="20210325 15:10:02.764" endtime="20210325 15:10:06.527"></status>
</kw>
<kw name="Audit check of edited bill" library="Resource">
<arguments>
<arg>${NEW_CYCLE_NAME}</arg>
<arg>${NEW_CUSTOMER_TYPE}</arg>
<arg>${CYCLE_NAME}</arg>
<arg>${CUSTOMER_TYPE}</arg>
</arguments>
<kw name="Audit click" library="Resource">
<kw name="Setup" library="Resource">
<kw name="Reload Page" library="Selenium2Library">
<doc>Simulates user reloading page.</doc>
<status status="PASS" starttime="20210325 15:10:06.530" endtime="20210325 15:10:06.538"></status>
</kw>
<kw name="Set Selenium Implicit Wait" library="Selenium2Library">
<doc>Sets the implicit wait value used by Selenium.</doc>
<arguments>
<arg>10s</arg>
</arguments>
<status status="PASS" starttime="20210325 15:10:06.539" endtime="20210325 15:10:06.542"></status>
</kw>
<kw name="Click Element" library="Selenium2Library">
<doc>Click the element identified by ``locator``.</doc>
<arguments>
<arg>${CONFIGURATION}</arg>
</arguments>
<msg timestamp="20210325 15:10:06.542" level="INFO">Clicking element '//a[@class="ng-scope"]'.</msg>
<status status="PASS" starttime="20210325 15:10:06.542" endtime="20210325 15:10:08.089"></status>
</kw>
<kw name="Click Element" library="Selenium2Library">
<doc>Click the element identified by ``locator``.</doc>
<arguments>
<arg>${BILLING_CYCLE}</arg>
</arguments>
<msg timestamp="20210325 15:10:08.089" level="INFO">Clicking element '//a[@translate="Billing Cycles"]'.</msg>
<status status="PASS" starttime="20210325 15:10:08.089" endtime="20210325 15:10:08.999"></status>
</kw>
<status status="PASS" starttime="20210325 15:10:06.530" endtime="20210325 15:10:08.999"></status>
</kw>
<kw name="Click Element" library="Selenium2Library">
<doc>Click the element identified by ``locator``.</doc>
<arguments>
<arg>${XPATH_TO_AUDIT_BUTTON}</arg>
</arguments>
<msg timestamp="20210325 15:10:09.000" level="INFO">Clicking element '//a[@ng-click="showAuditLog(item); $event.stopPropagation()"][1]'.</msg>
<status status="PASS" starttime="20210325 15:10:09.000" endtime="20210325 15:10:09.086"></status>
</kw>
<kw name="Set Selenium Implicit Wait" library="Selenium2Library">
<doc>Sets the implicit wait value used by Selenium.</doc>
<arguments>
<arg>10s</arg>
</arguments>
<status status="PASS" starttime="20210325 15:10:09.086" endtime="20210325 15:10:09.089"></status>
</kw>
<kw name="Click Element" library="Selenium2Library">
<doc>Click the element identified by ``locator``.</doc>
<arguments>
<arg>${XPATH_TO_DROPDOWN_BUTTON}</arg>
</arguments>
<msg timestamp="20210325 15:10:09.090" level="INFO">Clicking element '//*[text()='DCBS'][1]'.</msg>
<status status="PASS" starttime="20210325 15:10:09.089" endtime="20210325 15:10:09.600"></status>
</kw>
<kw name="Set Selenium Implicit Wait" library="Selenium2Library">
<doc>Sets the implicit wait value used by Selenium.</doc>
<arguments>
<arg>10s</arg>
</arguments>
<status status="PASS" starttime="20210325 15:10:09.600" endtime="20210325 15:10:09.603"></status>
</kw>
<status status="PASS" starttime="20210325 15:10:06.529" endtime="20210325 15:10:09.603"></status>
</kw>
<kw name="Wait Until Page Contains" library="Selenium2Library">
<doc>Waits until ``text`` appears on the current page.</doc>
<arguments>
<arg>${NEW_CYCLE_NAME}</arg>
</arguments>
<status status="PASS" starttime="20210325 15:10:09.603" endtime="20210325 15:10:09.624"></status>
</kw>
<kw name="Wait Until Page Contains" library="Selenium2Library">
<doc>Waits until ``text`` appears on the current page.</doc>
<arguments>
<arg>${NEW_CUSTOMER_TYPE}</arg>
</arguments>
<status status="PASS" starttime="20210325 15:10:09.625" endtime="20210325 15:10:09.650"></status>
</kw>
<kw name="Wait Until Page Contains" library="Selenium2Library">
<doc>Waits until ``text`` appears on the current page.</doc>
<arguments>
<arg>${CYCLE_NAME}</arg>
</arguments>
<status status="PASS" starttime="20210325 15:10:09.651" endtime="20210325 15:10:09.672"></status>
</kw>
<kw name="Wait Until Page Contains" library="Selenium2Library">
<doc>Waits until ``text`` appears on the current page.</doc>
<arguments>
<arg>${CUSTOMER_TYPE}</arg>
</arguments>
<status status="PASS" starttime="20210325 15:10:09.672" endtime="20210325 15:10:09.700"></status>
</kw>
<status status="PASS" starttime="20210325 15:10:06.527" endtime="20210325 15:10:09.700"></status>
</kw>
<status status="PASS" starttime="20210325 15:10:02.763" endtime="20210325 15:10:09.700"></status>
</kw>
<status status="PASS" starttime="20210325 15:10:02.762" endtime="20210325 15:10:09.700"></status>
</kw>
<status status="PASS" starttime="20210325 15:09:50.154" endtime="20210325 15:10:09.701"></status>
</kw>
<status status="PASS" starttime="20210325 15:09:50.153" endtime="20210325 15:10:09.701" critical="yes"></status>
</test>
<kw name="Close Browsers" library="Resource" type="teardown">
<kw name="Close All Browsers" library="Selenium2Library">
<doc>Closes all open browsers and resets the browser cache.</doc>
<status status="PASS" starttime="20210325 15:10:09.703" endtime="20210325 15:10:12.044"></status>
</kw>
<status status="PASS" starttime="20210325 15:10:09.702" endtime="20210325 15:10:12.044"></status>
</kw>
<status status="PASS" starttime="20210325 15:08:29.549" endtime="20210325 15:10:12.044"></status>
</suite>
<statistics>
<total>
<stat pass="5" fail="0">Critical Tests</stat>
<stat pass="5" fail="0">All Tests</stat>
</total>
<tag>
</tag>
<suite>
<stat pass="5" fail="0" id="s1" name="Runner">Runner</stat>
</suite>
</statistics>
<errors>
<msg timestamp="20210325 15:09:15.187" level="WARN">Multiple test cases with name 'first test' executed in test suite 'Runner'.</msg>
<msg timestamp="20210325 15:09:33.627" level="WARN">Multiple test cases with name 'first test' executed in test suite 'Runner'.</msg>
<msg timestamp="20210325 15:09:46.600" level="WARN">Multiple test cases with name 'first test' executed in test suite 'Runner'.</msg>
<msg timestamp="20210325 15:09:50.152" level="WARN">Multiple test cases with name 'first test' executed in test suite 'Runner'.</msg>
</errors>
</robot>
